Using pre-set license
Built from '2021.3/staging' branch; Version is '2021.3.25f1 (68ef2c4f8861) revision 6876972'; Using compiler version '192829333'; Build Type 'Release'
OS: 'Windows 11  (10.0.22621) 64bit Professional' Language: 'ko' Physical Memory: 16055 MB
BatchMode: 1, IsHumanControllingUs: 0, StartBugReporterOnCrash: 0, Is64bit: 1, IsPro: 1

COMMAND LINE ARGUMENTS:
C:\Program Files\Unity\Hub\Editor\2021.3.25f1\Editor\Unity.exe
-adb2
-batchMode
-noUpm
-name
AssetImportWorker21
-projectPath
C:/Users/won12/OneDrive/ë¬¸ì„œ/GitHub/Racing-Game-Project/Racing Game Project
-logFile
Logs/AssetImportWorker21.log
-srvPort
65332
Successfully changed project path to: C:/Users/won12/OneDrive/ë¬¸ì„œ/GitHub/Racing-Game-Project/Racing Game Project
C:/Users/won12/OneDrive/ë¬¸ì„œ/GitHub/Racing-Game-Project/Racing Game Project
[UnityMemory] Configuration Parameters - Can be set up in boot.config
    "memorysetup-bucket-allocator-granularity=16"
    "memorysetup-bucket-allocator-bucket-count=8"
    "memorysetup-bucket-allocator-block-size=33554432"
    "memorysetup-bucket-allocator-block-count=8"
    "memorysetup-main-allocator-block-size=16777216"
    "memorysetup-thread-allocator-block-size=16777216"
    "memorysetup-gfx-main-allocator-block-size=16777216"
    "memorysetup-gfx-thread-allocator-block-size=16777216"
    "memorysetup-cache-allocator-block-size=4194304"
    "memorysetup-typetree-allocator-block-size=2097152"
    "memorysetup-profiler-bucket-allocator-granularity=16"
    "memorysetup-profiler-bucket-allocator-bucket-count=8"
    "memorysetup-profiler-bucket-allocator-block-size=33554432"
    "memorysetup-profiler-bucket-allocator-block-count=8"
    "memorysetup-profiler-allocator-block-size=16777216"
    "memorysetup-profiler-editor-allocator-block-size=1048576"
    "memorysetup-temp-allocator-size-main=16777216"
    "memorysetup-job-temp-allocator-block-size=2097152"
    "memorysetup-job-temp-allocator-block-size-background=1048576"
    "memorysetup-job-temp-allocator-reduction-small-platforms=262144"
    "memorysetup-temp-allocator-size-background-worker=32768"
    "memorysetup-temp-allocator-size-job-worker=262144"
    "memorysetup-temp-allocator-size-preload-manager=33554432"
    "memorysetup-temp-allocator-size-nav-mesh-worker=65536"
    "memorysetup-temp-allocator-size-audio-worker=65536"
    "memorysetup-temp-allocator-size-cloud-worker=32768"
    "memorysetup-temp-allocator-size-gi-baking-worker=262144"
    "memorysetup-temp-allocator-size-gfx=262144"
Player connection [119004] Host "[IP] 192.168.20.18 [Port] 0 [Flags] 2 [Guid] 1048068973 [EditorId] 1048068973 [Version] 1048832 [Id] WindowsEditor(7,À×ÇÊ¿øÀÌ) [Debug] 1 [PackageName] WindowsEditor [ProjectName] Editor" joined multi-casting on [225.0.0.222:54997]...

Player connection [119004] Host "[IP] 192.168.20.18 [Port] 0 [Flags] 2 [Guid] 1048068973 [EditorId] 1048068973 [Version] 1048832 [Id] WindowsEditor(7,À×ÇÊ¿øÀÌ) [Debug] 1 [PackageName] WindowsEditor [ProjectName] Editor" joined alternative multi-casting on [225.0.0.222:34997]...

Refreshing native plugins compatible for Editor in 72.91 ms, found 3 plugins.
Preloading 0 native plugins for Editor in 0.00 ms.
Initialize engine version: 2021.3.25f1 (68ef2c4f8861)
[Subsystems] Discovering subsystems at path C:/Program Files/Unity/Hub/Editor/2021.3.25f1/Editor/Data/Resources/UnitySubsystems
[Subsystems] Discovering subsystems at path C:/Users/won12/OneDrive/ë¬¸ì„œ/GitHub/Racing-Game-Project/Racing Game Project/Assets
GfxDevice: creating device client; threaded=0; jobified=0
Direct3D:
    Version:  Direct3D 11.0 [level 11.1]
    Renderer: NVIDIA GeForce RTX 3050 Ti Laptop GPU (ID=0x25a0)
    Vendor:   NVIDIA
    VRAM:     3978 MB
    Driver:   31.0.15.4609
Initialize mono
Mono path[0] = 'C:/Program Files/Unity/Hub/Editor/2021.3.25f1/Editor/Data/Managed'
Mono path[1] = 'C:/Program Files/Unity/Hub/Editor/2021.3.25f1/Editor/Data/MonoBleedingEdge/lib/mono/unityjit-win32'
Mono config path = 'C:/Program Files/Unity/Hub/Editor/2021.3.25f1/Editor/Data/MonoBleedingEdge/etc'
Using monoOptions --debugger-agent=transport=dt_socket,embedding=1,server=y,suspend=n,address=127.0.0.1:56704
Begin MonoManager ReloadAssembly
Registering precompiled unity dll's ...
Register platform support module: C:/Program Files/Unity/Hub/Editor/2021.3.25f1/Editor/Data/PlaybackEngines/AndroidPlayer/UnityEditor.Android.Extensions.dll
Register platform support module: C:/Program Files/Unity/Hub/Editor/2021.3.25f1/Editor/Data/PlaybackEngines/WindowsStandaloneSupport/UnityEditor.WindowsStandalone.Extensions.dll
Registered in 0.006431 seconds.
Native extension for WindowsStandalone target not found
Native extension for Android target not found
Android Extension - Scanning For ADB Devices 603 ms
Refreshing native plugins compatible for Editor in 64.30 ms, found 3 plugins.
Preloading 0 native plugins for Editor in 0.00 ms.
Mono: successfully reloaded assembly
- Completed reload, in  1.250 seconds
Domain Reload Profiling:
	ReloadAssembly (1250ms)
		BeginReloadAssembly (104ms)
			ExecutionOrderSort (0ms)
			DisableScriptedObjects (0ms)
			BackupInstance (0ms)
			ReleaseScriptingObjects (0ms)
			CreateAndSetChildDomain (1ms)
		EndReloadAssembly (1054ms)
			LoadAssemblies (102ms)
			RebuildTransferFunctionScriptingTraits (0ms)
			SetupTypeCache (96ms)
			ReleaseScriptCaches (0ms)
			RebuildScriptCaches (25ms)
			SetupLoadedEditorAssemblies (885ms)
				LogAssemblyErrors (0ms)
				InitializePlatformSupportModulesInManaged (695ms)
				SetLoadedEditorAssemblies (0ms)
				RefreshPlugins (64ms)
				BeforeProcessingInitializeOnLoad (1ms)
				ProcessInitializeOnLoadAttributes (77ms)
				ProcessInitializeOnLoadMethodAttributes (47ms)
				AfterProcessingInitializeOnLoad (0ms)
				EditorAssembliesLoaded (0ms)
			ExecutionOrderSort2 (0ms)
			AwakeInstancesAfterBackupRestoration (0ms)
Platform modules already initialized, skipping
Registering precompiled user dll's ...
Registered in 0.007839 seconds.
Begin MonoManager ReloadAssembly
Symbol file LoadedFromMemory doesn't match image C:\Users\won12\OneDrive\ë¬¸ì„œ\GitHub\Racing-Game-Project\Racing Game Project\Library\PackageCache\com.unity.visualscripting@1.8.0\Editor\VisualScripting.Core\Dependencies\YamlDotNet\Unity.VisualScripting.YamlDotNet.dll
Symbol file LoadedFromMemory doesn't match image C:\Users\won12\OneDrive\ë¬¸ì„œ\GitHub\Racing-Game-Project\Racing Game Project\Library\PackageCache\com.unity.visualscripting@1.8.0\Editor\VisualScripting.Core\Dependencies\DotNetZip\Unity.VisualScripting.IonicZip.dll
Native extension for WindowsStandalone target not found
Native extension for Android target not found
Refreshing native plugins compatible for Editor in 0.42 ms, found 3 plugins.
Preloading 0 native plugins for Editor in 0.00 ms.
Mono: successfully reloaded assembly
- Completed reload, in  0.920 seconds
Domain Reload Profiling:
	ReloadAssembly (921ms)
		BeginReloadAssembly (124ms)
			ExecutionOrderSort (0ms)
			DisableScriptedObjects (5ms)
			BackupInstance (0ms)
			ReleaseScriptingObjects (0ms)
			CreateAndSetChildDomain (18ms)
		EndReloadAssembly (693ms)
			LoadAssemblies (98ms)
			RebuildTransferFunctionScriptingTraits (0ms)
			SetupTypeCache (233ms)
			ReleaseScriptCaches (0ms)
			RebuildScriptCaches (42ms)
			SetupLoadedEditorAssemblies (300ms)
				LogAssemblyErrors (0ms)
				InitializePlatformSupportModulesInManaged (18ms)
				SetLoadedEditorAssemblies (0ms)
				RefreshPlugins (0ms)
				BeforeProcessingInitializeOnLoad (70ms)
				ProcessInitializeOnLoadAttributes (186ms)
				ProcessInitializeOnLoadMethodAttributes (16ms)
				AfterProcessingInitializeOnLoad (7ms)
				EditorAssembliesLoaded (0ms)
			ExecutionOrderSort2 (0ms)
			AwakeInstancesAfterBackupRestoration (12ms)
Platform modules already initialized, skipping
========================================================================
Worker process is ready to serve import requests
Launched and connected shader compiler UnityShaderCompiler.exe after 0.06 seconds
Refreshing native plugins compatible for Editor in 0.43 ms, found 3 plugins.
Preloading 0 native plugins for Editor in 0.00 ms.
Unloading 3051 Unused Serialized files (Serialized files now loaded: 0)
Unloading 22 unused Assets / (284.3 KB). Loaded Objects now: 3535.
Memory consumption went from 126.0 MB to 125.7 MB.
Total: 2.987000 ms (FindLiveObjects: 0.204400 ms CreateObjectMapping: 0.082900 ms MarkObjects: 2.627600 ms  DeleteObjects: 0.071200 ms)

AssetImportParameters requested are different than current active one (requested -> active):
  custom:video-decoder-ogg-theora: a1e56fd34408186e4bbccfd4996cb3dc -> 
  custom:container-muxer-webm: aa71ff27fc2769a1b78a27578f13a17b -> 
  custom:container-demuxer-webm: 4f35f7cbe854078d1ac9338744f61a02 -> 
  custom:video-encoder-webm-vp8: eb34c28f22e8b96e1ab97ce403110664 -> 
  custom:video-codec-MediaFoundation-h265: 746d11721c4dcdbdad8f713fa42b33f4 -> 
  custom:audio-encoder-webm-vorbis: bf7c407c2cedff20999df2af8eb42d56 -> 
  custom:framework-win-MediaFoundation: 216162199b28c13a410421893ffa2e32 -> 
  custom:container-demuxer-ogg: 62fdf1f143b41e24485cea50d1cbac27 -> 
  custom:video-decoder-webm-vp8: 9c59270c3fd7afecdb556c50c9e8de78 -> 
  custom:audio-decoder-ogg-vorbis: bf7c407c2cedff20999df2af8eb42d56 -> 
========================================================================
Received Import Request.
  Time since last request: 1665584.103428 seconds.
  path: Assets/0. Asset/3. Building/0. Desert Building/Meshes/Desert_Village_Dryer.fbx
  artifactKey: Guid(6c4d5d07bf347e84ead0616c95caba9f) Importer(815301076,1909f56bfc062723c751e8b465ee728b)
Start importing Assets/0. Asset/3. Building/0. Desert Building/Meshes/Desert_Village_Dryer.fbx using Guid(6c4d5d07bf347e84ead0616c95caba9f) Importer(815301076,1909f56bfc062723c751e8b465ee728b)  -> (artifact id: '5bbb5679ead3bcf55e6c373fbe332526') in 0.342137 seconds 
========================================================================
Received Import Request.
  Time since last request: 0.000031 seconds.
  path: Assets/0. Asset/3. Building/0. Desert Building/Meshes/Desert_Village_Palm_1.fbx
  artifactKey: Guid(bbcdd04da997456489cd85403a789493) Importer(815301076,1909f56bfc062723c751e8b465ee728b)
Start importing Assets/0. Asset/3. Building/0. Desert Building/Meshes/Desert_Village_Palm_1.fbx using Guid(bbcdd04da997456489cd85403a789493) Importer(815301076,1909f56bfc062723c751e8b465ee728b)  -> (artifact id: '123e43969b8020bcd8b467b8e283f34c') in 0.091424 seconds 
========================================================================
Received Import Request.
  Time since last request: 4.181534 seconds.
  path: Assets/0. Asset/3. Building/0. Desert Building/Materials/M_Lamp_Base.mat
  artifactKey: Guid(0dd06576413083c4c9c896b9b26ccf8b) Importer(815301076,1909f56bfc062723c751e8b465ee728b)
Start importing Assets/0. Asset/3. Building/0. Desert Building/Materials/M_Lamp_Base.mat using Guid(0dd06576413083c4c9c896b9b26ccf8b) Importer(815301076,1909f56bfc062723c751e8b465ee728b)  -> (artifact id: '576cbae219f6dfa1542b06ef2d6e05d6') in 0.096129 seconds 
========================================================================
Received Import Request.
  Time since last request: 0.000036 seconds.
  path: Assets/0. Asset/3. Building/0. Desert Building/Materials/M_Towel_Yellow.mat
  artifactKey: Guid(cfb7ec0465795eb4481b80fc8d535879) Importer(815301076,1909f56bfc062723c751e8b465ee728b)
Start importing Assets/0. Asset/3. Building/0. Desert Building/Materials/M_Towel_Yellow.mat using Guid(cfb7ec0465795eb4481b80fc8d535879) Importer(815301076,1909f56bfc062723c751e8b465ee728b)  -> (artifact id: '0d406bb5304114977d6587c9431a19b4') in 0.027080 seconds 
========================================================================
Received Import Request.
  Time since last request: 13.189515 seconds.
  path: Assets/0. Asset/3. Building/0. Desert Building/Scene/Desert_Village/Lightmap-1_comp_dir.png
  artifactKey: Guid(12d0843f93412564183050f369dee834) Importer(815301076,1909f56bfc062723c751e8b465ee728b)
Start importing Assets/0. Asset/3. Building/0. Desert Building/Scene/Desert_Village/Lightmap-1_comp_dir.png using Guid(12d0843f93412564183050f369dee834) Importer(815301076,1909f56bfc062723c751e8b465ee728b)  -> (artifact id: '1b7b771d3b2b323ea7d7e475f6d87af0') in 0.102796 seconds 
========================================================================
Received Import Request.
  Time since last request: 0.000050 seconds.
  path: Assets/0. Asset/3. Building/0. Desert Building/Scene/Desert_Village/Lightmap-3_comp_dir.png
  artifactKey: Guid(7750f4d858bcc784cb14deea4e6de3b8) Importer(815301076,1909f56bfc062723c751e8b465ee728b)
Start importing Assets/0. Asset/3. Building/0. Desert Building/Scene/Desert_Village/Lightmap-3_comp_dir.png using Guid(7750f4d858bcc784cb14deea4e6de3b8) Importer(815301076,1909f56bfc062723c751e8b465ee728b)  -> (artifact id: '2f53f4b6f5c20a73dc271c6d5414c7c1') in 0.044894 seconds 
========================================================================
Received Import Request.
  Time since last request: 0.000066 seconds.
  path: Assets/0. Asset/3. Building/0. Desert Building/Scene/Desert_Village/Lightmap-2_comp_light.exr
  artifactKey: Guid(03de9b271c5f9514fb93d80673c039a5) Importer(815301076,1909f56bfc062723c751e8b465ee728b)
Start importing Assets/0. Asset/3. Building/0. Desert Building/Scene/Desert_Village/Lightmap-2_comp_light.exr using Guid(03de9b271c5f9514fb93d80673c039a5) Importer(815301076,1909f56bfc062723c751e8b465ee728b)  -> (artifact id: 'c81302cef9050e3e5f0c85d051fbaa3f') in 0.073327 seconds 
Editor requested this worker to shutdown with reason: Scaling down because of idle timeout
AssetImportWorker is now disconnected from the server
Process exiting
Exiting without the bug reporter. Application will terminate with return code 0