Using pre-set license
Built from '2021.3/staging' branch; Version is '2021.3.25f1 (68ef2c4f8861) revision 6876972'; Using compiler version '192829333'; Build Type 'Release'
OS: 'Windows 11  (10.0.22621) 64bit Professional' Language: 'ko' Physical Memory: 16055 MB
BatchMode: 1, IsHumanControllingUs: 0, StartBugReporterOnCrash: 0, Is64bit: 1, IsPro: 1

COMMAND LINE ARGUMENTS:
C:\Program Files\Unity\Hub\Editor\2021.3.25f1\Editor\Unity.exe
-adb2
-batchMode
-noUpm
-name
AssetImportWorker28
-projectPath
C:/Users/won12/OneDrive/ë¬¸ì„œ/GitHub/Racing-Game-Project/Racing Game Project
-logFile
Logs/AssetImportWorker28.log
-srvPort
65332
Successfully changed project path to: C:/Users/won12/OneDrive/ë¬¸ì„œ/GitHub/Racing-Game-Project/Racing Game Project
C:/Users/won12/OneDrive/ë¬¸ì„œ/GitHub/Racing-Game-Project/Racing Game Project
[UnityMemory] Configuration Parameters - Can be set up in boot.config
    "memorysetup-bucket-allocator-granularity=16"
    "memorysetup-bucket-allocator-bucket-count=8"
    "memorysetup-bucket-allocator-block-size=33554432"
    "memorysetup-bucket-allocator-block-count=8"
    "memorysetup-main-allocator-block-size=16777216"
    "memorysetup-thread-allocator-block-size=16777216"
    "memorysetup-gfx-main-allocator-block-size=16777216"
    "memorysetup-gfx-thread-allocator-block-size=16777216"
    "memorysetup-cache-allocator-block-size=4194304"
    "memorysetup-typetree-allocator-block-size=2097152"
    "memorysetup-profiler-bucket-allocator-granularity=16"
    "memorysetup-profiler-bucket-allocator-bucket-count=8"
    "memorysetup-profiler-bucket-allocator-block-size=33554432"
    "memorysetup-profiler-bucket-allocator-block-count=8"
    "memorysetup-profiler-allocator-block-size=16777216"
    "memorysetup-profiler-editor-allocator-block-size=1048576"
    "memorysetup-temp-allocator-size-main=16777216"
    "memorysetup-job-temp-allocator-block-size=2097152"
    "memorysetup-job-temp-allocator-block-size-background=1048576"
    "memorysetup-job-temp-allocator-reduction-small-platforms=262144"
    "memorysetup-temp-allocator-size-background-worker=32768"
    "memorysetup-temp-allocator-size-job-worker=262144"
    "memorysetup-temp-allocator-size-preload-manager=33554432"
    "memorysetup-temp-allocator-size-nav-mesh-worker=65536"
    "memorysetup-temp-allocator-size-audio-worker=65536"
    "memorysetup-temp-allocator-size-cloud-worker=32768"
    "memorysetup-temp-allocator-size-gi-baking-worker=262144"
    "memorysetup-temp-allocator-size-gfx=262144"
Player connection [118728] Host "[IP] 192.168.20.18 [Port] 0 [Flags] 2 [Guid] 2284369624 [EditorId] 2284369624 [Version] 1048832 [Id] WindowsEditor(7,À×ÇÊ¿øÀÌ) [Debug] 1 [PackageName] WindowsEditor [ProjectName] Editor" joined multi-casting on [225.0.0.222:54997]...

Player connection [118728] Host "[IP] 192.168.20.18 [Port] 0 [Flags] 2 [Guid] 2284369624 [EditorId] 2284369624 [Version] 1048832 [Id] WindowsEditor(7,À×ÇÊ¿øÀÌ) [Debug] 1 [PackageName] WindowsEditor [ProjectName] Editor" joined alternative multi-casting on [225.0.0.222:34997]...

Refreshing native plugins compatible for Editor in 114.44 ms, found 3 plugins.
Preloading 0 native plugins for Editor in 0.00 ms.
Initialize engine version: 2021.3.25f1 (68ef2c4f8861)
[Subsystems] Discovering subsystems at path C:/Program Files/Unity/Hub/Editor/2021.3.25f1/Editor/Data/Resources/UnitySubsystems
[Subsystems] Discovering subsystems at path C:/Users/won12/OneDrive/ë¬¸ì„œ/GitHub/Racing-Game-Project/Racing Game Project/Assets
GfxDevice: creating device client; threaded=0; jobified=0
Direct3D:
    Version:  Direct3D 11.0 [level 11.1]
    Renderer: NVIDIA GeForce RTX 3050 Ti Laptop GPU (ID=0x25a0)
    Vendor:   NVIDIA
    VRAM:     3978 MB
    Driver:   31.0.15.4609
Initialize mono
Mono path[0] = 'C:/Program Files/Unity/Hub/Editor/2021.3.25f1/Editor/Data/Managed'
Mono path[1] = 'C:/Program Files/Unity/Hub/Editor/2021.3.25f1/Editor/Data/MonoBleedingEdge/lib/mono/unityjit-win32'
Mono config path = 'C:/Program Files/Unity/Hub/Editor/2021.3.25f1/Editor/Data/MonoBleedingEdge/etc'
Using monoOptions --debugger-agent=transport=dt_socket,embedding=1,server=y,suspend=n,address=127.0.0.1:56444
Begin MonoManager ReloadAssembly
Registering precompiled unity dll's ...
Register platform support module: C:/Program Files/Unity/Hub/Editor/2021.3.25f1/Editor/Data/PlaybackEngines/AndroidPlayer/UnityEditor.Android.Extensions.dll
Register platform support module: C:/Program Files/Unity/Hub/Editor/2021.3.25f1/Editor/Data/PlaybackEngines/WindowsStandaloneSupport/UnityEditor.WindowsStandalone.Extensions.dll
Registered in 0.006925 seconds.
Native extension for WindowsStandalone target not found
Native extension for Android target not found
Android Extension - Scanning For ADB Devices 528 ms
Refreshing native plugins compatible for Editor in 80.87 ms, found 3 plugins.
Preloading 0 native plugins for Editor in 0.00 ms.
Mono: successfully reloaded assembly
- Completed reload, in  1.361 seconds
Domain Reload Profiling:
	ReloadAssembly (1362ms)
		BeginReloadAssembly (102ms)
			ExecutionOrderSort (0ms)
			DisableScriptedObjects (0ms)
			BackupInstance (0ms)
			ReleaseScriptingObjects (0ms)
			CreateAndSetChildDomain (1ms)
		EndReloadAssembly (1152ms)
			LoadAssemblies (101ms)
			RebuildTransferFunctionScriptingTraits (0ms)
			SetupTypeCache (124ms)
			ReleaseScriptCaches (0ms)
			RebuildScriptCaches (45ms)
			SetupLoadedEditorAssemblies (904ms)
				LogAssemblyErrors (0ms)
				InitializePlatformSupportModulesInManaged (636ms)
				SetLoadedEditorAssemblies (0ms)
				RefreshPlugins (81ms)
				BeforeProcessingInitializeOnLoad (2ms)
				ProcessInitializeOnLoadAttributes (100ms)
				ProcessInitializeOnLoadMethodAttributes (85ms)
				AfterProcessingInitializeOnLoad (0ms)
				EditorAssembliesLoaded (0ms)
			ExecutionOrderSort2 (0ms)
			AwakeInstancesAfterBackupRestoration (0ms)
Platform modules already initialized, skipping
Registering precompiled user dll's ...
Registered in 0.007855 seconds.
Begin MonoManager ReloadAssembly
Symbol file LoadedFromMemory doesn't match image C:\Users\won12\OneDrive\ë¬¸ì„œ\GitHub\Racing-Game-Project\Racing Game Project\Library\PackageCache\com.unity.visualscripting@1.8.0\Editor\VisualScripting.Core\Dependencies\YamlDotNet\Unity.VisualScripting.YamlDotNet.dll
Symbol file LoadedFromMemory doesn't match image C:\Users\won12\OneDrive\ë¬¸ì„œ\GitHub\Racing-Game-Project\Racing Game Project\Library\PackageCache\com.unity.visualscripting@1.8.0\Editor\VisualScripting.Core\Dependencies\DotNetZip\Unity.VisualScripting.IonicZip.dll
Native extension for WindowsStandalone target not found
Native extension for Android target not found
Refreshing native plugins compatible for Editor in 0.55 ms, found 3 plugins.
Preloading 0 native plugins for Editor in 0.00 ms.
Mono: successfully reloaded assembly
- Completed reload, in  1.399 seconds
Domain Reload Profiling:
	ReloadAssembly (1400ms)
		BeginReloadAssembly (175ms)
			ExecutionOrderSort (0ms)
			DisableScriptedObjects (6ms)
			BackupInstance (0ms)
			ReleaseScriptingObjects (0ms)
			CreateAndSetChildDomain (21ms)
		EndReloadAssembly (1084ms)
			LoadAssemblies (137ms)
			RebuildTransferFunctionScriptingTraits (0ms)
			SetupTypeCache (309ms)
			ReleaseScriptCaches (1ms)
			RebuildScriptCaches (99ms)
			SetupLoadedEditorAssemblies (487ms)
				LogAssemblyErrors (0ms)
				InitializePlatformSupportModulesInManaged (27ms)
				SetLoadedEditorAssemblies (1ms)
				RefreshPlugins (1ms)
				BeforeProcessingInitializeOnLoad (105ms)
				ProcessInitializeOnLoadAttributes (320ms)
				ProcessInitializeOnLoadMethodAttributes (21ms)
				AfterProcessingInitializeOnLoad (11ms)
				EditorAssembliesLoaded (0ms)
			ExecutionOrderSort2 (0ms)
			AwakeInstancesAfterBackupRestoration (15ms)
Platform modules already initialized, skipping
========================================================================
Worker process is ready to serve import requests
Launched and connected shader compiler UnityShaderCompiler.exe after 0.06 seconds
Refreshing native plugins compatible for Editor in 0.50 ms, found 3 plugins.
Preloading 0 native plugins for Editor in 0.00 ms.
Unloading 3051 Unused Serialized files (Serialized files now loaded: 0)
Unloading 22 unused Assets / (284.4 KB). Loaded Objects now: 3535.
Memory consumption went from 126.3 MB to 126.1 MB.
Total: 3.221900 ms (FindLiveObjects: 0.193700 ms CreateObjectMapping: 0.082400 ms MarkObjects: 2.869900 ms  DeleteObjects: 0.074700 ms)

AssetImportParameters requested are different than current active one (requested -> active):
  custom:video-decoder-ogg-theora: a1e56fd34408186e4bbccfd4996cb3dc -> 
  custom:container-muxer-webm: aa71ff27fc2769a1b78a27578f13a17b -> 
  custom:container-demuxer-webm: 4f35f7cbe854078d1ac9338744f61a02 -> 
  custom:video-encoder-webm-vp8: eb34c28f22e8b96e1ab97ce403110664 -> 
  custom:video-codec-MediaFoundation-h265: 746d11721c4dcdbdad8f713fa42b33f4 -> 
  custom:audio-encoder-webm-vorbis: bf7c407c2cedff20999df2af8eb42d56 -> 
  custom:framework-win-MediaFoundation: 216162199b28c13a410421893ffa2e32 -> 
  custom:container-demuxer-ogg: 62fdf1f143b41e24485cea50d1cbac27 -> 
  custom:video-decoder-webm-vp8: 9c59270c3fd7afecdb556c50c9e8de78 -> 
  custom:audio-decoder-ogg-vorbis: bf7c407c2cedff20999df2af8eb42d56 -> 
========================================================================
Received Import Request.
  Time since last request: 1667258.486750 seconds.
  path: Assets/0. Asset/4. Tree/Materials/Overview_Scene_PlaneFree.mat
  artifactKey: Guid(0507e3ccf07eb4c4c96a3620f3856b44) Importer(815301076,1909f56bfc062723c751e8b465ee728b)
Start importing Assets/0. Asset/4. Tree/Materials/Overview_Scene_PlaneFree.mat using Guid(0507e3ccf07eb4c4c96a3620f3856b44) Importer(815301076,1909f56bfc062723c751e8b465ee728b)  -> (artifact id: '678802794e9adb4ef380c7d9b9504d28') in 0.195784 seconds 
========================================================================
Received Import Request.
  Time since last request: 3.874491 seconds.
  path: Assets/0. Asset/0. Terrain/Sand.asset
  artifactKey: Guid(730e8d9e3ba85384ea3342807db9c3e8) Importer(815301076,1909f56bfc062723c751e8b465ee728b)
Start importing Assets/0. Asset/0. Terrain/Sand.asset using Guid(730e8d9e3ba85384ea3342807db9c3e8) Importer(815301076,1909f56bfc062723c751e8b465ee728b) The tree Stone_04 must use the Nature/Soft Occlusion shader. Otherwise billboarding/lighting will not work correctly.
 -> (artifact id: '739c0529a2ee987c5725ae89db0ffe86') in 0.072205 seconds 
========================================================================
Received Import Request.
  Time since last request: 277.456707 seconds.
  path: Assets/0. Asset/4. Tree/Scenes
  artifactKey: Guid(9f1572f23030706489ea7551d660d2f1) Importer(815301076,1909f56bfc062723c751e8b465ee728b)
Start importing Assets/0. Asset/4. Tree/Scenes using Guid(9f1572f23030706489ea7551d660d2f1) Importer(815301076,1909f56bfc062723c751e8b465ee728b)  -> (artifact id: '70cd77b3d86c8e8e82849b80fdce8a3e') in 0.015157 seconds 
========================================================================
Received Import Request.
  Time since last request: 6.128830 seconds.
  path: Assets/0. Asset/5. Car/Prefabs (With Colliders)
  artifactKey: Guid(9d896aab1f5aa8946ae832f1329a6dba) Importer(815301076,1909f56bfc062723c751e8b465ee728b)
Start importing Assets/0. Asset/5. Car/Prefabs (With Colliders) using Guid(9d896aab1f5aa8946ae832f1329a6dba) Importer(815301076,1909f56bfc062723c751e8b465ee728b)  -> (artifact id: 'fe09647fc852d099d9d6509877fc4ac3') in 0.014120 seconds 
========================================================================
Received Import Request.
  Time since last request: 2.972077 seconds.
  path: Assets/0. Asset/5. Car/Scenes
  artifactKey: Guid(f5e319e41d6dacd4ca48ffd42be2063e) Importer(815301076,1909f56bfc062723c751e8b465ee728b)
Start importing Assets/0. Asset/5. Car/Scenes using Guid(f5e319e41d6dacd4ca48ffd42be2063e) Importer(815301076,1909f56bfc062723c751e8b465ee728b)  -> (artifact id: 'ec609663c0f8659216b22db2c6d0d810') in 0.004890 seconds 
========================================================================
Received Import Request.
  Time since last request: 1.694997 seconds.
  path: Assets/0. Asset/5. Car/Skybox
  artifactKey: Guid(32f739c73507c0d4eaecbd746e80a61b) Importer(815301076,1909f56bfc062723c751e8b465ee728b)
Start importing Assets/0. Asset/5. Car/Skybox using Guid(32f739c73507c0d4eaecbd746e80a61b) Importer(815301076,1909f56bfc062723c751e8b465ee728b)  -> (artifact id: '5c14a4333f8f02affc35c2b9983b7f18') in 0.015609 seconds 
========================================================================
Received Import Request.
  Time since last request: 1.378821 seconds.
  path: Assets/0. Asset/5. Car/Skybox/Day
  artifactKey: Guid(2753f03c0463b774c9d0a311d32118ad) Importer(815301076,1909f56bfc062723c751e8b465ee728b)
Start importing Assets/0. Asset/5. Car/Skybox/Day using Guid(2753f03c0463b774c9d0a311d32118ad) Importer(815301076,1909f56bfc062723c751e8b465ee728b)  -> (artifact id: '9f4530abb4afe6164c978fc2d55381ba') in 0.017565 seconds 
========================================================================
Received Import Request.
  Time since last request: 0.008319 seconds.
  path: Assets/0. Asset/5. Car/Skybox/Day/Day Skybox.mat
  artifactKey: Guid(2fdc1726342f4a749a190a0a8677a1a2) Importer(815301076,1909f56bfc062723c751e8b465ee728b)
Start importing Assets/0. Asset/5. Car/Skybox/Day/Day Skybox.mat using Guid(2fdc1726342f4a749a190a0a8677a1a2) Importer(815301076,1909f56bfc062723c751e8b465ee728b)  -> (artifact id: 'dfa524c7d2612bd6d67d65664216334e') in 0.326562 seconds 
========================================================================
Received Import Request.
  Time since last request: 0.168072 seconds.
  path: Assets/0. Asset/5. Car/Skybox/Day/Textures
  artifactKey: Guid(adad24ed63dad3f4d9d375998942834a) Importer(815301076,1909f56bfc062723c751e8b465ee728b)
Start importing Assets/0. Asset/5. Car/Skybox/Day/Textures using Guid(adad24ed63dad3f4d9d375998942834a) Importer(815301076,1909f56bfc062723c751e8b465ee728b)  -> (artifact id: '01961a019cc6955c99607cea8500ff6c') in 0.015575 seconds 
========================================================================
Received Import Request.
  Time since last request: 0.039013 seconds.
  path: Assets/0. Asset/5. Car/Skybox/Day/Textures/Bottom.png
  artifactKey: Guid(d09270a5be941b14e8cd76b7d0347e0b) Importer(815301076,1909f56bfc062723c751e8b465ee728b)
Start importing Assets/0. Asset/5. Car/Skybox/Day/Textures/Bottom.png using Guid(d09270a5be941b14e8cd76b7d0347e0b) Importer(815301076,1909f56bfc062723c751e8b465ee728b)  -> (artifact id: '51afcca39caa507fff38b046107fa6fe') in 0.062171 seconds 
========================================================================
Received Import Request.
  Time since last request: 0.000027 seconds.
  path: Assets/0. Asset/5. Car/Skybox/Day/Textures/Top.png
  artifactKey: Guid(0ea79d67094ea414ca3f589eeac91a52) Importer(815301076,1909f56bfc062723c751e8b465ee728b)
Start importing Assets/0. Asset/5. Car/Skybox/Day/Textures/Top.png using Guid(0ea79d67094ea414ca3f589eeac91a52) Importer(815301076,1909f56bfc062723c751e8b465ee728b)  -> (artifact id: '5146b633706abad8fe17c7d095f00bbc') in 0.039238 seconds 
========================================================================
Received Import Request.
  Time since last request: 9.232131 seconds.
  path: Assets/0. Asset/3. Building/0. Desert Building/Scene
  artifactKey: Guid(2a51a337dbb887341835fbddc3e9a08d) Importer(815301076,1909f56bfc062723c751e8b465ee728b)
Start importing Assets/0. Asset/3. Building/0. Desert Building/Scene using Guid(2a51a337dbb887341835fbddc3e9a08d) Importer(815301076,1909f56bfc062723c751e8b465ee728b)  -> (artifact id: 'ac6011d0003e4a6cb7bdc839f3bcd55e') in 0.020308 seconds 
========================================================================
Received Import Request.
  Time since last request: 2.638986 seconds.
  path: Assets/0. Asset/2. Texture/0. Environment/README.txt
  artifactKey: Guid(5822553d1c5271f4796e0fe36bafd511) Importer(815301076,1909f56bfc062723c751e8b465ee728b)
Start importing Assets/0. Asset/2. Texture/0. Environment/README.txt using Guid(5822553d1c5271f4796e0fe36bafd511) Importer(815301076,1909f56bfc062723c751e8b465ee728b)  -> (artifact id: '441470b000886d274ca5410f50dfaadf') in 0.032096 seconds 
========================================================================
Received Prepare
Registering precompiled user dll's ...
Registered in 0.010353 seconds.
Begin MonoManager ReloadAssembly
Symbol file LoadedFromMemory doesn't match image C:\Users\won12\OneDrive\ë¬¸ì„œ\GitHub\Racing-Game-Project\Racing Game Project\Library\PackageCache\com.unity.visualscripting@1.8.0\Editor\VisualScripting.Core\Dependencies\YamlDotNet\Unity.VisualScripting.YamlDotNet.dll
Symbol file LoadedFromMemory doesn't match image C:\Users\won12\OneDrive\ë¬¸ì„œ\GitHub\Racing-Game-Project\Racing Game Project\Library\PackageCache\com.unity.visualscripting@1.8.0\Editor\VisualScripting.Core\Dependencies\DotNetZip\Unity.VisualScripting.IonicZip.dll
Native extension for WindowsStandalone target not found
Native extension for Android target not found
Refreshing native plugins compatible for Editor in 0.45 ms, found 3 plugins.
Preloading 0 native plugins for Editor in 0.00 ms.
Mono: successfully reloaded assembly
- Completed reload, in  1.011 seconds
Domain Reload Profiling:
	ReloadAssembly (1012ms)
		BeginReloadAssembly (192ms)
			ExecutionOrderSort (0ms)
			DisableScriptedObjects (5ms)
			BackupInstance (0ms)
			ReleaseScriptingObjects (0ms)
			CreateAndSetChildDomain (49ms)
		EndReloadAssembly (709ms)
			LoadAssemblies (118ms)
			RebuildTransferFunctionScriptingTraits (0ms)
			SetupTypeCache (304ms)
			ReleaseScriptCaches (1ms)
			RebuildScriptCaches (33ms)
			SetupLoadedEditorAssemblies (251ms)
				LogAssemblyErrors (0ms)
				InitializePlatformSupportModulesInManaged (19ms)
				SetLoadedEditorAssemblies (0ms)
				RefreshPlugins (1ms)
				BeforeProcessingInitializeOnLoad (53ms)
				ProcessInitializeOnLoadAttributes (160ms)
				ProcessInitializeOnLoadMethodAttributes (12ms)
				AfterProcessingInitializeOnLoad (5ms)
				EditorAssembliesLoaded (0ms)
			ExecutionOrderSort2 (0ms)
			AwakeInstancesAfterBackupRestoration (13ms)
Platform modules already initialized, skipping
Refreshing native plugins compatible for Editor in 1.90 ms, found 3 plugins.
Preloading 0 native plugins for Editor in 0.00 ms.
Unloading 3042 Unused Serialized files (Serialized files now loaded: 0)
Unloading 16 unused Assets / (24.7 KB). Loaded Objects now: 3580.
Memory consumption went from 126.0 MB to 126.0 MB.
Total: 3.219100 ms (FindLiveObjects: 0.215500 ms CreateObjectMapping: 0.093500 ms MarkObjects: 2.879500 ms  DeleteObjects: 0.028800 ms)

AssetImportParameters requested are different than current active one (requested -> active):
  custom:video-decoder-ogg-theora: a1e56fd34408186e4bbccfd4996cb3dc -> 
  custom:container-muxer-webm: aa71ff27fc2769a1b78a27578f13a17b -> 
  custom:container-demuxer-webm: 4f35f7cbe854078d1ac9338744f61a02 -> 
  custom:video-encoder-webm-vp8: eb34c28f22e8b96e1ab97ce403110664 -> 
  custom:video-codec-MediaFoundation-h265: 746d11721c4dcdbdad8f713fa42b33f4 -> 
  custom:audio-encoder-webm-vorbis: bf7c407c2cedff20999df2af8eb42d56 -> 
  custom:framework-win-MediaFoundation: 216162199b28c13a410421893ffa2e32 -> 
  custom:container-demuxer-ogg: 62fdf1f143b41e24485cea50d1cbac27 -> 
  custom:video-decoder-webm-vp8: 9c59270c3fd7afecdb556c50c9e8de78 -> 
  custom:audio-decoder-ogg-vorbis: bf7c407c2cedff20999df2af8eb42d56 -> 
