Using pre-set license
Built from '2021.3/staging' branch; Version is '2021.3.25f1 (68ef2c4f8861) revision 6876972'; Using compiler version '192829333'; Build Type 'Release'
OS: 'Windows 11  (10.0.22621) 64bit Professional' Language: 'ko' Physical Memory: 16055 MB
BatchMode: 1, IsHumanControllingUs: 0, StartBugReporterOnCrash: 0, Is64bit: 1, IsPro: 1

COMMAND LINE ARGUMENTS:
C:\Program Files\Unity\Hub\Editor\2021.3.25f1\Editor\Unity.exe
-adb2
-batchMode
-noUpm
-name
AssetImportWorker11
-projectPath
C:/Users/won12/OneDrive/ë¬¸ì„œ/GitHub/Racing-Game-Project/Racing Game Project
-logFile
Logs/AssetImportWorker11.log
-srvPort
65332
Successfully changed project path to: C:/Users/won12/OneDrive/ë¬¸ì„œ/GitHub/Racing-Game-Project/Racing Game Project
C:/Users/won12/OneDrive/ë¬¸ì„œ/GitHub/Racing-Game-Project/Racing Game Project
[UnityMemory] Configuration Parameters - Can be set up in boot.config
    "memorysetup-bucket-allocator-granularity=16"
    "memorysetup-bucket-allocator-bucket-count=8"
    "memorysetup-bucket-allocator-block-size=33554432"
    "memorysetup-bucket-allocator-block-count=8"
    "memorysetup-main-allocator-block-size=16777216"
    "memorysetup-thread-allocator-block-size=16777216"
    "memorysetup-gfx-main-allocator-block-size=16777216"
    "memorysetup-gfx-thread-allocator-block-size=16777216"
    "memorysetup-cache-allocator-block-size=4194304"
    "memorysetup-typetree-allocator-block-size=2097152"
    "memorysetup-profiler-bucket-allocator-granularity=16"
    "memorysetup-profiler-bucket-allocator-bucket-count=8"
    "memorysetup-profiler-bucket-allocator-block-size=33554432"
    "memorysetup-profiler-bucket-allocator-block-count=8"
    "memorysetup-profiler-allocator-block-size=16777216"
    "memorysetup-profiler-editor-allocator-block-size=1048576"
    "memorysetup-temp-allocator-size-main=16777216"
    "memorysetup-job-temp-allocator-block-size=2097152"
    "memorysetup-job-temp-allocator-block-size-background=1048576"
    "memorysetup-job-temp-allocator-reduction-small-platforms=262144"
    "memorysetup-temp-allocator-size-background-worker=32768"
    "memorysetup-temp-allocator-size-job-worker=262144"
    "memorysetup-temp-allocator-size-preload-manager=33554432"
    "memorysetup-temp-allocator-size-nav-mesh-worker=65536"
    "memorysetup-temp-allocator-size-audio-worker=65536"
    "memorysetup-temp-allocator-size-cloud-worker=32768"
    "memorysetup-temp-allocator-size-gi-baking-worker=262144"
    "memorysetup-temp-allocator-size-gfx=262144"
Player connection [69532] Host "[IP] 192.168.20.18 [Port] 0 [Flags] 2 [Guid] 2040194985 [EditorId] 2040194985 [Version] 1048832 [Id] WindowsEditor(7,À×ÇÊ¿øÀÌ) [Debug] 1 [PackageName] WindowsEditor [ProjectName] Editor" joined multi-casting on [225.0.0.222:54997]...

Player connection [69532] Host "[IP] 192.168.20.18 [Port] 0 [Flags] 2 [Guid] 2040194985 [EditorId] 2040194985 [Version] 1048832 [Id] WindowsEditor(7,À×ÇÊ¿øÀÌ) [Debug] 1 [PackageName] WindowsEditor [ProjectName] Editor" joined alternative multi-casting on [225.0.0.222:34997]...

Refreshing native plugins compatible for Editor in 72.98 ms, found 3 plugins.
Preloading 0 native plugins for Editor in 0.00 ms.
Initialize engine version: 2021.3.25f1 (68ef2c4f8861)
[Subsystems] Discovering subsystems at path C:/Program Files/Unity/Hub/Editor/2021.3.25f1/Editor/Data/Resources/UnitySubsystems
[Subsystems] Discovering subsystems at path C:/Users/won12/OneDrive/ë¬¸ì„œ/GitHub/Racing-Game-Project/Racing Game Project/Assets
GfxDevice: creating device client; threaded=0; jobified=0
Direct3D:
    Version:  Direct3D 11.0 [level 11.1]
    Renderer: NVIDIA GeForce RTX 3050 Ti Laptop GPU (ID=0x25a0)
    Vendor:   NVIDIA
    VRAM:     3978 MB
    Driver:   31.0.15.4609
Initialize mono
Mono path[0] = 'C:/Program Files/Unity/Hub/Editor/2021.3.25f1/Editor/Data/Managed'
Mono path[1] = 'C:/Program Files/Unity/Hub/Editor/2021.3.25f1/Editor/Data/MonoBleedingEdge/lib/mono/unityjit-win32'
Mono config path = 'C:/Program Files/Unity/Hub/Editor/2021.3.25f1/Editor/Data/MonoBleedingEdge/etc'
Using monoOptions --debugger-agent=transport=dt_socket,embedding=1,server=y,suspend=n,address=127.0.0.1:56024
Begin MonoManager ReloadAssembly
Registering precompiled unity dll's ...
Register platform support module: C:/Program Files/Unity/Hub/Editor/2021.3.25f1/Editor/Data/PlaybackEngines/AndroidPlayer/UnityEditor.Android.Extensions.dll
Register platform support module: C:/Program Files/Unity/Hub/Editor/2021.3.25f1/Editor/Data/PlaybackEngines/WindowsStandaloneSupport/UnityEditor.WindowsStandalone.Extensions.dll
Registered in 0.009425 seconds.
Native extension for WindowsStandalone target not found
Native extension for Android target not found
Android Extension - Scanning For ADB Devices 414 ms
Refreshing native plugins compatible for Editor in 68.53 ms, found 3 plugins.
Preloading 0 native plugins for Editor in 0.00 ms.
Mono: successfully reloaded assembly
- Completed reload, in  1.086 seconds
Domain Reload Profiling:
	ReloadAssembly (1086ms)
		BeginReloadAssembly (88ms)
			ExecutionOrderSort (0ms)
			DisableScriptedObjects (0ms)
			BackupInstance (0ms)
			ReleaseScriptingObjects (0ms)
			CreateAndSetChildDomain (1ms)
		EndReloadAssembly (891ms)
			LoadAssemblies (87ms)
			RebuildTransferFunctionScriptingTraits (0ms)
			SetupTypeCache (102ms)
			ReleaseScriptCaches (0ms)
			RebuildScriptCaches (25ms)
			SetupLoadedEditorAssemblies (714ms)
				LogAssemblyErrors (0ms)
				InitializePlatformSupportModulesInManaged (507ms)
				SetLoadedEditorAssemblies (0ms)
				RefreshPlugins (69ms)
				BeforeProcessingInitializeOnLoad (2ms)
				ProcessInitializeOnLoadAttributes (92ms)
				ProcessInitializeOnLoadMethodAttributes (44ms)
				AfterProcessingInitializeOnLoad (0ms)
				EditorAssembliesLoaded (0ms)
			ExecutionOrderSort2 (0ms)
			AwakeInstancesAfterBackupRestoration (0ms)
Platform modules already initialized, skipping
Registering precompiled user dll's ...
Registered in 0.005477 seconds.
Begin MonoManager ReloadAssembly
Symbol file LoadedFromMemory doesn't match image C:\Users\won12\OneDrive\ë¬¸ì„œ\GitHub\Racing-Game-Project\Racing Game Project\Library\PackageCache\com.unity.visualscripting@1.8.0\Editor\VisualScripting.Core\Dependencies\YamlDotNet\Unity.VisualScripting.YamlDotNet.dll
Symbol file LoadedFromMemory doesn't match image C:\Users\won12\OneDrive\ë¬¸ì„œ\GitHub\Racing-Game-Project\Racing Game Project\Library\PackageCache\com.unity.visualscripting@1.8.0\Editor\VisualScripting.Core\Dependencies\DotNetZip\Unity.VisualScripting.IonicZip.dll
Native extension for WindowsStandalone target not found
Native extension for Android target not found
Refreshing native plugins compatible for Editor in 0.43 ms, found 3 plugins.
Preloading 0 native plugins for Editor in 0.00 ms.
Mono: successfully reloaded assembly
- Completed reload, in  0.937 seconds
Domain Reload Profiling:
	ReloadAssembly (937ms)
		BeginReloadAssembly (117ms)
			ExecutionOrderSort (0ms)
			DisableScriptedObjects (5ms)
			BackupInstance (0ms)
			ReleaseScriptingObjects (0ms)
			CreateAndSetChildDomain (17ms)
		EndReloadAssembly (719ms)
			LoadAssemblies (88ms)
			RebuildTransferFunctionScriptingTraits (0ms)
			SetupTypeCache (223ms)
			ReleaseScriptCaches (0ms)
			RebuildScriptCaches (42ms)
			SetupLoadedEditorAssemblies (338ms)
				LogAssemblyErrors (0ms)
				InitializePlatformSupportModulesInManaged (19ms)
				SetLoadedEditorAssemblies (0ms)
				RefreshPlugins (1ms)
				BeforeProcessingInitializeOnLoad (72ms)
				ProcessInitializeOnLoadAttributes (219ms)
				ProcessInitializeOnLoadMethodAttributes (19ms)
				AfterProcessingInitializeOnLoad (8ms)
				EditorAssembliesLoaded (0ms)
			ExecutionOrderSort2 (0ms)
			AwakeInstancesAfterBackupRestoration (12ms)
Platform modules already initialized, skipping
========================================================================
Worker process is ready to serve import requests
Launched and connected shader compiler UnityShaderCompiler.exe after 0.05 seconds
Refreshing native plugins compatible for Editor in 0.46 ms, found 3 plugins.
Preloading 0 native plugins for Editor in 0.00 ms.
Unloading 3051 Unused Serialized files (Serialized files now loaded: 0)
Unloading 22 unused Assets / (284.4 KB). Loaded Objects now: 3534.
Memory consumption went from 126.3 MB to 126.1 MB.
Total: 2.993700 ms (FindLiveObjects: 0.259300 ms CreateObjectMapping: 0.145500 ms MarkObjects: 2.515000 ms  DeleteObjects: 0.072700 ms)

AssetImportParameters requested are different than current active one (requested -> active):
  custom:video-decoder-ogg-theora: a1e56fd34408186e4bbccfd4996cb3dc -> 
  custom:container-muxer-webm: aa71ff27fc2769a1b78a27578f13a17b -> 
  custom:container-demuxer-webm: 4f35f7cbe854078d1ac9338744f61a02 -> 
  custom:video-encoder-webm-vp8: eb34c28f22e8b96e1ab97ce403110664 -> 
  custom:video-codec-MediaFoundation-h265: 746d11721c4dcdbdad8f713fa42b33f4 -> 
  custom:audio-encoder-webm-vorbis: bf7c407c2cedff20999df2af8eb42d56 -> 
  custom:framework-win-MediaFoundation: 216162199b28c13a410421893ffa2e32 -> 
  custom:container-demuxer-ogg: 62fdf1f143b41e24485cea50d1cbac27 -> 
  custom:video-decoder-webm-vp8: 9c59270c3fd7afecdb556c50c9e8de78 -> 
  custom:audio-decoder-ogg-vorbis: bf7c407c2cedff20999df2af8eb42d56 -> 
========================================================================
Received Import Request.
  Time since last request: 1663907.105054 seconds.
  path: Assets/0. Asset/2. Texture/0. Environment/Textures/Pavement_7/Pavement_7.mat
  artifactKey: Guid(2bbbb4850d795e34e85ef1590a144f91) Importer(815301076,1909f56bfc062723c751e8b465ee728b)
Start importing Assets/0. Asset/2. Texture/0. Environment/Textures/Pavement_7/Pavement_7.mat using Guid(2bbbb4850d795e34e85ef1590a144f91) Importer(815301076,1909f56bfc062723c751e8b465ee728b)  -> (artifact id: 'd8c68fb1fe5cedf45af6629f68284d85') in 0.223776 seconds 
========================================================================
Received Import Request.
  Time since last request: 0.126442 seconds.
  path: Assets/0. Asset/2. Texture/0. Environment/Textures/Planks_Wood_16/Planks_Wood_16.mat
  artifactKey: Guid(a6e2280faa6c7204582cef09a765d55b) Importer(815301076,1909f56bfc062723c751e8b465ee728b)
Start importing Assets/0. Asset/2. Texture/0. Environment/Textures/Planks_Wood_16/Planks_Wood_16.mat using Guid(a6e2280faa6c7204582cef09a765d55b) Importer(815301076,1909f56bfc062723c751e8b465ee728b)  -> (artifact id: 'e26ea1da266d3ff48a2da878819d15d4') in 0.055912 seconds 
========================================================================
Received Import Request.
  Time since last request: 0.333846 seconds.
  path: Assets/0. Asset/2. Texture/0. Environment/Textures/Rippled_Sand_2/Rippled_Sand_2.mat
  artifactKey: Guid(6440a4fabadf0b2418799a6034f7c41e) Importer(815301076,1909f56bfc062723c751e8b465ee728b)
Start importing Assets/0. Asset/2. Texture/0. Environment/Textures/Rippled_Sand_2/Rippled_Sand_2.mat using Guid(6440a4fabadf0b2418799a6034f7c41e) Importer(815301076,1909f56bfc062723c751e8b465ee728b)  -> (artifact id: 'f95bbbe41a65debe9793166d5d6e7511') in 0.065117 seconds 
========================================================================
Received Import Request.
  Time since last request: 0.000050 seconds.
  path: Assets/0. Asset/2. Texture/0. Environment/Textures/Rippled_Sand_2/Rippled_Sand_2_Normal.png
  artifactKey: Guid(017bb77055ea17b429037e5908389904) Importer(815301076,1909f56bfc062723c751e8b465ee728b)
Start importing Assets/0. Asset/2. Texture/0. Environment/Textures/Rippled_Sand_2/Rippled_Sand_2_Normal.png using Guid(017bb77055ea17b429037e5908389904) Importer(815301076,1909f56bfc062723c751e8b465ee728b)  -> (artifact id: '47069c13ae034623b624c522c6f73ecf') in 0.077367 seconds 
========================================================================
Received Import Request.
  Time since last request: 0.133843 seconds.
  path: Assets/0. Asset/2. Texture/0. Environment/Textures/Rocky_Dirt_2/Rocky_Dirt_2.mat
  artifactKey: Guid(0bcbf714cf65ced47a90830663d15160) Importer(815301076,1909f56bfc062723c751e8b465ee728b)
Start importing Assets/0. Asset/2. Texture/0. Environment/Textures/Rocky_Dirt_2/Rocky_Dirt_2.mat using Guid(0bcbf714cf65ced47a90830663d15160) Importer(815301076,1909f56bfc062723c751e8b465ee728b)  -> (artifact id: '168747ad98680dd7c7865ef162282d1d') in 0.045549 seconds 
========================================================================
Received Import Request.
  Time since last request: 35.429635 seconds.
  path: Assets/0. Asset/2. Texture/0. Environment/Textures/Grass_37/Grass_37_Albedo.png
  artifactKey: Guid(910e53a3219dd48409cf12706e756862) Importer(815301076,1909f56bfc062723c751e8b465ee728b)
Start importing Assets/0. Asset/2. Texture/0. Environment/Textures/Grass_37/Grass_37_Albedo.png using Guid(910e53a3219dd48409cf12706e756862) Importer(815301076,1909f56bfc062723c751e8b465ee728b)  -> (artifact id: '264f0a5850103c0edcba87f94139cacd') in 0.044403 seconds 
========================================================================
Received Import Request.
  Time since last request: 0.000052 seconds.
  path: Assets/0. Asset/2. Texture/0. Environment/Textures/Grass_37/Grass_37_Normal.png
  artifactKey: Guid(19bdb1d041a89e044b2a3411604642ed) Importer(815301076,1909f56bfc062723c751e8b465ee728b)
Start importing Assets/0. Asset/2. Texture/0. Environment/Textures/Grass_37/Grass_37_Normal.png using Guid(19bdb1d041a89e044b2a3411604642ed) Importer(815301076,1909f56bfc062723c751e8b465ee728b)  -> (artifact id: '7935971cd7028a0df0d7aaa80018437b') in 0.066854 seconds 
========================================================================
Received Import Request.
  Time since last request: 0.302007 seconds.
  path: Assets/0. Asset/2. Texture/0. Environment/Textures/Marble_Surface_20/Marble_Surface_20_Albedo.png
  artifactKey: Guid(144b306a090efb84aa3498771f319a78) Importer(815301076,1909f56bfc062723c751e8b465ee728b)
Start importing Assets/0. Asset/2. Texture/0. Environment/Textures/Marble_Surface_20/Marble_Surface_20_Albedo.png using Guid(144b306a090efb84aa3498771f319a78) Importer(815301076,1909f56bfc062723c751e8b465ee728b)  -> (artifact id: '324eb25a7e984ca15c5cab0af8987741') in 0.030523 seconds 
========================================================================
Received Import Request.
  Time since last request: 0.000044 seconds.
  path: Assets/0. Asset/2. Texture/0. Environment/Textures/Marble_Surface_20/Marble_Surface_20_Normal.png
  artifactKey: Guid(3c8c941f8128b214f82ccb93290d0284) Importer(815301076,1909f56bfc062723c751e8b465ee728b)
Start importing Assets/0. Asset/2. Texture/0. Environment/Textures/Marble_Surface_20/Marble_Surface_20_Normal.png using Guid(3c8c941f8128b214f82ccb93290d0284) Importer(815301076,1909f56bfc062723c751e8b465ee728b)  -> (artifact id: 'c2ef2b1653902548393958779cfe868a') in 0.039246 seconds 
========================================================================
Received Import Request.
  Time since last request: 2.773406 seconds.
  path: Assets/0. Asset/2. Texture/0. Environment/Textures/Underwater_Rock_Surface_3/Underwater_Rock_Surface_3.mat
  artifactKey: Guid(c4808a442c4429146b8036a0ed4b9f79) Importer(815301076,1909f56bfc062723c751e8b465ee728b)
Start importing Assets/0. Asset/2. Texture/0. Environment/Textures/Underwater_Rock_Surface_3/Underwater_Rock_Surface_3.mat using Guid(c4808a442c4429146b8036a0ed4b9f79) Importer(815301076,1909f56bfc062723c751e8b465ee728b)  -> (artifact id: '8321f39afaa66a44011486cd7b914703') in 0.067361 seconds 
========================================================================
Received Import Request.
  Time since last request: 0.000058 seconds.
  path: Assets/0. Asset/2. Texture/0. Environment/Textures/Underwater_Rock_Surface_3/Underwater_Rock_Surface_3_Mask.png
  artifactKey: Guid(2942a2cf490a11645b767ebf2510650d) Importer(815301076,1909f56bfc062723c751e8b465ee728b)
Start importing Assets/0. Asset/2. Texture/0. Environment/Textures/Underwater_Rock_Surface_3/Underwater_Rock_Surface_3_Mask.png using Guid(2942a2cf490a11645b767ebf2510650d) Importer(815301076,1909f56bfc062723c751e8b465ee728b)  -> (artifact id: 'aeeee11aed892fbde0b3940fa8105cf6') in 0.045113 seconds 
========================================================================
Received Import Request.
  Time since last request: 0.641485 seconds.
  path: Assets/0. Asset/2. Texture/0. Environment/Textures/Wood_Wall_1/Wood_Wall_1.mat
  artifactKey: Guid(eaf17b849c043774a9a195245f3e635c) Importer(815301076,1909f56bfc062723c751e8b465ee728b)
Start importing Assets/0. Asset/2. Texture/0. Environment/Textures/Wood_Wall_1/Wood_Wall_1.mat using Guid(eaf17b849c043774a9a195245f3e635c) Importer(815301076,1909f56bfc062723c751e8b465ee728b)  -> (artifact id: '274fa5db7d83f577b2b6da63fee6b879') in 0.110211 seconds 
========================================================================
Received Import Request.
  Time since last request: 0.462745 seconds.
  path: Assets/0. Asset/2. Texture/0. Environment/Textures/Water_6/Water_6.mat
  artifactKey: Guid(7d53f22039b5eba47b74dccdc78bc951) Importer(815301076,1909f56bfc062723c751e8b465ee728b)
Start importing Assets/0. Asset/2. Texture/0. Environment/Textures/Water_6/Water_6.mat using Guid(7d53f22039b5eba47b74dccdc78bc951) Importer(815301076,1909f56bfc062723c751e8b465ee728b)  -> (artifact id: '52f916ef8e261543891833dd74faa61e') in 0.048789 seconds 
========================================================================
Received Import Request.
  Time since last request: 0.000060 seconds.
  path: Assets/0. Asset/2. Texture/0. Environment/Textures/Water_6/Water_6_Mask.png
  artifactKey: Guid(9d22d2166223e6f40b8dc6ba7d75f847) Importer(815301076,1909f56bfc062723c751e8b465ee728b)
Start importing Assets/0. Asset/2. Texture/0. Environment/Textures/Water_6/Water_6_Mask.png using Guid(9d22d2166223e6f40b8dc6ba7d75f847) Importer(815301076,1909f56bfc062723c751e8b465ee728b)  -> (artifact id: 'e2ceb6c9f557c83b3c14d21832df3ec0') in 0.037085 seconds 
========================================================================
Received Import Request.
  Time since last request: 0.669130 seconds.
  path: Assets/0. Asset/2. Texture/0. Environment/Textures/Sandy_Rock_Surface_17/Sandy_Rock_Surface_17.mat
  artifactKey: Guid(d7a14fdd33ecb1e4a932c17c599120fb) Importer(815301076,1909f56bfc062723c751e8b465ee728b)
Start importing Assets/0. Asset/2. Texture/0. Environment/Textures/Sandy_Rock_Surface_17/Sandy_Rock_Surface_17.mat using Guid(d7a14fdd33ecb1e4a932c17c599120fb) Importer(815301076,1909f56bfc062723c751e8b465ee728b)  -> (artifact id: '78ca45ed14e016ac9f4ca0ead65d166c') in 0.066549 seconds 
========================================================================
Received Import Request.
  Time since last request: 0.000063 seconds.
  path: Assets/0. Asset/2. Texture/0. Environment/Textures/Sandy_Rock_Surface_17/Sandy_Rock_Surface_17_Metallic.png
  artifactKey: Guid(78787f13c85c7d9429174cbbddb75e2a) Importer(815301076,1909f56bfc062723c751e8b465ee728b)
Start importing Assets/0. Asset/2. Texture/0. Environment/Textures/Sandy_Rock_Surface_17/Sandy_Rock_Surface_17_Metallic.png using Guid(78787f13c85c7d9429174cbbddb75e2a) Importer(815301076,1909f56bfc062723c751e8b465ee728b)  -> (artifact id: '8834bc0d095174cb281a38be694e445f') in 0.050152 seconds 
========================================================================
Received Import Request.
  Time since last request: 94.258905 seconds.
  path: Assets/0. Asset/2. Texture/0. Environment/Textures/Marble_Surface_20/Marble_Surface_20.mat
  artifactKey: Guid(474f0e87721a52b4b9616d6d748ac58c) Importer(815301076,1909f56bfc062723c751e8b465ee728b)
Start importing Assets/0. Asset/2. Texture/0. Environment/Textures/Marble_Surface_20/Marble_Surface_20.mat using Guid(474f0e87721a52b4b9616d6d748ac58c) Importer(815301076,1909f56bfc062723c751e8b465ee728b)  -> (artifact id: 'acb0356d716a7da316860208d112fb91') in 0.068075 seconds 
========================================================================
Received Import Request.
  Time since last request: 0.764126 seconds.
  path: Assets/0. Asset/2. Texture/0. Environment/Textures/Grass_37/Grass_37.mat
  artifactKey: Guid(38efa2495a27ae64cb42617019e33b32) Importer(815301076,1909f56bfc062723c751e8b465ee728b)
Start importing Assets/0. Asset/2. Texture/0. Environment/Textures/Grass_37/Grass_37.mat using Guid(38efa2495a27ae64cb42617019e33b32) Importer(815301076,1909f56bfc062723c751e8b465ee728b)  -> (artifact id: '845fe3357bf621a927755ca7cc222460') in 0.074583 seconds 
========================================================================
Received Import Request.
  Time since last request: 6.001022 seconds.
  path: Assets/0. Asset/2. Texture/0. Environment/Textures/Bones_Debris_1/Bones_Debris_1.terrainlayer
  artifactKey: Guid(1ead79c3af129404d98b5897febbc9c7) Importer(815301076,1909f56bfc062723c751e8b465ee728b)
Start importing Assets/0. Asset/2. Texture/0. Environment/Textures/Bones_Debris_1/Bones_Debris_1.terrainlayer using Guid(1ead79c3af129404d98b5897febbc9c7) Importer(815301076,1909f56bfc062723c751e8b465ee728b)  -> (artifact id: '02c0c07b6e65397d3268edba76f094ee') in 0.054727 seconds 
========================================================================
Received Import Request.
  Time since last request: 241.088362 seconds.
  path: Assets/0. Asset/1. Track/Prefabs
  artifactKey: Guid(cd5c832c5746d3c449a83c98a0f076d6) Importer(815301076,1909f56bfc062723c751e8b465ee728b)
Start importing Assets/0. Asset/1. Track/Prefabs using Guid(cd5c832c5746d3c449a83c98a0f076d6) Importer(815301076,1909f56bfc062723c751e8b465ee728b)  -> (artifact id: '902ce1fdd65d722b32bb10709578a1b4') in 0.014013 seconds 
========================================================================
Received Import Request.
  Time since last request: 1.231221 seconds.
  path: Assets/0. Asset/1. Track/Prefabs/RTC_Lanelines
  artifactKey: Guid(3cd0925e7de31fb418dce2b8ac504b0f) Importer(815301076,1909f56bfc062723c751e8b465ee728b)
Start importing Assets/0. Asset/1. Track/Prefabs/RTC_Lanelines using Guid(3cd0925e7de31fb418dce2b8ac504b0f) Importer(815301076,1909f56bfc062723c751e8b465ee728b)  -> (artifact id: 'e1b02944c83a20fc8e5440e4606b3dda') in 0.014777 seconds 
========================================================================
Received Import Request.
  Time since last request: 0.072049 seconds.
  path: Assets/0. Asset/1. Track/Prefabs/RTC_Lanelines/RTC_BankLeft_Straight_Lanelines.prefab
  artifactKey: Guid(1b76a6a36894da542b05b92cedeb329e) Importer(815301076,1909f56bfc062723c751e8b465ee728b)
Start importing Assets/0. Asset/1. Track/Prefabs/RTC_Lanelines/RTC_BankLeft_Straight_Lanelines.prefab using Guid(1b76a6a36894da542b05b92cedeb329e) Importer(815301076,1909f56bfc062723c751e8b465ee728b)  -> (artifact id: '81d6f8b42ebd65bcfd40e99a06d11b04') in 0.085988 seconds 
========================================================================
Received Import Request.
  Time since last request: 0.000023 seconds.
  path: Assets/0. Asset/1. Track/Prefabs/RTC_Lanelines/RTC_Ramp_TurnLeft_5m_Lanelines.prefab
  artifactKey: Guid(bbe61940c01964a4cbb43b90ce0365e1) Importer(815301076,1909f56bfc062723c751e8b465ee728b)
Start importing Assets/0. Asset/1. Track/Prefabs/RTC_Lanelines/RTC_Ramp_TurnLeft_5m_Lanelines.prefab using Guid(bbe61940c01964a4cbb43b90ce0365e1) Importer(815301076,1909f56bfc062723c751e8b465ee728b)  -> (artifact id: '45fdf883afd230f5a217d2422b5f406b') in 0.061716 seconds 
========================================================================
Received Import Request.
  Time since last request: 0.000030 seconds.
  path: Assets/0. Asset/1. Track/Prefabs/RTC_Lanelines/RTC_ChicaneS_Left_Lanelines.prefab
  artifactKey: Guid(ae1bbc85b08b59740949b6f3283dc002) Importer(815301076,1909f56bfc062723c751e8b465ee728b)
Start importing Assets/0. Asset/1. Track/Prefabs/RTC_Lanelines/RTC_ChicaneS_Left_Lanelines.prefab using Guid(ae1bbc85b08b59740949b6f3283dc002) Importer(815301076,1909f56bfc062723c751e8b465ee728b)  -> (artifact id: 'bf6d8e20ed774f1baaa203eb62beec25') in 0.037613 seconds 
========================================================================
Received Import Request.
  Time since last request: 0.000040 seconds.
  path: Assets/0. Asset/1. Track/Prefabs/RTC_Lanelines/RTC_BankRight_TurnShort_Lanelines.prefab
  artifactKey: Guid(204e8d2fcc38fc048879a0858111153d) Importer(815301076,1909f56bfc062723c751e8b465ee728b)
Start importing Assets/0. Asset/1. Track/Prefabs/RTC_Lanelines/RTC_BankRight_TurnShort_Lanelines.prefab using Guid(204e8d2fcc38fc048879a0858111153d) Importer(815301076,1909f56bfc062723c751e8b465ee728b)  -> (artifact id: 'dad289e60c20ebbabeeb84b6ae33d4d6') in 0.027967 seconds 
========================================================================
Received Import Request.
  Time since last request: 0.000024 seconds.
  path: Assets/0. Asset/1. Track/Prefabs/RTC_Lanelines/RTC_ChicaneS_Right_Lanelines.prefab
  artifactKey: Guid(9d9682fb411024f44b368f91162cbeee) Importer(815301076,1909f56bfc062723c751e8b465ee728b)
Start importing Assets/0. Asset/1. Track/Prefabs/RTC_Lanelines/RTC_ChicaneS_Right_Lanelines.prefab using Guid(9d9682fb411024f44b368f91162cbeee) Importer(815301076,1909f56bfc062723c751e8b465ee728b)  -> (artifact id: '268bd6f886bec71f338a081ffbc2d87b') in 0.036162 seconds 
========================================================================
Received Import Request.
  Time since last request: 0.830873 seconds.
  path: Assets/0. Asset/1. Track/Prefabs/RTC_Lanelines/RTC_Straight_Lanelines.prefab
  artifactKey: Guid(3729ef610afbdc94aa4a36a8f98d3912) Importer(815301076,1909f56bfc062723c751e8b465ee728b)
Start importing Assets/0. Asset/1. Track/Prefabs/RTC_Lanelines/RTC_Straight_Lanelines.prefab using Guid(3729ef610afbdc94aa4a36a8f98d3912) Importer(815301076,1909f56bfc062723c751e8b465ee728b)  -> (artifact id: 'f72ae8a50161c65c035993f3d4857e71') in 0.026349 seconds 
========================================================================
Received Import Request.
  Time since last request: 0.151749 seconds.
  path: Assets/0. Asset/1. Track/Prefabs/RTC_Lanelines/RTC_StraightShort_Lanelines.prefab
  artifactKey: Guid(6dce8df0864294342b0b0142a8ef0f84) Importer(815301076,1909f56bfc062723c751e8b465ee728b)
Start importing Assets/0. Asset/1. Track/Prefabs/RTC_Lanelines/RTC_StraightShort_Lanelines.prefab using Guid(6dce8df0864294342b0b0142a8ef0f84) Importer(815301076,1909f56bfc062723c751e8b465ee728b)  -> (artifact id: 'ce51c32b1efe974e870b395145563b34') in 0.022845 seconds 
========================================================================
Received Import Request.
  Time since last request: 0.059980 seconds.
  path: Assets/0. Asset/1. Track/Prefabs/RTC_Lanelines/RTC_TurnMedium_Lanelines.prefab
  artifactKey: Guid(e36b9122fa9693a48ae9e0f1da1e1941) Importer(815301076,1909f56bfc062723c751e8b465ee728b)
Start importing Assets/0. Asset/1. Track/Prefabs/RTC_Lanelines/RTC_TurnMedium_Lanelines.prefab using Guid(e36b9122fa9693a48ae9e0f1da1e1941) Importer(815301076,1909f56bfc062723c751e8b465ee728b)  -> (artifact id: 'a9dd0d58a43ee614dfc70b48192291b5') in 0.028786 seconds 
========================================================================
Received Import Request.
  Time since last request: 0.356560 seconds.
  path: Assets/0. Asset/1. Track/Prefabs/RTC_Lanelines/RTC_TurnU_Lanelines.prefab
  artifactKey: Guid(190320f67b0314d479edab375bae0a4c) Importer(815301076,1909f56bfc062723c751e8b465ee728b)
Start importing Assets/0. Asset/1. Track/Prefabs/RTC_Lanelines/RTC_TurnU_Lanelines.prefab using Guid(190320f67b0314d479edab375bae0a4c) Importer(815301076,1909f56bfc062723c751e8b465ee728b)  -> (artifact id: '9a236ee6519d81583cdc8023306f30fd') in 0.020163 seconds 
========================================================================
Received Import Request.
  Time since last request: 1.592675 seconds.
  path: Assets/0. Asset/1. Track/Prefabs/RTC_TrackParts/RTC_BankLeft_Straight.prefab
  artifactKey: Guid(08efc7566321f804387510af55491df1) Importer(815301076,1909f56bfc062723c751e8b465ee728b)
Start importing Assets/0. Asset/1. Track/Prefabs/RTC_TrackParts/RTC_BankLeft_Straight.prefab using Guid(08efc7566321f804387510af55491df1) Importer(815301076,1909f56bfc062723c751e8b465ee728b)  -> (artifact id: '14fe91a53f51861c8ea7f56ae3c582f8') in 0.049974 seconds 
========================================================================
Received Import Request.
  Time since last request: 0.000022 seconds.
  path: Assets/0. Asset/1. Track/Prefabs/RTC_TrackParts/RTC_ChicaneS_Left.prefab
  artifactKey: Guid(330008d4a68e40042bca5926d151918a) Importer(815301076,1909f56bfc062723c751e8b465ee728b)
Start importing Assets/0. Asset/1. Track/Prefabs/RTC_TrackParts/RTC_ChicaneS_Left.prefab using Guid(330008d4a68e40042bca5926d151918a) Importer(815301076,1909f56bfc062723c751e8b465ee728b)  -> (artifact id: '44d32ce525b37bf12cba61ad67f8adf4') in 0.040710 seconds 
========================================================================
Received Import Request.
  Time since last request: 0.000023 seconds.
  path: Assets/0. Asset/1. Track/Prefabs/RTC_TrackParts/RTC_Ramp_Long_10m.prefab
  artifactKey: Guid(4091439fc102a0a44abef8fcf33734a9) Importer(815301076,1909f56bfc062723c751e8b465ee728b)
Start importing Assets/0. Asset/1. Track/Prefabs/RTC_TrackParts/RTC_Ramp_Long_10m.prefab using Guid(4091439fc102a0a44abef8fcf33734a9) Importer(815301076,1909f56bfc062723c751e8b465ee728b)  -> (artifact id: '46ad75047689d38d9a87b8bc0d05b0d4') in 0.051547 seconds 
========================================================================
Received Import Request.
  Time since last request: 0.000030 seconds.
  path: Assets/0. Asset/1. Track/Prefabs/RTC_TrackParts/RTC_BankRight_TurnShort.prefab
  artifactKey: Guid(08847d3d5bf43fd4aa2957794c846449) Importer(815301076,1909f56bfc062723c751e8b465ee728b)
Start importing Assets/0. Asset/1. Track/Prefabs/RTC_TrackParts/RTC_BankRight_TurnShort.prefab using Guid(08847d3d5bf43fd4aa2957794c846449) Importer(815301076,1909f56bfc062723c751e8b465ee728b)  -> (artifact id: '41212c7d72707762868754f4ac7d23af') in 0.048581 seconds 
========================================================================
Received Import Request.
  Time since last request: 1.970312 seconds.
  path: Assets/0. Asset/1. Track/Prefabs/RTC_TrackParts/TrackVariant/RTC_BankLeft_TurnShort Variant.prefab
  artifactKey: Guid(b2b8c1aa3425c224393a70eac0498ee2) Importer(815301076,1909f56bfc062723c751e8b465ee728b)
Start importing Assets/0. Asset/1. Track/Prefabs/RTC_TrackParts/TrackVariant/RTC_BankLeft_TurnShort Variant.prefab using Guid(b2b8c1aa3425c224393a70eac0498ee2) Importer(815301076,1909f56bfc062723c751e8b465ee728b)  -> (artifact id: '8f11114926249ea9070a41fe463ffcbf') in 0.073830 seconds 
========================================================================
Received Import Request.
  Time since last request: 0.000026 seconds.
  path: Assets/0. Asset/1. Track/Prefabs/RTC_TrackParts/TrackVariant/RTC_ChicaneS_Right Variant.prefab
  artifactKey: Guid(3a5c263394beba949b1ff3dccfc65798) Importer(815301076,1909f56bfc062723c751e8b465ee728b)
Start importing Assets/0. Asset/1. Track/Prefabs/RTC_TrackParts/TrackVariant/RTC_ChicaneS_Right Variant.prefab using Guid(3a5c263394beba949b1ff3dccfc65798) Importer(815301076,1909f56bfc062723c751e8b465ee728b)  -> (artifact id: 'ab0b4ac3216cb27997ddefb0b1f5dbbe') in 0.097407 seconds 
========================================================================
Received Import Request.
  Time since last request: 0.000041 seconds.
  path: Assets/0. Asset/1. Track/Prefabs/RTC_TrackParts/TrackVariant/RTC_Ramp_TurnLeft_5m Variant.prefab
  artifactKey: Guid(74f1e5fc913695e4890b60503af10d6d) Importer(815301076,1909f56bfc062723c751e8b465ee728b)
Start importing Assets/0. Asset/1. Track/Prefabs/RTC_TrackParts/TrackVariant/RTC_Ramp_TurnLeft_5m Variant.prefab using Guid(74f1e5fc913695e4890b60503af10d6d) Importer(815301076,1909f56bfc062723c751e8b465ee728b)  -> (artifact id: '264ec6dea580e5a680269765139c40ce') in 0.067370 seconds 
========================================================================
Received Import Request.
  Time since last request: 0.712843 seconds.
  path: Assets/0. Asset/1. Track/Prefabs/RTC_TrackParts/TrackVariant/RTC_StraightLong Variant.prefab
  artifactKey: Guid(94fcb8ce346908e4394be87b767d0a02) Importer(815301076,1909f56bfc062723c751e8b465ee728b)
Start importing Assets/0. Asset/1. Track/Prefabs/RTC_TrackParts/TrackVariant/RTC_StraightLong Variant.prefab using Guid(94fcb8ce346908e4394be87b767d0a02) Importer(815301076,1909f56bfc062723c751e8b465ee728b)  -> (artifact id: 'dd2c4b11bbba5599458d775d7683b992') in 0.079486 seconds 
========================================================================
Received Import Request.
  Time since last request: 0.275261 seconds.
  path: Assets/0. Asset/1. Track/Prefabs/RTC_TrackParts/TrackVariant/RTC_TurnShort Variant.prefab
  artifactKey: Guid(a7afdcfe18fbbaf4e9f1e0c4a60829f7) Importer(815301076,1909f56bfc062723c751e8b465ee728b)
Start importing Assets/0. Asset/1. Track/Prefabs/RTC_TrackParts/TrackVariant/RTC_TurnShort Variant.prefab using Guid(a7afdcfe18fbbaf4e9f1e0c4a60829f7) Importer(815301076,1909f56bfc062723c751e8b465ee728b)  -> (artifact id: '6605034c8d9dd1363dda3892fdd0ebb0') in 0.247315 seconds 
========================================================================
Received Import Request.
  Time since last request: 1.034107 seconds.
  path: Assets/0. Asset/1. Track/Prefabs/RTC_TrackParts/RTC_StraightLong.prefab
  artifactKey: Guid(cea6e5cd9de6ce74cb55b4b59c16f8b9) Importer(815301076,1909f56bfc062723c751e8b465ee728b)
Start importing Assets/0. Asset/1. Track/Prefabs/RTC_TrackParts/RTC_StraightLong.prefab using Guid(cea6e5cd9de6ce74cb55b4b59c16f8b9) Importer(815301076,1909f56bfc062723c751e8b465ee728b)  -> (artifact id: 'e0b2f1699c2e5e8749a054d06f1fe989') in 0.045715 seconds 
========================================================================
Received Import Request.
  Time since last request: 0.000036 seconds.
  path: Assets/0. Asset/1. Track/Prefabs/RTC_TrackParts/RTC_TurnShort.prefab
  artifactKey: Guid(3d50c40306d539144a82cf42e6271cc9) Importer(815301076,1909f56bfc062723c751e8b465ee728b)
Start importing Assets/0. Asset/1. Track/Prefabs/RTC_TrackParts/RTC_TurnShort.prefab using Guid(3d50c40306d539144a82cf42e6271cc9) Importer(815301076,1909f56bfc062723c751e8b465ee728b)  -> (artifact id: 'c74efbc19cd68b33b8288764a210c034') in 0.064712 seconds 
========================================================================
Received Import Request.
  Time since last request: 521.689698 seconds.
  path: Assets/0. Asset/1. Track/Terrain_road_2x2.fbx
  artifactKey: Guid(bf10cdb6160f2de41935d2a1cb42aee6) Importer(815301076,1909f56bfc062723c751e8b465ee728b)
Start importing Assets/0. Asset/1. Track/Terrain_road_2x2.fbx using Guid(bf10cdb6160f2de41935d2a1cb42aee6) Importer(815301076,1909f56bfc062723c751e8b465ee728b)  -> (artifact id: 'e086ee20a78fcbcbfc90309bc9f2d635') in 0.190911 seconds 
========================================================================
Received Import Request.
  Time since last request: 0.000042 seconds.
  path: Assets/0. Asset/1. Track/Terrain_road_4x4.fbx
  artifactKey: Guid(8b8adb0c0a192824f96d0228d3d6dae9) Importer(815301076,1909f56bfc062723c751e8b465ee728b)
Start importing Assets/0. Asset/1. Track/Terrain_road_4x4.fbx using Guid(8b8adb0c0a192824f96d0228d3d6dae9) Importer(815301076,1909f56bfc062723c751e8b465ee728b)  -> (artifact id: '41d4586bcf0195535db20011c9814fea') in 0.032498 seconds 
========================================================================
Received Import Request.
  Time since last request: 0.000064 seconds.
  path: Assets/0. Asset/1. Track/Terrain_road_3x3.fbx
  artifactKey: Guid(fa4283b9b5c44ec48aa5fc4a39b1b114) Importer(815301076,1909f56bfc062723c751e8b465ee728b)
Start importing Assets/0. Asset/1. Track/Terrain_road_3x3.fbx using Guid(fa4283b9b5c44ec48aa5fc4a39b1b114) Importer(815301076,1909f56bfc062723c751e8b465ee728b)  -> (artifact id: '9d5aaab34d07d4408a2de1207579f03a') in 0.039628 seconds 
========================================================================
Received Import Request.
  Time since last request: 0.000050 seconds.
  path: Assets/0. Asset/1. Track/Terrain_road_2x8_big2small_1.fbx
  artifactKey: Guid(fd8f9fddbb4d7fe4a8b16e5fd4923bde) Importer(815301076,1909f56bfc062723c751e8b465ee728b)
Start importing Assets/0. Asset/1. Track/Terrain_road_2x8_big2small_1.fbx using Guid(fd8f9fddbb4d7fe4a8b16e5fd4923bde) Importer(815301076,1909f56bfc062723c751e8b465ee728b)  -> (artifact id: 'c284219163fe8f204fd19e8f5196195d') in 0.073209 seconds 
========================================================================
Received Import Request.
  Time since last request: 0.000030 seconds.
  path: Assets/0. Asset/1. Track/Terrain_road_4x4_roadsidewalk.fbx
  artifactKey: Guid(9f2bb0a80048e4e41be0406448f00919) Importer(815301076,1909f56bfc062723c751e8b465ee728b)
Start importing Assets/0. Asset/1. Track/Terrain_road_4x4_roadsidewalk.fbx using Guid(9f2bb0a80048e4e41be0406448f00919) Importer(815301076,1909f56bfc062723c751e8b465ee728b)  -> (artifact id: '7df4f2e33159a91afe8c4a0acfebe829') in 0.044865 seconds 
========================================================================
Received Import Request.
  Time since last request: 17.975222 seconds.
  path: Assets/0. Asset/1. Track/Terrain_road_6x2_smallRoad_2sidewalks.fbx
  artifactKey: Guid(31cd255f715e87842a6ddb598ea949a2) Importer(815301076,1909f56bfc062723c751e8b465ee728b)
Start importing Assets/0. Asset/1. Track/Terrain_road_6x2_smallRoad_2sidewalks.fbx using Guid(31cd255f715e87842a6ddb598ea949a2) Importer(815301076,1909f56bfc062723c751e8b465ee728b)  -> (artifact id: '0c106fcd6aa6aa4efa6306829a32c6ee') in 0.053286 seconds 
========================================================================
Received Import Request.
  Time since last request: 0.219766 seconds.
  path: Assets/0. Asset/1. Track/Terrain_road_6x6_smallTurn.fbx
  artifactKey: Guid(35614219b324fe24daa761fb82c02fa9) Importer(815301076,1909f56bfc062723c751e8b465ee728b)
Start importing Assets/0. Asset/1. Track/Terrain_road_6x6_smallTurn.fbx using Guid(35614219b324fe24daa761fb82c02fa9) Importer(815301076,1909f56bfc062723c751e8b465ee728b)  -> (artifact id: 'd3d5dac5c9a1e8cc18da1a3c01a405a4') in 0.066997 seconds 
========================================================================
Received Import Request.
  Time since last request: 0.155594 seconds.
  path: Assets/0. Asset/1. Track/Terrain_road_8x8.fbx
  artifactKey: Guid(747bdedd3f6e9ab44ad53b602c818f19) Importer(815301076,1909f56bfc062723c751e8b465ee728b)
Start importing Assets/0. Asset/1. Track/Terrain_road_8x8.fbx using Guid(747bdedd3f6e9ab44ad53b602c818f19) Importer(815301076,1909f56bfc062723c751e8b465ee728b)  -> (artifact id: '469b6275a5db26867c79319d6d5793f4') in 0.057986 seconds 
========================================================================
Received Import Request.
  Time since last request: 0.000048 seconds.
  path: Assets/0. Asset/1. Track/Terrain_road_8x8_bigT.fbx
  artifactKey: Guid(725bcf370dda1af47bdb79b49703df10) Importer(815301076,1909f56bfc062723c751e8b465ee728b)
Start importing Assets/0. Asset/1. Track/Terrain_road_8x8_bigT.fbx using Guid(725bcf370dda1af47bdb79b49703df10) Importer(815301076,1909f56bfc062723c751e8b465ee728b)  -> (artifact id: '1c06e11ce633a8b4393be092cafe80bd') in 0.043399 seconds 
========================================================================
Received Import Request.
  Time since last request: 737.774349 seconds.
  path: Assets/0. Asset/3. Building/0. Desert Building/Prefabs/Desert_Village_Bucket.prefab
  artifactKey: Guid(5e22c709abb2c1d45ad476ea4b03de35) Importer(815301076,1909f56bfc062723c751e8b465ee728b)
Start importing Assets/0. Asset/3. Building/0. Desert Building/Prefabs/Desert_Village_Bucket.prefab using Guid(5e22c709abb2c1d45ad476ea4b03de35) Importer(815301076,1909f56bfc062723c751e8b465ee728b)  -> (artifact id: '0d60522499686697af5e4c5dc5acdf08') in 0.029398 seconds 
========================================================================
Received Import Request.
  Time since last request: 0.007499 seconds.
  path: Assets/0. Asset/3. Building/0. Desert Building/Prefabs/Desert_Village_House_4.prefab
  artifactKey: Guid(d800a4f4583b26248a0986838df623c6) Importer(815301076,1909f56bfc062723c751e8b465ee728b)
Start importing Assets/0. Asset/3. Building/0. Desert Building/Prefabs/Desert_Village_House_4.prefab using Guid(d800a4f4583b26248a0986838df623c6) Importer(815301076,1909f56bfc062723c751e8b465ee728b)  -> (artifact id: 'f690773c246d3751024eb4b6f45ce661') in 0.037253 seconds 
========================================================================
Received Import Request.
  Time since last request: 0.000025 seconds.
  path: Assets/0. Asset/3. Building/0. Desert Building/Prefabs/Desert_Village_House_3.prefab
  artifactKey: Guid(0faca65c8f14644408f4114d41941bc2) Importer(815301076,1909f56bfc062723c751e8b465ee728b)
Start importing Assets/0. Asset/3. Building/0. Desert Building/Prefabs/Desert_Village_House_3.prefab using Guid(0faca65c8f14644408f4114d41941bc2) Importer(815301076,1909f56bfc062723c751e8b465ee728b)  -> (artifact id: '38d7059606ba39c2d1a1d9be09ce1e5b') in 0.031192 seconds 
========================================================================
Received Import Request.
  Time since last request: 0.000027 seconds.
  path: Assets/0. Asset/3. Building/0. Desert Building/Prefabs/Desert_Village_House_1.prefab
  artifactKey: Guid(b7d5a31e2b3908746b39720151582136) Importer(815301076,1909f56bfc062723c751e8b465ee728b)
Start importing Assets/0. Asset/3. Building/0. Desert Building/Prefabs/Desert_Village_House_1.prefab using Guid(b7d5a31e2b3908746b39720151582136) Importer(815301076,1909f56bfc062723c751e8b465ee728b)  -> (artifact id: '1ca3b0cebec480a63365b2925a183547') in 0.027425 seconds 
========================================================================
Received Import Request.
  Time since last request: 0.000036 seconds.
  path: Assets/0. Asset/3. Building/0. Desert Building/Prefabs/Desert_Village_Desert.prefab
  artifactKey: Guid(01fe0c353c6dfb947b34071429662c08) Importer(815301076,1909f56bfc062723c751e8b465ee728b)
Start importing Assets/0. Asset/3. Building/0. Desert Building/Prefabs/Desert_Village_Desert.prefab using Guid(01fe0c353c6dfb947b34071429662c08) Importer(815301076,1909f56bfc062723c751e8b465ee728b)  -> (artifact id: '1e981c75315c55b3bfed1d8217909b3f') in 0.027544 seconds 
========================================================================
Received Import Request.
  Time since last request: 0.000023 seconds.
  path: Assets/0. Asset/3. Building/0. Desert Building/Prefabs/Desert_Village_House_2.prefab
  artifactKey: Guid(41435389b060aac45929f968c7e64a12) Importer(815301076,1909f56bfc062723c751e8b465ee728b)
Start importing Assets/0. Asset/3. Building/0. Desert Building/Prefabs/Desert_Village_House_2.prefab using Guid(41435389b060aac45929f968c7e64a12) Importer(815301076,1909f56bfc062723c751e8b465ee728b)  -> (artifact id: '78d6874c00a19d0bf5503bff435dda03') in 0.021597 seconds 
========================================================================
Received Import Request.
  Time since last request: 0.614825 seconds.
  path: Assets/0. Asset/3. Building/0. Desert Building/Prefabs/Desert_Village_Threshold_Rock.prefab
  artifactKey: Guid(07b9db8a4c5b12449b9ee8e9fbccd558) Importer(815301076,1909f56bfc062723c751e8b465ee728b)
Start importing Assets/0. Asset/3. Building/0. Desert Building/Prefabs/Desert_Village_Threshold_Rock.prefab using Guid(07b9db8a4c5b12449b9ee8e9fbccd558) Importer(815301076,1909f56bfc062723c751e8b465ee728b)  -> (artifact id: 'c16c71ee6c9f81dc75bf955c2031fb49') in 0.020513 seconds 
========================================================================
Received Import Request.
  Time since last request: 3.535176 seconds.
  path: Assets/0. Asset/3. Building/0. Desert Building/Meshes/Desert_Village_Bucket.fbx
  artifactKey: Guid(b58053af909ca22408b1f5b548446bd9) Importer(815301076,1909f56bfc062723c751e8b465ee728b)
Start importing Assets/0. Asset/3. Building/0. Desert Building/Meshes/Desert_Village_Bucket.fbx using Guid(b58053af909ca22408b1f5b548446bd9) Importer(815301076,1909f56bfc062723c751e8b465ee728b)  -> (artifact id: '3fea6868a08c615e0bdbe89db7126ab6') in 0.123806 seconds 
========================================================================
Received Import Request.
  Time since last request: 0.000023 seconds.
  path: Assets/0. Asset/3. Building/0. Desert Building/Meshes/Desert_Village_House_3.fbx
  artifactKey: Guid(feb0b2c230a9ce64a8d3864403493271) Importer(815301076,1909f56bfc062723c751e8b465ee728b)
Start importing Assets/0. Asset/3. Building/0. Desert Building/Meshes/Desert_Village_House_3.fbx using Guid(feb0b2c230a9ce64a8d3864403493271) Importer(815301076,1909f56bfc062723c751e8b465ee728b)  -> (artifact id: '255aa778d3114bced44feef7beed699d') in 0.201160 seconds 
========================================================================
Received Import Request.
  Time since last request: 0.000046 seconds.
  path: Assets/0. Asset/3. Building/0. Desert Building/Meshes/Desert_Village_Palm_2.fbx
  artifactKey: Guid(bd1cd74bc579fdc46aefe096deb98eee) Importer(815301076,1909f56bfc062723c751e8b465ee728b)
Start importing Assets/0. Asset/3. Building/0. Desert Building/Meshes/Desert_Village_Palm_2.fbx using Guid(bd1cd74bc579fdc46aefe096deb98eee) Importer(815301076,1909f56bfc062723c751e8b465ee728b)  -> (artifact id: '7424cfa32dab2c6462f2dd64b8c2f02d') in 0.106018 seconds 
========================================================================
Received Import Request.
  Time since last request: 0.008165 seconds.
  path: Assets/0. Asset/3. Building/0. Desert Building/Meshes/Desert_Village_Tent_1.fbx
  artifactKey: Guid(70f154671adeffe46bf3ecc2d3729788) Importer(815301076,1909f56bfc062723c751e8b465ee728b)
Start importing Assets/0. Asset/3. Building/0. Desert Building/Meshes/Desert_Village_Tent_1.fbx using Guid(70f154671adeffe46bf3ecc2d3729788) Importer(815301076,1909f56bfc062723c751e8b465ee728b)  -> (artifact id: 'dbcc72143e1f249c0be0160030d23a28') in 0.031420 seconds 
========================================================================
Received Import Request.
  Time since last request: 4.133654 seconds.
  path: Assets/0. Asset/3. Building/0. Desert Building/Materials/M_House_Wall_Out.mat
  artifactKey: Guid(c7723ce6f37ea4542a08e60147b04617) Importer(815301076,1909f56bfc062723c751e8b465ee728b)
Start importing Assets/0. Asset/3. Building/0. Desert Building/Materials/M_House_Wall_Out.mat using Guid(c7723ce6f37ea4542a08e60147b04617) Importer(815301076,1909f56bfc062723c751e8b465ee728b)  -> (artifact id: '359a48e9430062435af2e02d822aa223') in 0.042042 seconds 
========================================================================
Received Import Request.
  Time since last request: 0.000069 seconds.
  path: Assets/0. Asset/3. Building/0. Desert Building/Materials/M_Palm_Wood.mat
  artifactKey: Guid(eb49341bc73e73744a69d5618d5935bd) Importer(815301076,1909f56bfc062723c751e8b465ee728b)
Start importing Assets/0. Asset/3. Building/0. Desert Building/Materials/M_Palm_Wood.mat using Guid(eb49341bc73e73744a69d5618d5935bd) Importer(815301076,1909f56bfc062723c751e8b465ee728b)  -> (artifact id: 'a024b43283be6bb1bb85ff15e84c1725') in 0.042728 seconds 
========================================================================
Received Import Request.
  Time since last request: 0.000025 seconds.
  path: Assets/0. Asset/3. Building/0. Desert Building/Materials/M_Towel_Green.mat
  artifactKey: Guid(e2753d972a5c05b459b8f6960aa74f6f) Importer(815301076,1909f56bfc062723c751e8b465ee728b)
Start importing Assets/0. Asset/3. Building/0. Desert Building/Materials/M_Towel_Green.mat using Guid(e2753d972a5c05b459b8f6960aa74f6f) Importer(815301076,1909f56bfc062723c751e8b465ee728b)  -> (artifact id: '7d33248964ae49570b5927f8f0d789cd') in 0.027936 seconds 
========================================================================
Received Import Request.
  Time since last request: 13.214879 seconds.
  path: Assets/0. Asset/3. Building/0. Desert Building/Scene/Desert_Village/Lightmap-0_comp_dir.png
  artifactKey: Guid(278548aa98c65a84e82f17c76ffd4536) Importer(815301076,1909f56bfc062723c751e8b465ee728b)
Start importing Assets/0. Asset/3. Building/0. Desert Building/Scene/Desert_Village/Lightmap-0_comp_dir.png using Guid(278548aa98c65a84e82f17c76ffd4536) Importer(815301076,1909f56bfc062723c751e8b465ee728b)  -> (artifact id: 'db38657091cfe5b59773e0c9b3d1f9ec') in 0.043459 seconds 
========================================================================
Received Import Request.
  Time since last request: 0.000048 seconds.
  path: Assets/0. Asset/3. Building/0. Desert Building/Scene/Desert_Village/Lightmap-4_comp_light.exr
  artifactKey: Guid(4039b6f4b69055345b8b4e83c5242b87) Importer(815301076,1909f56bfc062723c751e8b465ee728b)
Start importing Assets/0. Asset/3. Building/0. Desert Building/Scene/Desert_Village/Lightmap-4_comp_light.exr using Guid(4039b6f4b69055345b8b4e83c5242b87) Importer(815301076,1909f56bfc062723c751e8b465ee728b)  -> (artifact id: '167168f49bdd6b9e66570cfdf1fbfc9b') in 0.087347 seconds 
========================================================================
Received Import Request.
  Time since last request: 0.000066 seconds.
  path: Assets/0. Asset/3. Building/0. Desert Building/Scene/Desert_Village/Lightmap-2_comp_dir.png
  artifactKey: Guid(192d621144419eb41ae9bb9fceb4fb9b) Importer(815301076,1909f56bfc062723c751e8b465ee728b)
Start importing Assets/0. Asset/3. Building/0. Desert Building/Scene/Desert_Village/Lightmap-2_comp_dir.png using Guid(192d621144419eb41ae9bb9fceb4fb9b) Importer(815301076,1909f56bfc062723c751e8b465ee728b)  -> (artifact id: '1daf19424cdfec24a391cee9236cd097') in 0.048664 seconds 
========================================================================
Received Import Request.
  Time since last request: 0.663353 seconds.
  path: Assets/0. Asset/3. Building/0. Desert Building/Scene/Desert_Village/Lightmap-6_comp_light.exr
  artifactKey: Guid(bdba0aa08f8c95c4db6321b7805b6036) Importer(815301076,1909f56bfc062723c751e8b465ee728b)
Start importing Assets/0. Asset/3. Building/0. Desert Building/Scene/Desert_Village/Lightmap-6_comp_light.exr using Guid(bdba0aa08f8c95c4db6321b7805b6036) Importer(815301076,1909f56bfc062723c751e8b465ee728b)  -> (artifact id: 'c1abad7b36febdb8de074f5a7a6f2759') in 0.027443 seconds 
Editor requested this worker to shutdown with reason: Scaling down because of idle timeout
AssetImportWorker is now disconnected from the server
Process exiting
Exiting without the bug reporter. Application will terminate with return code 0