Using pre-set license
Built from '2021.3/staging' branch; Version is '2021.3.25f1 (68ef2c4f8861) revision 6876972'; Using compiler version '192829333'; Build Type 'Release'
OS: 'Windows 11  (10.0.22621) 64bit Professional' Language: 'ko' Physical Memory: 16055 MB
BatchMode: 1, IsHumanControllingUs: 0, StartBugReporterOnCrash: 0, Is64bit: 1, IsPro: 1

COMMAND LINE ARGUMENTS:
C:\Program Files\Unity\Hub\Editor\2021.3.25f1\Editor\Unity.exe
-adb2
-batchMode
-noUpm
-name
AssetImportWorker23
-projectPath
C:/Users/won12/OneDrive/ë¬¸ì„œ/GitHub/Racing-Game-Project/Racing Game Project
-logFile
Logs/AssetImportWorker23.log
-srvPort
65332
Successfully changed project path to: C:/Users/won12/OneDrive/ë¬¸ì„œ/GitHub/Racing-Game-Project/Racing Game Project
C:/Users/won12/OneDrive/ë¬¸ì„œ/GitHub/Racing-Game-Project/Racing Game Project
[UnityMemory] Configuration Parameters - Can be set up in boot.config
    "memorysetup-bucket-allocator-granularity=16"
    "memorysetup-bucket-allocator-bucket-count=8"
    "memorysetup-bucket-allocator-block-size=33554432"
    "memorysetup-bucket-allocator-block-count=8"
    "memorysetup-main-allocator-block-size=16777216"
    "memorysetup-thread-allocator-block-size=16777216"
    "memorysetup-gfx-main-allocator-block-size=16777216"
    "memorysetup-gfx-thread-allocator-block-size=16777216"
    "memorysetup-cache-allocator-block-size=4194304"
    "memorysetup-typetree-allocator-block-size=2097152"
    "memorysetup-profiler-bucket-allocator-granularity=16"
    "memorysetup-profiler-bucket-allocator-bucket-count=8"
    "memorysetup-profiler-bucket-allocator-block-size=33554432"
    "memorysetup-profiler-bucket-allocator-block-count=8"
    "memorysetup-profiler-allocator-block-size=16777216"
    "memorysetup-profiler-editor-allocator-block-size=1048576"
    "memorysetup-temp-allocator-size-main=16777216"
    "memorysetup-job-temp-allocator-block-size=2097152"
    "memorysetup-job-temp-allocator-block-size-background=1048576"
    "memorysetup-job-temp-allocator-reduction-small-platforms=262144"
    "memorysetup-temp-allocator-size-background-worker=32768"
    "memorysetup-temp-allocator-size-job-worker=262144"
    "memorysetup-temp-allocator-size-preload-manager=33554432"
    "memorysetup-temp-allocator-size-nav-mesh-worker=65536"
    "memorysetup-temp-allocator-size-audio-worker=65536"
    "memorysetup-temp-allocator-size-cloud-worker=32768"
    "memorysetup-temp-allocator-size-gi-baking-worker=262144"
    "memorysetup-temp-allocator-size-gfx=262144"
Player connection [80604] Host "[IP] 192.168.20.18 [Port] 0 [Flags] 2 [Guid] 1707098646 [EditorId] 1707098646 [Version] 1048832 [Id] WindowsEditor(7,À×ÇÊ¿øÀÌ) [Debug] 1 [PackageName] WindowsEditor [ProjectName] Editor" joined multi-casting on [225.0.0.222:54997]...

Player connection [80604] Host "[IP] 192.168.20.18 [Port] 0 [Flags] 2 [Guid] 1707098646 [EditorId] 1707098646 [Version] 1048832 [Id] WindowsEditor(7,À×ÇÊ¿øÀÌ) [Debug] 1 [PackageName] WindowsEditor [ProjectName] Editor" joined alternative multi-casting on [225.0.0.222:34997]...

Refreshing native plugins compatible for Editor in 98.84 ms, found 3 plugins.
Preloading 0 native plugins for Editor in 0.00 ms.
Initialize engine version: 2021.3.25f1 (68ef2c4f8861)
[Subsystems] Discovering subsystems at path C:/Program Files/Unity/Hub/Editor/2021.3.25f1/Editor/Data/Resources/UnitySubsystems
[Subsystems] Discovering subsystems at path C:/Users/won12/OneDrive/ë¬¸ì„œ/GitHub/Racing-Game-Project/Racing Game Project/Assets
GfxDevice: creating device client; threaded=0; jobified=0
Direct3D:
    Version:  Direct3D 11.0 [level 11.1]
    Renderer: NVIDIA GeForce RTX 3050 Ti Laptop GPU (ID=0x25a0)
    Vendor:   NVIDIA
    VRAM:     3978 MB
    Driver:   31.0.15.4609
Initialize mono
Mono path[0] = 'C:/Program Files/Unity/Hub/Editor/2021.3.25f1/Editor/Data/Managed'
Mono path[1] = 'C:/Program Files/Unity/Hub/Editor/2021.3.25f1/Editor/Data/MonoBleedingEdge/lib/mono/unityjit-win32'
Mono config path = 'C:/Program Files/Unity/Hub/Editor/2021.3.25f1/Editor/Data/MonoBleedingEdge/etc'
Using monoOptions --debugger-agent=transport=dt_socket,embedding=1,server=y,suspend=n,address=127.0.0.1:56024
Begin MonoManager ReloadAssembly
Registering precompiled unity dll's ...
Register platform support module: C:/Program Files/Unity/Hub/Editor/2021.3.25f1/Editor/Data/PlaybackEngines/AndroidPlayer/UnityEditor.Android.Extensions.dll
Register platform support module: C:/Program Files/Unity/Hub/Editor/2021.3.25f1/Editor/Data/PlaybackEngines/WindowsStandaloneSupport/UnityEditor.WindowsStandalone.Extensions.dll
Registered in 0.008268 seconds.
Native extension for WindowsStandalone target not found
Native extension for Android target not found
Android Extension - Scanning For ADB Devices 489 ms
Refreshing native plugins compatible for Editor in 80.67 ms, found 3 plugins.
Preloading 0 native plugins for Editor in 0.00 ms.
Mono: successfully reloaded assembly
- Completed reload, in  1.407 seconds
Domain Reload Profiling:
	ReloadAssembly (1408ms)
		BeginReloadAssembly (104ms)
			ExecutionOrderSort (0ms)
			DisableScriptedObjects (0ms)
			BackupInstance (0ms)
			ReleaseScriptingObjects (0ms)
			CreateAndSetChildDomain (1ms)
		EndReloadAssembly (1165ms)
			LoadAssemblies (103ms)
			RebuildTransferFunctionScriptingTraits (0ms)
			SetupTypeCache (189ms)
			ReleaseScriptCaches (0ms)
			RebuildScriptCaches (30ms)
			SetupLoadedEditorAssemblies (876ms)
				LogAssemblyErrors (0ms)
				InitializePlatformSupportModulesInManaged (615ms)
				SetLoadedEditorAssemblies (0ms)
				RefreshPlugins (81ms)
				BeforeProcessingInitializeOnLoad (2ms)
				ProcessInitializeOnLoadAttributes (125ms)
				ProcessInitializeOnLoadMethodAttributes (52ms)
				AfterProcessingInitializeOnLoad (0ms)
				EditorAssembliesLoaded (0ms)
			ExecutionOrderSort2 (0ms)
			AwakeInstancesAfterBackupRestoration (0ms)
Platform modules already initialized, skipping
Registering precompiled user dll's ...
Registered in 0.006211 seconds.
Begin MonoManager ReloadAssembly
Symbol file LoadedFromMemory doesn't match image C:\Users\won12\OneDrive\ë¬¸ì„œ\GitHub\Racing-Game-Project\Racing Game Project\Library\PackageCache\com.unity.visualscripting@1.8.0\Editor\VisualScripting.Core\Dependencies\YamlDotNet\Unity.VisualScripting.YamlDotNet.dll
Symbol file LoadedFromMemory doesn't match image C:\Users\won12\OneDrive\ë¬¸ì„œ\GitHub\Racing-Game-Project\Racing Game Project\Library\PackageCache\com.unity.visualscripting@1.8.0\Editor\VisualScripting.Core\Dependencies\DotNetZip\Unity.VisualScripting.IonicZip.dll
Native extension for WindowsStandalone target not found
Native extension for Android target not found
Refreshing native plugins compatible for Editor in 0.48 ms, found 3 plugins.
Preloading 0 native plugins for Editor in 0.00 ms.
Mono: successfully reloaded assembly
- Completed reload, in  1.208 seconds
Domain Reload Profiling:
	ReloadAssembly (1209ms)
		BeginReloadAssembly (144ms)
			ExecutionOrderSort (0ms)
			DisableScriptedObjects (6ms)
			BackupInstance (0ms)
			ReleaseScriptingObjects (0ms)
			CreateAndSetChildDomain (22ms)
		EndReloadAssembly (924ms)
			LoadAssemblies (127ms)
			RebuildTransferFunctionScriptingTraits (0ms)
			SetupTypeCache (312ms)
			ReleaseScriptCaches (0ms)
			RebuildScriptCaches (61ms)
			SetupLoadedEditorAssemblies (397ms)
				LogAssemblyErrors (0ms)
				InitializePlatformSupportModulesInManaged (23ms)
				SetLoadedEditorAssemblies (0ms)
				RefreshPlugins (1ms)
				BeforeProcessingInitializeOnLoad (98ms)
				ProcessInitializeOnLoadAttributes (252ms)
				ProcessInitializeOnLoadMethodAttributes (17ms)
				AfterProcessingInitializeOnLoad (6ms)
				EditorAssembliesLoaded (0ms)
			ExecutionOrderSort2 (0ms)
			AwakeInstancesAfterBackupRestoration (10ms)
Platform modules already initialized, skipping
========================================================================
Worker process is ready to serve import requests
Launched and connected shader compiler UnityShaderCompiler.exe after 0.07 seconds
Refreshing native plugins compatible for Editor in 0.57 ms, found 3 plugins.
Preloading 0 native plugins for Editor in 0.00 ms.
Unloading 3051 Unused Serialized files (Serialized files now loaded: 0)
Unloading 22 unused Assets / (284.3 KB). Loaded Objects now: 3535.
Memory consumption went from 126.0 MB to 125.7 MB.
Total: 3.625000 ms (FindLiveObjects: 0.210600 ms CreateObjectMapping: 0.136400 ms MarkObjects: 3.184800 ms  DeleteObjects: 0.091800 ms)

AssetImportParameters requested are different than current active one (requested -> active):
  custom:video-decoder-ogg-theora: a1e56fd34408186e4bbccfd4996cb3dc -> 
  custom:container-muxer-webm: aa71ff27fc2769a1b78a27578f13a17b -> 
  custom:container-demuxer-webm: 4f35f7cbe854078d1ac9338744f61a02 -> 
  custom:video-encoder-webm-vp8: eb34c28f22e8b96e1ab97ce403110664 -> 
  custom:video-codec-MediaFoundation-h265: 746d11721c4dcdbdad8f713fa42b33f4 -> 
  custom:audio-encoder-webm-vorbis: bf7c407c2cedff20999df2af8eb42d56 -> 
  custom:framework-win-MediaFoundation: 216162199b28c13a410421893ffa2e32 -> 
  custom:container-demuxer-ogg: 62fdf1f143b41e24485cea50d1cbac27 -> 
  custom:video-decoder-webm-vp8: 9c59270c3fd7afecdb556c50c9e8de78 -> 
  custom:audio-decoder-ogg-vorbis: bf7c407c2cedff20999df2af8eb42d56 -> 
========================================================================
Received Import Request.
  Time since last request: 1665825.642240 seconds.
  path: Assets/0. Asset/3. Building/0. Desert Building/Desert Buildings/Materials/Desert_Building_V3.mat
  artifactKey: Guid(77caf1b58573ebc4c91a392c11d5984f) Importer(815301076,1909f56bfc062723c751e8b465ee728b)
Start importing Assets/0. Asset/3. Building/0. Desert Building/Desert Buildings/Materials/Desert_Building_V3.mat using Guid(77caf1b58573ebc4c91a392c11d5984f) Importer(815301076,1909f56bfc062723c751e8b465ee728b)  -> (artifact id: '265e95763e757e2fc69dacdf2d020575') in 0.221612 seconds 
========================================================================
Received Import Request.
  Time since last request: 0.673144 seconds.
  path: Assets/0. Asset/3. Building/0. Desert Building/Desert Buildings/Models/Desert_Building_V3.fbx
  artifactKey: Guid(47eef5e0f202f2040a9e9db524a58c16) Importer(815301076,1909f56bfc062723c751e8b465ee728b)
Start importing Assets/0. Asset/3. Building/0. Desert Building/Desert Buildings/Models/Desert_Building_V3.fbx using Guid(47eef5e0f202f2040a9e9db524a58c16) Importer(815301076,1909f56bfc062723c751e8b465ee728b)  -> (artifact id: '28472fbfd4f7d97233b053fd8adce226') in 0.079489 seconds 
========================================================================
Received Import Request.
  Time since last request: 1.894365 seconds.
  path: Assets/0. Asset/3. Building/0. Desert Building/Desert Buildings/Textures/Desert_Building_V1_Normal.png
  artifactKey: Guid(0b21089cda09b2d43a44d3b9715267cf) Importer(815301076,1909f56bfc062723c751e8b465ee728b)
Start importing Assets/0. Asset/3. Building/0. Desert Building/Desert Buildings/Textures/Desert_Building_V1_Normal.png using Guid(0b21089cda09b2d43a44d3b9715267cf) Importer(815301076,1909f56bfc062723c751e8b465ee728b)  -> (artifact id: '8d99de5ed4b80e10cca115d86c55274f') in 0.088245 seconds 
========================================================================
Received Import Request.
  Time since last request: 0.000029 seconds.
  path: Assets/0. Asset/3. Building/0. Desert Building/Desert Buildings/Textures/Desert_Building_V2_AlbedoTransparency.png
  artifactKey: Guid(3b2baef91083fd04496d07d1c6777790) Importer(815301076,1909f56bfc062723c751e8b465ee728b)
Start importing Assets/0. Asset/3. Building/0. Desert Building/Desert Buildings/Textures/Desert_Building_V2_AlbedoTransparency.png using Guid(3b2baef91083fd04496d07d1c6777790) Importer(815301076,1909f56bfc062723c751e8b465ee728b)  -> (artifact id: 'c0443fa98df825bc99ec7b4cc6d08396') in 0.027302 seconds 
========================================================================
Received Import Request.
  Time since last request: 0.000039 seconds.
  path: Assets/0. Asset/3. Building/0. Desert Building/Desert Buildings/Textures/Desert_Building_V3_AlbedoTransparency.png
  artifactKey: Guid(8dcbdcc0a99403842ad7ce1073e73be4) Importer(815301076,1909f56bfc062723c751e8b465ee728b)
Start importing Assets/0. Asset/3. Building/0. Desert Building/Desert Buildings/Textures/Desert_Building_V3_AlbedoTransparency.png using Guid(8dcbdcc0a99403842ad7ce1073e73be4) Importer(815301076,1909f56bfc062723c751e8b465ee728b)  -> (artifact id: 'e6af55c07538055bc8466a29a41f5c84') in 0.026384 seconds 
Editor requested this worker to shutdown with reason: Scaling down because of idle timeout
AssetImportWorkerClient::OnTransportError - code=2 error=End of file
AssetImportWorker is now disconnected from the server
Process exiting
Exiting without the bug reporter. Application will terminate with return code 0