Using pre-set license
Built from '2021.3/staging' branch; Version is '2021.3.25f1 (68ef2c4f8861) revision 6876972'; Using compiler version '192829333'; Build Type 'Release'
OS: 'Windows 11  (10.0.22621) 64bit Professional' Language: 'ko' Physical Memory: 16055 MB
BatchMode: 1, IsHumanControllingUs: 0, StartBugReporterOnCrash: 0, Is64bit: 1, IsPro: 1

COMMAND LINE ARGUMENTS:
C:\Program Files\Unity\Hub\Editor\2021.3.25f1\Editor\Unity.exe
-adb2
-batchMode
-noUpm
-name
AssetImportWorker15
-projectPath
C:/Users/won12/OneDrive/ë¬¸ì„œ/GitHub/Racing-Game-Project/Racing Game Project
-logFile
Logs/AssetImportWorker15.log
-srvPort
65332
Successfully changed project path to: C:/Users/won12/OneDrive/ë¬¸ì„œ/GitHub/Racing-Game-Project/Racing Game Project
C:/Users/won12/OneDrive/ë¬¸ì„œ/GitHub/Racing-Game-Project/Racing Game Project
[UnityMemory] Configuration Parameters - Can be set up in boot.config
    "memorysetup-bucket-allocator-granularity=16"
    "memorysetup-bucket-allocator-bucket-count=8"
    "memorysetup-bucket-allocator-block-size=33554432"
    "memorysetup-bucket-allocator-block-count=8"
    "memorysetup-main-allocator-block-size=16777216"
    "memorysetup-thread-allocator-block-size=16777216"
    "memorysetup-gfx-main-allocator-block-size=16777216"
    "memorysetup-gfx-thread-allocator-block-size=16777216"
    "memorysetup-cache-allocator-block-size=4194304"
    "memorysetup-typetree-allocator-block-size=2097152"
    "memorysetup-profiler-bucket-allocator-granularity=16"
    "memorysetup-profiler-bucket-allocator-bucket-count=8"
    "memorysetup-profiler-bucket-allocator-block-size=33554432"
    "memorysetup-profiler-bucket-allocator-block-count=8"
    "memorysetup-profiler-allocator-block-size=16777216"
    "memorysetup-profiler-editor-allocator-block-size=1048576"
    "memorysetup-temp-allocator-size-main=16777216"
    "memorysetup-job-temp-allocator-block-size=2097152"
    "memorysetup-job-temp-allocator-block-size-background=1048576"
    "memorysetup-job-temp-allocator-reduction-small-platforms=262144"
    "memorysetup-temp-allocator-size-background-worker=32768"
    "memorysetup-temp-allocator-size-job-worker=262144"
    "memorysetup-temp-allocator-size-preload-manager=33554432"
    "memorysetup-temp-allocator-size-nav-mesh-worker=65536"
    "memorysetup-temp-allocator-size-audio-worker=65536"
    "memorysetup-temp-allocator-size-cloud-worker=32768"
    "memorysetup-temp-allocator-size-gi-baking-worker=262144"
    "memorysetup-temp-allocator-size-gfx=262144"
Player connection [79816] Host "[IP] 192.168.20.18 [Port] 0 [Flags] 2 [Guid] 3290430545 [EditorId] 3290430545 [Version] 1048832 [Id] WindowsEditor(7,À×ÇÊ¿øÀÌ) [Debug] 1 [PackageName] WindowsEditor [ProjectName] Editor" joined multi-casting on [225.0.0.222:54997]...

Player connection [79816] Host "[IP] 192.168.20.18 [Port] 0 [Flags] 2 [Guid] 3290430545 [EditorId] 3290430545 [Version] 1048832 [Id] WindowsEditor(7,À×ÇÊ¿øÀÌ) [Debug] 1 [PackageName] WindowsEditor [ProjectName] Editor" joined alternative multi-casting on [225.0.0.222:34997]...

Refreshing native plugins compatible for Editor in 84.95 ms, found 3 plugins.
Preloading 0 native plugins for Editor in 0.00 ms.
Initialize engine version: 2021.3.25f1 (68ef2c4f8861)
[Subsystems] Discovering subsystems at path C:/Program Files/Unity/Hub/Editor/2021.3.25f1/Editor/Data/Resources/UnitySubsystems
[Subsystems] Discovering subsystems at path C:/Users/won12/OneDrive/ë¬¸ì„œ/GitHub/Racing-Game-Project/Racing Game Project/Assets
GfxDevice: creating device client; threaded=0; jobified=0
Direct3D:
    Version:  Direct3D 11.0 [level 11.1]
    Renderer: NVIDIA GeForce RTX 3050 Ti Laptop GPU (ID=0x25a0)
    Vendor:   NVIDIA
    VRAM:     3978 MB
    Driver:   31.0.15.4609
Initialize mono
Mono path[0] = 'C:/Program Files/Unity/Hub/Editor/2021.3.25f1/Editor/Data/Managed'
Mono path[1] = 'C:/Program Files/Unity/Hub/Editor/2021.3.25f1/Editor/Data/MonoBleedingEdge/lib/mono/unityjit-win32'
Mono config path = 'C:/Program Files/Unity/Hub/Editor/2021.3.25f1/Editor/Data/MonoBleedingEdge/etc'
Using monoOptions --debugger-agent=transport=dt_socket,embedding=1,server=y,suspend=n,address=127.0.0.1:56340
Begin MonoManager ReloadAssembly
Registering precompiled unity dll's ...
Register platform support module: C:/Program Files/Unity/Hub/Editor/2021.3.25f1/Editor/Data/PlaybackEngines/AndroidPlayer/UnityEditor.Android.Extensions.dll
Register platform support module: C:/Program Files/Unity/Hub/Editor/2021.3.25f1/Editor/Data/PlaybackEngines/WindowsStandaloneSupport/UnityEditor.WindowsStandalone.Extensions.dll
Registered in 0.009025 seconds.
Native extension for WindowsStandalone target not found
Native extension for Android target not found
Android Extension - Scanning For ADB Devices 446 ms
Refreshing native plugins compatible for Editor in 65.49 ms, found 3 plugins.
Preloading 0 native plugins for Editor in 0.00 ms.
Mono: successfully reloaded assembly
- Completed reload, in  1.275 seconds
Domain Reload Profiling:
	ReloadAssembly (1276ms)
		BeginReloadAssembly (140ms)
			ExecutionOrderSort (0ms)
			DisableScriptedObjects (0ms)
			BackupInstance (0ms)
			ReleaseScriptingObjects (0ms)
			CreateAndSetChildDomain (1ms)
		EndReloadAssembly (995ms)
			LoadAssemblies (138ms)
			RebuildTransferFunctionScriptingTraits (0ms)
			SetupTypeCache (161ms)
			ReleaseScriptCaches (0ms)
			RebuildScriptCaches (27ms)
			SetupLoadedEditorAssemblies (737ms)
				LogAssemblyErrors (0ms)
				InitializePlatformSupportModulesInManaged (535ms)
				SetLoadedEditorAssemblies (0ms)
				RefreshPlugins (66ms)
				BeforeProcessingInitializeOnLoad (1ms)
				ProcessInitializeOnLoadAttributes (82ms)
				ProcessInitializeOnLoadMethodAttributes (53ms)
				AfterProcessingInitializeOnLoad (0ms)
				EditorAssembliesLoaded (0ms)
			ExecutionOrderSort2 (0ms)
			AwakeInstancesAfterBackupRestoration (0ms)
Platform modules already initialized, skipping
Registering precompiled user dll's ...
Registered in 0.005656 seconds.
Begin MonoManager ReloadAssembly
Symbol file LoadedFromMemory doesn't match image C:\Users\won12\OneDrive\ë¬¸ì„œ\GitHub\Racing-Game-Project\Racing Game Project\Library\PackageCache\com.unity.visualscripting@1.8.0\Editor\VisualScripting.Core\Dependencies\YamlDotNet\Unity.VisualScripting.YamlDotNet.dll
Symbol file LoadedFromMemory doesn't match image C:\Users\won12\OneDrive\ë¬¸ì„œ\GitHub\Racing-Game-Project\Racing Game Project\Library\PackageCache\com.unity.visualscripting@1.8.0\Editor\VisualScripting.Core\Dependencies\DotNetZip\Unity.VisualScripting.IonicZip.dll
Native extension for WindowsStandalone target not found
Native extension for Android target not found
Refreshing native plugins compatible for Editor in 0.73 ms, found 3 plugins.
Preloading 0 native plugins for Editor in 0.00 ms.
Mono: successfully reloaded assembly
- Completed reload, in  0.944 seconds
Domain Reload Profiling:
	ReloadAssembly (945ms)
		BeginReloadAssembly (108ms)
			ExecutionOrderSort (0ms)
			DisableScriptedObjects (5ms)
			BackupInstance (0ms)
			ReleaseScriptingObjects (0ms)
			CreateAndSetChildDomain (18ms)
		EndReloadAssembly (739ms)
			LoadAssemblies (84ms)
			RebuildTransferFunctionScriptingTraits (0ms)
			SetupTypeCache (236ms)
			ReleaseScriptCaches (0ms)
			RebuildScriptCaches (52ms)
			SetupLoadedEditorAssemblies (319ms)
				LogAssemblyErrors (0ms)
				InitializePlatformSupportModulesInManaged (21ms)
				SetLoadedEditorAssemblies (1ms)
				RefreshPlugins (1ms)
				BeforeProcessingInitializeOnLoad (81ms)
				ProcessInitializeOnLoadAttributes (192ms)
				ProcessInitializeOnLoadMethodAttributes (16ms)
				AfterProcessingInitializeOnLoad (7ms)
				EditorAssembliesLoaded (0ms)
			ExecutionOrderSort2 (0ms)
			AwakeInstancesAfterBackupRestoration (11ms)
Platform modules already initialized, skipping
========================================================================
Worker process is ready to serve import requests
Launched and connected shader compiler UnityShaderCompiler.exe after 0.05 seconds
Refreshing native plugins compatible for Editor in 0.62 ms, found 3 plugins.
Preloading 0 native plugins for Editor in 0.00 ms.
Unloading 3051 Unused Serialized files (Serialized files now loaded: 0)
Unloading 22 unused Assets / (284.3 KB). Loaded Objects now: 3535.
Memory consumption went from 126.5 MB to 126.2 MB.
Total: 3.305500 ms (FindLiveObjects: 0.287900 ms CreateObjectMapping: 0.112100 ms MarkObjects: 2.827500 ms  DeleteObjects: 0.076900 ms)

AssetImportParameters requested are different than current active one (requested -> active):
  custom:video-decoder-ogg-theora: a1e56fd34408186e4bbccfd4996cb3dc -> 
  custom:container-muxer-webm: aa71ff27fc2769a1b78a27578f13a17b -> 
  custom:container-demuxer-webm: 4f35f7cbe854078d1ac9338744f61a02 -> 
  custom:video-encoder-webm-vp8: eb34c28f22e8b96e1ab97ce403110664 -> 
  custom:video-codec-MediaFoundation-h265: 746d11721c4dcdbdad8f713fa42b33f4 -> 
  custom:audio-encoder-webm-vorbis: bf7c407c2cedff20999df2af8eb42d56 -> 
  custom:framework-win-MediaFoundation: 216162199b28c13a410421893ffa2e32 -> 
  custom:container-demuxer-ogg: 62fdf1f143b41e24485cea50d1cbac27 -> 
  custom:video-decoder-webm-vp8: 9c59270c3fd7afecdb556c50c9e8de78 -> 
  custom:audio-decoder-ogg-vorbis: bf7c407c2cedff20999df2af8eb42d56 -> 
========================================================================
Received Import Request.
  Time since last request: 1664298.370513 seconds.
  path: Assets/0. Asset/1. Track/Prefabs/RTC_TrackParts/TrackVariant
  artifactKey: Guid(ed572a2240933ae42bb447ff57063a35) Importer(815301076,1909f56bfc062723c751e8b465ee728b)
Start importing Assets/0. Asset/1. Track/Prefabs/RTC_TrackParts/TrackVariant using Guid(ed572a2240933ae42bb447ff57063a35) Importer(815301076,1909f56bfc062723c751e8b465ee728b)  -> (artifact id: 'f4c35bcc5050529bbb7a4cc055cc7b8a') in 0.020384 seconds 
========================================================================
Received Import Request.
  Time since last request: 0.052978 seconds.
  path: Assets/0. Asset/1. Track/Prefabs/RTC_TrackParts/TrackVariant/RTC_BankLeft_Straight Variant.prefab
  artifactKey: Guid(79b9b0d5476d368408c56250e05df462) Importer(815301076,1909f56bfc062723c751e8b465ee728b)
Start importing Assets/0. Asset/1. Track/Prefabs/RTC_TrackParts/TrackVariant/RTC_BankLeft_Straight Variant.prefab using Guid(79b9b0d5476d368408c56250e05df462) Importer(815301076,1909f56bfc062723c751e8b465ee728b)  -> (artifact id: 'bae5624f2bd960aa35c47a75896180c1') in 0.187576 seconds 
========================================================================
Received Import Request.
  Time since last request: 0.774072 seconds.
  path: Assets/0. Asset/1. Track/Prefabs/RTC_TrackParts/TrackVariant/RTC_Straight Variant.prefab
  artifactKey: Guid(a196bb309b90ac04ba66a18526dd8bf9) Importer(815301076,1909f56bfc062723c751e8b465ee728b)
Start importing Assets/0. Asset/1. Track/Prefabs/RTC_TrackParts/TrackVariant/RTC_Straight Variant.prefab using Guid(a196bb309b90ac04ba66a18526dd8bf9) Importer(815301076,1909f56bfc062723c751e8b465ee728b)  -> (artifact id: '3d614a48f7b133b7f7f0c1244454e7f1') in 0.058536 seconds 
========================================================================
Received Import Request.
  Time since last request: 0.297526 seconds.
  path: Assets/0. Asset/1. Track/Prefabs/RTC_TrackParts/TrackVariant/RTC_TurnMedium Variant.prefab
  artifactKey: Guid(0b93f99de3e3edd41b13f35c091e1bdd) Importer(815301076,1909f56bfc062723c751e8b465ee728b)
Start importing Assets/0. Asset/1. Track/Prefabs/RTC_TrackParts/TrackVariant/RTC_TurnMedium Variant.prefab using Guid(0b93f99de3e3edd41b13f35c091e1bdd) Importer(815301076,1909f56bfc062723c751e8b465ee728b)  -> (artifact id: '3f641494f891958537def34d231159e7') in 0.277789 seconds 
========================================================================
Received Import Request.
  Time since last request: 1.019509 seconds.
  path: Assets/0. Asset/1. Track/Prefabs/RTC_TrackParts/RTC_Straight.prefab
  artifactKey: Guid(abec626bf700fb64c9b38ce046237a11) Importer(815301076,1909f56bfc062723c751e8b465ee728b)
Start importing Assets/0. Asset/1. Track/Prefabs/RTC_TrackParts/RTC_Straight.prefab using Guid(abec626bf700fb64c9b38ce046237a11) Importer(815301076,1909f56bfc062723c751e8b465ee728b)  -> (artifact id: '8c891079e92957f3c88d610f84b4baee') in 0.044605 seconds 
========================================================================
Received Import Request.
  Time since last request: 0.000054 seconds.
  path: Assets/0. Asset/1. Track/Prefabs/RTC_TrackParts/RTC_TurnU.prefab
  artifactKey: Guid(7358cf81ccce2b64fa86bd1f594e2cec) Importer(815301076,1909f56bfc062723c751e8b465ee728b)
Start importing Assets/0. Asset/1. Track/Prefabs/RTC_TrackParts/RTC_TurnU.prefab using Guid(7358cf81ccce2b64fa86bd1f594e2cec) Importer(815301076,1909f56bfc062723c751e8b465ee728b)  -> (artifact id: 'd7933ef8dd4caca081e42abb469f9365') in 0.054866 seconds 
========================================================================
Received Import Request.
  Time since last request: 9.859519 seconds.
  path: Assets/0. Asset/1. Track/Prefabs/RTC_TrackParts/RTC_Ramp_TurnLeft_5m.prefab
  artifactKey: Guid(3f7d454af8557da4aa77bdb544e5809c) Importer(815301076,1909f56bfc062723c751e8b465ee728b)
Start importing Assets/0. Asset/1. Track/Prefabs/RTC_TrackParts/RTC_Ramp_TurnLeft_5m.prefab using Guid(3f7d454af8557da4aa77bdb544e5809c) Importer(815301076,1909f56bfc062723c751e8b465ee728b)  -> (artifact id: '5b2834cd9a4481bf27fd8604792c672a') in 0.056820 seconds 
========================================================================
Received Import Request.
  Time since last request: 7.787077 seconds.
  path: Assets/0. Asset/1. Track/Scenes
  artifactKey: Guid(a3d1954088ca37f49a84d2fc4a879ce1) Importer(815301076,1909f56bfc062723c751e8b465ee728b)
Start importing Assets/0. Asset/1. Track/Scenes using Guid(a3d1954088ca37f49a84d2fc4a879ce1) Importer(815301076,1909f56bfc062723c751e8b465ee728b)  -> (artifact id: 'a42f94663a5639a4c131c811d21ebe43') in 0.015821 seconds 
========================================================================
Received Import Request.
  Time since last request: 1.499923 seconds.
  path: Assets/0. Asset/1. Track/Scenes/RTC_TestTrack_A.unity
  artifactKey: Guid(8dd08b6c6a397414fa9d138bf8e248ba) Importer(815301076,1909f56bfc062723c751e8b465ee728b)
Start importing Assets/0. Asset/1. Track/Scenes/RTC_TestTrack_A.unity using Guid(8dd08b6c6a397414fa9d138bf8e248ba) Importer(815301076,1909f56bfc062723c751e8b465ee728b)  -> (artifact id: 'af1d7b443cb57c28972d1598948ac660') in 0.014017 seconds 
========================================================================
Received Import Request.
  Time since last request: 36.982396 seconds.
  path: Assets/Scenes/SampleScene.unity
  artifactKey: Guid(9fc0d4010bbf28b4594072e72b8655ab) Importer(815301076,1909f56bfc062723c751e8b465ee728b)
Start importing Assets/Scenes/SampleScene.unity using Guid(9fc0d4010bbf28b4594072e72b8655ab) Importer(815301076,1909f56bfc062723c751e8b465ee728b)  -> (artifact id: '9cf8d866b5eaceab6e083ca17742ce7d') in 0.013571 seconds 
========================================================================
Received Import Request.
  Time since last request: 14.815620 seconds.
  path: Assets/0. Asset/AddOns
  artifactKey: Guid(5dab1d42cb41c204f9d8b866210f9618) Importer(815301076,1909f56bfc062723c751e8b465ee728b)
Start importing Assets/0. Asset/AddOns using Guid(5dab1d42cb41c204f9d8b866210f9618) Importer(815301076,1909f56bfc062723c751e8b465ee728b)  -> (artifact id: '7d2c98d994ea7f36c142cbe367676c9c') in 0.014473 seconds 
========================================================================
Received Import Request.
  Time since last request: 3.385678 seconds.
  path: Assets/0. Asset/1. Track
  artifactKey: Guid(5dab1d42cb41c204f9d8b866210f9618) Importer(815301076,1909f56bfc062723c751e8b465ee728b)
Start importing Assets/0. Asset/1. Track using Guid(5dab1d42cb41c204f9d8b866210f9618) Importer(815301076,1909f56bfc062723c751e8b465ee728b)  -> (artifact id: '6dfe3452040ba99214d41daee87b0933') in 0.033084 seconds 
========================================================================
Received Import Request.
  Time since last request: 4.495457 seconds.
  path: Assets/0. Asset/1. Track/MgKarting_Racetrack/Scenes/RTC_TestTrack_A_Variants.unity
  artifactKey: Guid(834e8044a93a0b24a9840f85862570ef) Importer(815301076,1909f56bfc062723c751e8b465ee728b)
Start importing Assets/0. Asset/1. Track/MgKarting_Racetrack/Scenes/RTC_TestTrack_A_Variants.unity using Guid(834e8044a93a0b24a9840f85862570ef) Importer(815301076,1909f56bfc062723c751e8b465ee728b)  -> (artifact id: '563121e1dbb78781989c64d9cc6377ed') in 0.016039 seconds 
========================================================================
Received Import Request.
  Time since last request: 0.476896 seconds.
  path: Assets/0. Asset/1. Track/MgKarting_Racetrack/Scenes/RTC_TestTrack_C.unity
  artifactKey: Guid(f4beb6c0e18aa334bae976ede5003a4c) Importer(815301076,1909f56bfc062723c751e8b465ee728b)
Start importing Assets/0. Asset/1. Track/MgKarting_Racetrack/Scenes/RTC_TestTrack_C.unity using Guid(f4beb6c0e18aa334bae976ede5003a4c) Importer(815301076,1909f56bfc062723c751e8b465ee728b)  -> (artifact id: 'cdf0d504a5da36e32fa016d9a0e6874e') in 0.015227 seconds 
========================================================================
Received Import Request.
  Time since last request: 0.340100 seconds.
  path: Assets/0. Asset/1. Track/MgKarting_Racetrack/Scenes/RTC_TestTrack_B.unity
  artifactKey: Guid(dd7b18733d3814640a3f7387788a2e83) Importer(815301076,1909f56bfc062723c751e8b465ee728b)
Start importing Assets/0. Asset/1. Track/MgKarting_Racetrack/Scenes/RTC_TestTrack_B.unity using Guid(dd7b18733d3814640a3f7387788a2e83) Importer(815301076,1909f56bfc062723c751e8b465ee728b)  -> (artifact id: '0f841c8503ff5438d3509eacd109c60e') in 0.014118 seconds 
========================================================================
Received Import Request.
  Time since last request: 0.928687 seconds.
  path: Assets/0. Asset/1. Track/MgKarting_Racetrack/Scenes/RTC_TrackParts.unity
  artifactKey: Guid(85f779a8c3fb5f048a7e59f8205d660c) Importer(815301076,1909f56bfc062723c751e8b465ee728b)
Start importing Assets/0. Asset/1. Track/MgKarting_Racetrack/Scenes/RTC_TrackParts.unity using Guid(85f779a8c3fb5f048a7e59f8205d660c) Importer(815301076,1909f56bfc062723c751e8b465ee728b)  -> (artifact id: '5573a2f84f2f317f602e98360a0d6395') in 0.014875 seconds 
========================================================================
Received Import Request.
  Time since last request: 295.863215 seconds.
  path: Assets/0. Asset/0. Terrain/Sand.asset
  artifactKey: Guid(730e8d9e3ba85384ea3342807db9c3e8) Importer(815301076,1909f56bfc062723c751e8b465ee728b)
Start importing Assets/0. Asset/0. Terrain/Sand.asset using Guid(730e8d9e3ba85384ea3342807db9c3e8) Importer(815301076,1909f56bfc062723c751e8b465ee728b)  -> (artifact id: '7f67ad033b733d188eae1d96378566ae') in 0.050676 seconds 
========================================================================
Received Import Request.
  Time since last request: 4.599533 seconds.
  path: Assets/0. Asset/1. Track/MgKarting_Racetrack
  artifactKey: Guid(815ff9e553fd55841b4a4546e06d61b0) Importer(815301076,1909f56bfc062723c751e8b465ee728b)
Start importing Assets/0. Asset/1. Track/MgKarting_Racetrack using Guid(815ff9e553fd55841b4a4546e06d61b0) Importer(815301076,1909f56bfc062723c751e8b465ee728b)  -> (artifact id: '1ed92c266d54d4c4a9aaaa10404bdee6') in 0.013831 seconds 
========================================================================
Received Import Request.
  Time since last request: 4.284227 seconds.
  path: Assets/0. Asset/2. Texture/0. Environment/Textures/Muddy_Cracked_Sand_6/Muddy_Cracked_Sand_6.terrainlayer
  artifactKey: Guid(6b0f5643ff292b642a6b808df41ab8cb) Importer(815301076,1909f56bfc062723c751e8b465ee728b)
Start importing Assets/0. Asset/2. Texture/0. Environment/Textures/Muddy_Cracked_Sand_6/Muddy_Cracked_Sand_6.terrainlayer using Guid(6b0f5643ff292b642a6b808df41ab8cb) Importer(815301076,1909f56bfc062723c751e8b465ee728b)  -> (artifact id: 'c20083142dc6914e5ecc529882ddfb8e') in 0.048393 seconds 
========================================================================
Received Import Request.
  Time since last request: 135.971720 seconds.
  path: Assets/0. Asset/1. Track/Terrain_road_1_quarter.fbx
  artifactKey: Guid(fd917640cde34f04fa5c485c6ccb9946) Importer(815301076,1909f56bfc062723c751e8b465ee728b)
Start importing Assets/0. Asset/1. Track/Terrain_road_1_quarter.fbx using Guid(fd917640cde34f04fa5c485c6ccb9946) Importer(815301076,1909f56bfc062723c751e8b465ee728b)  -> (artifact id: '7c648b01153c9cacd19fbec86b3a9ed2') in 0.198445 seconds 
========================================================================
Received Import Request.
  Time since last request: 0.000040 seconds.
  path: Assets/0. Asset/1. Track/Terrain_road_4x4_parking.fbx
  artifactKey: Guid(516bc7f801807524bb3cf15b96d61f7b) Importer(815301076,1909f56bfc062723c751e8b465ee728b)
Start importing Assets/0. Asset/1. Track/Terrain_road_4x4_parking.fbx using Guid(516bc7f801807524bb3cf15b96d61f7b) Importer(815301076,1909f56bfc062723c751e8b465ee728b)  -> (artifact id: '47d26cb54e20aab1154d16dd2bad8fc0') in 0.038375 seconds 
========================================================================
Received Import Request.
  Time since last request: 0.000045 seconds.
  path: Assets/0. Asset/1. Track/Terrain_road_2x8_big2small_2.fbx
  artifactKey: Guid(48a852e861104ca40a99f6ada627f3ac) Importer(815301076,1909f56bfc062723c751e8b465ee728b)
Start importing Assets/0. Asset/1. Track/Terrain_road_2x8_big2small_2.fbx using Guid(48a852e861104ca40a99f6ada627f3ac) Importer(815301076,1909f56bfc062723c751e8b465ee728b)  -> (artifact id: '88ccc72de14303e87ac0805d37de2432') in 0.035724 seconds 
========================================================================
Received Import Request.
  Time since last request: 0.000044 seconds.
  path: Assets/0. Asset/1. Track/Terrain_road_2x8_big2small_center.fbx
  artifactKey: Guid(9f0cf15daf93f904eb80483835f96da1) Importer(815301076,1909f56bfc062723c751e8b465ee728b)
Start importing Assets/0. Asset/1. Track/Terrain_road_2x8_big2small_center.fbx using Guid(9f0cf15daf93f904eb80483835f96da1) Importer(815301076,1909f56bfc062723c751e8b465ee728b)  -> (artifact id: 'c3f11ce4e87dd699e7dea233bbef7b0e') in 0.082826 seconds 
========================================================================
Received Import Request.
  Time since last request: 18.009226 seconds.
  path: Assets/0. Asset/1. Track/Terrain_road_4x4_sidewalk_turn.fbx
  artifactKey: Guid(3e806159301175b47977e483dd020192) Importer(815301076,1909f56bfc062723c751e8b465ee728b)
Start importing Assets/0. Asset/1. Track/Terrain_road_4x4_sidewalk_turn.fbx using Guid(3e806159301175b47977e483dd020192) Importer(815301076,1909f56bfc062723c751e8b465ee728b)  -> (artifact id: '11bfad123b3936aae70ecef56a2f147c') in 0.045410 seconds 
========================================================================
Received Import Request.
  Time since last request: 0.224949 seconds.
  path: Assets/0. Asset/1. Track/Terrain_road_6x6_smallT.fbx
  artifactKey: Guid(c21ac1644c1c92544bdf581f9f8b5f58) Importer(815301076,1909f56bfc062723c751e8b465ee728b)
Start importing Assets/0. Asset/1. Track/Terrain_road_6x6_smallT.fbx using Guid(c21ac1644c1c92544bdf581f9f8b5f58) Importer(815301076,1909f56bfc062723c751e8b465ee728b)  -> (artifact id: '8733b25a2a4bae474e0b1e72d678290a') in 0.063575 seconds 
========================================================================
Received Import Request.
  Time since last request: 0.000069 seconds.
  path: Assets/0. Asset/1. Track/Terrain_road_8_3_bigRoad_2sidewalks.fbx
  artifactKey: Guid(b0a6f7991d5637841a28fa592cf3efb3) Importer(815301076,1909f56bfc062723c751e8b465ee728b)
Start importing Assets/0. Asset/1. Track/Terrain_road_8_3_bigRoad_2sidewalks.fbx using Guid(b0a6f7991d5637841a28fa592cf3efb3) Importer(815301076,1909f56bfc062723c751e8b465ee728b)  -> (artifact id: '0d72c3bf9f5b2ec00c5cf5a5dd0af097') in 0.079483 seconds 
========================================================================
Received Import Request.
  Time since last request: 0.079431 seconds.
  path: Assets/0. Asset/1. Track/Terrain_road_8_3_bigRoadCrossWalk.fbx
  artifactKey: Guid(a24124f06abe67048b5505f9ec559c7c) Importer(815301076,1909f56bfc062723c751e8b465ee728b)
Start importing Assets/0. Asset/1. Track/Terrain_road_8_3_bigRoadCrossWalk.fbx using Guid(a24124f06abe67048b5505f9ec559c7c) Importer(815301076,1909f56bfc062723c751e8b465ee728b)  -> (artifact id: '691a3a2eee8883cc88e4a624c301ccff') in 0.056291 seconds 
========================================================================
Received Import Request.
  Time since last request: 0.000041 seconds.
  path: Assets/0. Asset/1. Track/Terrain_road_8x8_bigTurn.fbx
  artifactKey: Guid(6f2bf454974964c40b6a415494c006eb) Importer(815301076,1909f56bfc062723c751e8b465ee728b)
Start importing Assets/0. Asset/1. Track/Terrain_road_8x8_bigTurn.fbx using Guid(6f2bf454974964c40b6a415494c006eb) Importer(815301076,1909f56bfc062723c751e8b465ee728b)  -> (artifact id: '8c95dd8988408db616195eb95ee8fad2') in 0.044604 seconds 
========================================================================
Received Import Request.
  Time since last request: 6.945051 seconds.
  path: Assets/0. Asset/1. Track/Texture
  artifactKey: Guid(dcb96e3e9740f624da23ca44cae8670b) Importer(815301076,1909f56bfc062723c751e8b465ee728b)
Start importing Assets/0. Asset/1. Track/Texture using Guid(dcb96e3e9740f624da23ca44cae8670b) Importer(815301076,1909f56bfc062723c751e8b465ee728b)  -> (artifact id: '53532af339be24161207741b5f9a6e7c') in 0.018217 seconds 
========================================================================
Received Import Request.
  Time since last request: 46.124066 seconds.
  path: Assets/0. Asset/1. Track/Texture/CarTownDiffuseTexture.png
  artifactKey: Guid(fa5109f46ca16bc4a98719f19307f8ae) Importer(815301076,1909f56bfc062723c751e8b465ee728b)
Start importing Assets/0. Asset/1. Track/Texture/CarTownDiffuseTexture.png using Guid(fa5109f46ca16bc4a98719f19307f8ae) Importer(815301076,1909f56bfc062723c751e8b465ee728b)  -> (artifact id: 'b3f22c7b74aa0e77fed9f4edbdbfe1d0') in 0.049085 seconds 
========================================================================
Received Import Request.
  Time since last request: 84.905174 seconds.
  path: Assets/0. Asset/2. Texture/0. Environment
  artifactKey: Guid(90d18ef464232c34bbd0adec4bec8bce) Importer(815301076,1909f56bfc062723c751e8b465ee728b)
Start importing Assets/0. Asset/2. Texture/0. Environment using Guid(90d18ef464232c34bbd0adec4bec8bce) Importer(815301076,1909f56bfc062723c751e8b465ee728b)  -> (artifact id: '7d7b5162e5716ce70b221b0929265e89') in 0.018266 seconds 
========================================================================
Received Import Request.
  Time since last request: 564.581853 seconds.
  path: Assets/AddOns
  artifactKey: Guid(f6b0b89532003834b8fa10097c888ed2) Importer(815301076,1909f56bfc062723c751e8b465ee728b)
Start importing Assets/AddOns using Guid(f6b0b89532003834b8fa10097c888ed2) Importer(815301076,1909f56bfc062723c751e8b465ee728b)  -> (artifact id: '7c15077cbfc69885e5c40cf36dac7ad7') in 0.015223 seconds 
========================================================================
Received Import Request.
  Time since last request: 5.550578 seconds.
  path: Assets/Desert_Village_LowPoly_HDRP
  artifactKey: Guid(1c59d62e7fdde99438e413e3b9816686) Importer(815301076,1909f56bfc062723c751e8b465ee728b)
Start importing Assets/Desert_Village_LowPoly_HDRP using Guid(1c59d62e7fdde99438e413e3b9816686) Importer(815301076,1909f56bfc062723c751e8b465ee728b)  -> (artifact id: 'ac9cc23b16cca0e6e0491bdd22603661') in 0.014374 seconds 
========================================================================
Received Import Request.
  Time since last request: 12.242078 seconds.
  path: Assets/0. Asset/3. Building
  artifactKey: Guid(1c59d62e7fdde99438e413e3b9816686) Importer(815301076,1909f56bfc062723c751e8b465ee728b)
Start importing Assets/0. Asset/3. Building using Guid(1c59d62e7fdde99438e413e3b9816686) Importer(815301076,1909f56bfc062723c751e8b465ee728b)  -> (artifact id: 'b920d94fe13617fa6b9659806cd3ade4') in 0.014359 seconds 
========================================================================
Received Import Request.
  Time since last request: 12.268004 seconds.
  path: Assets/0. Asset/3. Building/0. Desert Building
  artifactKey: Guid(3eb2b23033951ed4dbdccac42a377086) Importer(815301076,1909f56bfc062723c751e8b465ee728b)
Start importing Assets/0. Asset/3. Building/0. Desert Building using Guid(3eb2b23033951ed4dbdccac42a377086) Importer(815301076,1909f56bfc062723c751e8b465ee728b)  -> (artifact id: '8aa4fe0bf495644b0cebbe2cf2654f81') in 0.014767 seconds 
========================================================================
Received Import Request.
  Time since last request: 1.521094 seconds.
  path: Assets/0. Asset/3. Building/Materials
  artifactKey: Guid(fd61daf68255ce543ae586c86b44e6dc) Importer(815301076,1909f56bfc062723c751e8b465ee728b)
Start importing Assets/0. Asset/3. Building/Materials using Guid(fd61daf68255ce543ae586c86b44e6dc) Importer(815301076,1909f56bfc062723c751e8b465ee728b)  -> (artifact id: 'dd90982b88621408102d27ac77b2be1c') in 0.013893 seconds 
========================================================================
Received Import Request.
  Time since last request: 0.328234 seconds.
  path: Assets/0. Asset/3. Building/Meshes
  artifactKey: Guid(47e4a197754b0f248b417493f34a995e) Importer(815301076,1909f56bfc062723c751e8b465ee728b)
Start importing Assets/0. Asset/3. Building/Meshes using Guid(47e4a197754b0f248b417493f34a995e) Importer(815301076,1909f56bfc062723c751e8b465ee728b)  -> (artifact id: '3fe094395080a90de39c16c772fbf5dd') in 0.013809 seconds 
========================================================================
Received Import Request.
  Time since last request: 2.993571 seconds.
  path: Assets/0. Asset/3. Building/0. Desert Building/Prefabs
  artifactKey: Guid(2295d06e1a028154da7c4527baecc9dc) Importer(815301076,1909f56bfc062723c751e8b465ee728b)
Start importing Assets/0. Asset/3. Building/0. Desert Building/Prefabs using Guid(2295d06e1a028154da7c4527baecc9dc) Importer(815301076,1909f56bfc062723c751e8b465ee728b)  -> (artifact id: 'f566991afbf68048d845d302965a62ec') in 0.014154 seconds 
========================================================================
Received Import Request.
  Time since last request: 0.064649 seconds.
  path: Assets/0. Asset/3. Building/0. Desert Building/Prefabs/Desert_Village_Bench (1).prefab
  artifactKey: Guid(ae3c14b96abd09d42a0616d9bf768053) Importer(815301076,1909f56bfc062723c751e8b465ee728b)
Start importing Assets/0. Asset/3. Building/0. Desert Building/Prefabs/Desert_Village_Bench (1).prefab using Guid(ae3c14b96abd09d42a0616d9bf768053) Importer(815301076,1909f56bfc062723c751e8b465ee728b)  -> (artifact id: '4de20fa4ccb1cd18ca233743979c645d') in 0.021598 seconds 
========================================================================
Received Import Request.
  Time since last request: 0.005671 seconds.
  path: Assets/0. Asset/3. Building/0. Desert Building/Prefabs/Desert_Village_Dryer.prefab
  artifactKey: Guid(9c2a2d2b74e6f124a968dc5c9089af1d) Importer(815301076,1909f56bfc062723c751e8b465ee728b)
Start importing Assets/0. Asset/3. Building/0. Desert Building/Prefabs/Desert_Village_Dryer.prefab using Guid(9c2a2d2b74e6f124a968dc5c9089af1d) Importer(815301076,1909f56bfc062723c751e8b465ee728b)  -> (artifact id: '7b57ddc7ec1ada6ce23136d4106991df') in 0.024212 seconds 
========================================================================
Received Import Request.
  Time since last request: 0.000034 seconds.
  path: Assets/0. Asset/3. Building/0. Desert Building/Prefabs/Desert_Village_Street_Lamp.prefab
  artifactKey: Guid(e838bc811ff46e34f947bf686a965c7f) Importer(815301076,1909f56bfc062723c751e8b465ee728b)
Start importing Assets/0. Asset/3. Building/0. Desert Building/Prefabs/Desert_Village_Street_Lamp.prefab using Guid(e838bc811ff46e34f947bf686a965c7f) Importer(815301076,1909f56bfc062723c751e8b465ee728b)  -> (artifact id: '9302769a9a71fc5f1d04ddf5ec256fee') in 0.022355 seconds 
========================================================================
Received Import Request.
  Time since last request: 0.000028 seconds.
  path: Assets/0. Asset/3. Building/0. Desert Building/Prefabs/Desert_Village_Palm_2.prefab
  artifactKey: Guid(f94f1afb3f828eb438a87f71c51b2516) Importer(815301076,1909f56bfc062723c751e8b465ee728b)
Start importing Assets/0. Asset/3. Building/0. Desert Building/Prefabs/Desert_Village_Palm_2.prefab using Guid(f94f1afb3f828eb438a87f71c51b2516) Importer(815301076,1909f56bfc062723c751e8b465ee728b)  -> (artifact id: '04d7b2a52b90826f43511970c234ed62') in 0.025429 seconds 
========================================================================
Received Import Request.
  Time since last request: 0.000025 seconds.
  path: Assets/0. Asset/3. Building/0. Desert Building/Prefabs/Desert_Village_Palm_1.prefab
  artifactKey: Guid(63e0a48ed294278458fa101f87f50a76) Importer(815301076,1909f56bfc062723c751e8b465ee728b)
Start importing Assets/0. Asset/3. Building/0. Desert Building/Prefabs/Desert_Village_Palm_1.prefab using Guid(63e0a48ed294278458fa101f87f50a76) Importer(815301076,1909f56bfc062723c751e8b465ee728b)  -> (artifact id: '7fc4247af961ed16145fae01a8d08a03') in 0.029701 seconds 
========================================================================
Received Import Request.
  Time since last request: 0.000026 seconds.
  path: Assets/0. Asset/3. Building/0. Desert Building/Prefabs/Desert_Village_Fence_Full.prefab
  artifactKey: Guid(d67be1cf908c827449ae4369c4919dc0) Importer(815301076,1909f56bfc062723c751e8b465ee728b)
Start importing Assets/0. Asset/3. Building/0. Desert Building/Prefabs/Desert_Village_Fence_Full.prefab using Guid(d67be1cf908c827449ae4369c4919dc0) Importer(815301076,1909f56bfc062723c751e8b465ee728b)  -> (artifact id: '0e06dc879800f0cd26c70fba8a2a5666') in 0.022946 seconds 
========================================================================
Received Import Request.
  Time since last request: 0.000036 seconds.
  path: Assets/0. Asset/3. Building/0. Desert Building/Prefabs/Desert_Village_House_Lamp.prefab
  artifactKey: Guid(0f2e7b5cff628ea42ac22c632b2d19e5) Importer(815301076,1909f56bfc062723c751e8b465ee728b)
Start importing Assets/0. Asset/3. Building/0. Desert Building/Prefabs/Desert_Village_House_Lamp.prefab using Guid(0f2e7b5cff628ea42ac22c632b2d19e5) Importer(815301076,1909f56bfc062723c751e8b465ee728b)  -> (artifact id: '440e4c7dd5983c812138ccad6b1d12e9') in 0.028341 seconds 
========================================================================
Received Import Request.
  Time since last request: 0.612839 seconds.
  path: Assets/0. Asset/3. Building/0. Desert Building/Prefabs/Desert_Village_Tent_1.prefab
  artifactKey: Guid(967076be8d94f0647982242fac0166e0) Importer(815301076,1909f56bfc062723c751e8b465ee728b)
Start importing Assets/0. Asset/3. Building/0. Desert Building/Prefabs/Desert_Village_Tent_1.prefab using Guid(967076be8d94f0647982242fac0166e0) Importer(815301076,1909f56bfc062723c751e8b465ee728b)  -> (artifact id: '8a684ab56ea2b2617721d8bbe3e2afc1') in 0.019242 seconds 
========================================================================
Received Import Request.
  Time since last request: 3.536116 seconds.
  path: Assets/0. Asset/3. Building/0. Desert Building/Meshes/Desert_Village_Bench.fbx
  artifactKey: Guid(589c05391e5bebd4e843bca5d9c84a66) Importer(815301076,1909f56bfc062723c751e8b465ee728b)
Start importing Assets/0. Asset/3. Building/0. Desert Building/Meshes/Desert_Village_Bench.fbx using Guid(589c05391e5bebd4e843bca5d9c84a66) Importer(815301076,1909f56bfc062723c751e8b465ee728b)  -> (artifact id: '6b9912b23ff991ccfc22bf9b54fd0928') in 0.134445 seconds 
========================================================================
Received Import Request.
  Time since last request: 0.000025 seconds.
  path: Assets/0. Asset/3. Building/0. Desert Building/Meshes/Desert_Village_House_Lamp.fbx
  artifactKey: Guid(90de6738a7d5d6445a7e8189e56d1083) Importer(815301076,1909f56bfc062723c751e8b465ee728b)
Start importing Assets/0. Asset/3. Building/0. Desert Building/Meshes/Desert_Village_House_Lamp.fbx using Guid(90de6738a7d5d6445a7e8189e56d1083) Importer(815301076,1909f56bfc062723c751e8b465ee728b)  -> (artifact id: '0d15679350c095de78f91a0e9a691c63') in 0.107484 seconds 
========================================================================
Received Import Request.
  Time since last request: 0.000033 seconds.
  path: Assets/0. Asset/3. Building/0. Desert Building/Meshes/Desert_Village_House_2.fbx
  artifactKey: Guid(1216099de1838824bbd4d4b016f12108) Importer(815301076,1909f56bfc062723c751e8b465ee728b)
Start importing Assets/0. Asset/3. Building/0. Desert Building/Meshes/Desert_Village_House_2.fbx using Guid(1216099de1838824bbd4d4b016f12108) Importer(815301076,1909f56bfc062723c751e8b465ee728b)  -> (artifact id: '6810ba5e0c53f6ee03772b5790362ae8') in 0.172771 seconds 
========================================================================
Received Import Request.
  Time since last request: 0.000031 seconds.
  path: Assets/0. Asset/3. Building/0. Desert Building/Meshes/Desert_Village_Fence_2.fbx
  artifactKey: Guid(6f9e8f0069476f341a26dd54f867cb02) Importer(815301076,1909f56bfc062723c751e8b465ee728b)
Start importing Assets/0. Asset/3. Building/0. Desert Building/Meshes/Desert_Village_Fence_2.fbx using Guid(6f9e8f0069476f341a26dd54f867cb02) Importer(815301076,1909f56bfc062723c751e8b465ee728b)  -> (artifact id: '9c45f7b1254d5aae28ab878e55034281') in 0.020730 seconds 
========================================================================
Received Import Request.
  Time since last request: 0.000284 seconds.
  path: Assets/0. Asset/3. Building/0. Desert Building/Meshes/Desert_Village_Street_Lamp.fbx
  artifactKey: Guid(c47f493343245194caf196ae6bdfe67a) Importer(815301076,1909f56bfc062723c751e8b465ee728b)
Start importing Assets/0. Asset/3. Building/0. Desert Building/Meshes/Desert_Village_Street_Lamp.fbx using Guid(c47f493343245194caf196ae6bdfe67a) Importer(815301076,1909f56bfc062723c751e8b465ee728b)  -> (artifact id: '23f997ffa7e6d62c830bed93637a6a9c') in 0.031316 seconds 
========================================================================
Received Import Request.
  Time since last request: 3.588159 seconds.
  path: Assets/0. Asset/3. Building/0. Desert Building/Scene
  artifactKey: Guid(bd36a8a9eb113fa499a7a0b42ff93bef) Importer(815301076,1909f56bfc062723c751e8b465ee728b)
Start importing Assets/0. Asset/3. Building/0. Desert Building/Scene using Guid(bd36a8a9eb113fa499a7a0b42ff93bef) Importer(815301076,1909f56bfc062723c751e8b465ee728b)  -> (artifact id: '4897ee12755c62ed6c24b8c89beb3fb3') in 0.014179 seconds 
========================================================================
Received Import Request.
  Time since last request: 0.524192 seconds.
  path: Assets/0. Asset/3. Building/0. Desert Building/Materials/M_Bucket_Water.mat
  artifactKey: Guid(5b3d9723ae2af264a916601f766a3af6) Importer(815301076,1909f56bfc062723c751e8b465ee728b)
Start importing Assets/0. Asset/3. Building/0. Desert Building/Materials/M_Bucket_Water.mat using Guid(5b3d9723ae2af264a916601f766a3af6) Importer(815301076,1909f56bfc062723c751e8b465ee728b)  -> (artifact id: 'd71b6d025b75305711f2ac22e85fa9f8') in 0.061109 seconds 
========================================================================
Received Import Request.
  Time since last request: 0.000075 seconds.
  path: Assets/0. Asset/3. Building/0. Desert Building/Materials/M_Towel_Blue.mat
  artifactKey: Guid(f65781644af15764899ef5ac34d023ac) Importer(815301076,1909f56bfc062723c751e8b465ee728b)
Start importing Assets/0. Asset/3. Building/0. Desert Building/Materials/M_Towel_Blue.mat using Guid(f65781644af15764899ef5ac34d023ac) Importer(815301076,1909f56bfc062723c751e8b465ee728b)  -> (artifact id: '9088c58baf935dea969c05fa8e622ec6') in 0.029924 seconds 
========================================================================
Received Import Request.
  Time since last request: 0.000026 seconds.
  path: Assets/0. Asset/3. Building/0. Desert Building/Materials/M_Towel_Red.mat
  artifactKey: Guid(975832d61e1791d4d823e4bccc59ecbd) Importer(815301076,1909f56bfc062723c751e8b465ee728b)
Start importing Assets/0. Asset/3. Building/0. Desert Building/Materials/M_Towel_Red.mat using Guid(975832d61e1791d4d823e4bccc59ecbd) Importer(815301076,1909f56bfc062723c751e8b465ee728b)  -> (artifact id: '300025edd6224808ad95367697674f80') in 0.032626 seconds 
========================================================================
Received Import Request.
  Time since last request: 12.695105 seconds.
  path: Assets/0. Asset/3. Building/0. Desert Building/Scene/Desert_Village
  artifactKey: Guid(8a7d0a9c6d2507e479e1e5d33df54ddb) Importer(815301076,1909f56bfc062723c751e8b465ee728b)
Start importing Assets/0. Asset/3. Building/0. Desert Building/Scene/Desert_Village using Guid(8a7d0a9c6d2507e479e1e5d33df54ddb) Importer(815301076,1909f56bfc062723c751e8b465ee728b)  -> (artifact id: 'e10648585df7281589b0469311837dae') in 0.016062 seconds 
========================================================================
Received Import Request.
  Time since last request: 0.437938 seconds.
  path: Assets/0. Asset/3. Building/0. Desert Building/Scene/Desert_Village/LightingData.asset
  artifactKey: Guid(7b5016981fd1be440b02240609994e4a) Importer(815301076,1909f56bfc062723c751e8b465ee728b)
Start importing Assets/0. Asset/3. Building/0. Desert Building/Scene/Desert_Village/LightingData.asset using Guid(7b5016981fd1be440b02240609994e4a) Importer(815301076,1909f56bfc062723c751e8b465ee728b)  -> (artifact id: 'ff6c92a8586865a4a827d76bf714d959') in 0.058983 seconds 
========================================================================
Received Import Request.
  Time since last request: 0.000041 seconds.
  path: Assets/0. Asset/3. Building/0. Desert Building/Scene/Desert_Village/Lightmap-3_comp_light.exr
  artifactKey: Guid(19ded678075c534479671f66d3895074) Importer(815301076,1909f56bfc062723c751e8b465ee728b)
Start importing Assets/0. Asset/3. Building/0. Desert Building/Scene/Desert_Village/Lightmap-3_comp_light.exr using Guid(19ded678075c534479671f66d3895074) Importer(815301076,1909f56bfc062723c751e8b465ee728b)  -> (artifact id: '33f10d0bdb247ed427462ae6a651bd79') in 0.082906 seconds 
========================================================================
Received Import Request.
  Time since last request: 0.000057 seconds.
  path: Assets/0. Asset/3. Building/0. Desert Building/Scene/Desert_Village/Lightmap-5_comp_dir.png
  artifactKey: Guid(9cd6e68c326e45b458272fcb9696ae70) Importer(815301076,1909f56bfc062723c751e8b465ee728b)
Start importing Assets/0. Asset/3. Building/0. Desert Building/Scene/Desert_Village/Lightmap-5_comp_dir.png using Guid(9cd6e68c326e45b458272fcb9696ae70) Importer(815301076,1909f56bfc062723c751e8b465ee728b)  -> (artifact id: '25b9d3fc6642416ee416fd81ed573413') in 0.069112 seconds 
========================================================================
Received Import Request.
  Time since last request: 0.677799 seconds.
  path: Assets/0. Asset/3. Building/0. Desert Building/Scene/Desert_Village/Lightmap-6_comp_dir.png
  artifactKey: Guid(1b36b64d51e4a3a4f976b95333454f52) Importer(815301076,1909f56bfc062723c751e8b465ee728b)
Start importing Assets/0. Asset/3. Building/0. Desert Building/Scene/Desert_Village/Lightmap-6_comp_dir.png using Guid(1b36b64d51e4a3a4f976b95333454f52) Importer(815301076,1909f56bfc062723c751e8b465ee728b)  -> (artifact id: '15e42d4b82d90fa5121fc68699671e91') in 0.037547 seconds 
========================================================================
Received Import Request.
  Time since last request: 1.131102 seconds.
  path: Assets/0. Asset/3. Building/0. Desert Building/Scene/Desert_Village.unity
  artifactKey: Guid(b355ddf47ac85d74cbc7ddd0d7fba648) Importer(815301076,1909f56bfc062723c751e8b465ee728b)
Start importing Assets/0. Asset/3. Building/0. Desert Building/Scene/Desert_Village.unity using Guid(b355ddf47ac85d74cbc7ddd0d7fba648) Importer(815301076,1909f56bfc062723c751e8b465ee728b)  -> (artifact id: '2f5d2ad82972b9804365cc1f4e731483') in 0.014842 seconds 
========================================================================
Received Import Request.
  Time since last request: 4.360258 seconds.
  path: Assets/0. Asset/0. Terrain/Sand.asset
  artifactKey: Guid(730e8d9e3ba85384ea3342807db9c3e8) Importer(815301076,1909f56bfc062723c751e8b465ee728b)
Start importing Assets/0. Asset/0. Terrain/Sand.asset using Guid(730e8d9e3ba85384ea3342807db9c3e8) Importer(815301076,1909f56bfc062723c751e8b465ee728b)  -> (artifact id: 'e5225293a3d33da29462b3fd7fc09c90') in 0.033769 seconds 
========================================================================
Received Import Request.
  Time since last request: 14.563050 seconds.
  path: Assets/Desert_Village_LowPoly_HDRP
  artifactKey: Guid(df258badd518b1744b247ede2cf69f9a) Importer(815301076,1909f56bfc062723c751e8b465ee728b)
Start importing Assets/Desert_Village_LowPoly_HDRP using Guid(df258badd518b1744b247ede2cf69f9a) Importer(815301076,1909f56bfc062723c751e8b465ee728b)  -> (artifact id: '9be780def46bbe8257f93f22ef12c672') in 0.016296 seconds 
========================================================================
Received Import Request.
  Time since last request: 11.680462 seconds.
  path: Assets/Scenes/SampleScene.unity
  artifactKey: Guid(9fc0d4010bbf28b4594072e72b8655ab) Importer(815301076,1909f56bfc062723c751e8b465ee728b)
Start importing Assets/Scenes/SampleScene.unity using Guid(9fc0d4010bbf28b4594072e72b8655ab) Importer(815301076,1909f56bfc062723c751e8b465ee728b)  -> (artifact id: 'f4586e5ac5c26842f851885200017814') in 0.014147 seconds 
========================================================================
Received Import Request.
  Time since last request: 150.527197 seconds.
  path: Assets/Desert Buildings
  artifactKey: Guid(8bc530ba81cd3d84aa0621612ceb2653) Importer(815301076,1909f56bfc062723c751e8b465ee728b)
Start importing Assets/Desert Buildings using Guid(8bc530ba81cd3d84aa0621612ceb2653) Importer(815301076,1909f56bfc062723c751e8b465ee728b)  -> (artifact id: '63ba550522250db625f9ac48bf9113f9') in 0.014339 seconds 
========================================================================
Received Import Request.
  Time since last request: 5.309903 seconds.
  path: Assets/Desert_Village_LowPoly_HDRP/Scene/Desert_Village.unity
  artifactKey: Guid(b355ddf47ac85d74cbc7ddd0d7fba648) Importer(815301076,1909f56bfc062723c751e8b465ee728b)
Start importing Assets/Desert_Village_LowPoly_HDRP/Scene/Desert_Village.unity using Guid(b355ddf47ac85d74cbc7ddd0d7fba648) Importer(815301076,1909f56bfc062723c751e8b465ee728b)  -> (artifact id: 'cb3a6874c4edd8f51731ac2b845198ca') in 0.013485 seconds 
========================================================================
Received Import Request.
  Time since last request: 13.794381 seconds.
  path: Assets/0. Asset/3. Building/0. Desert Building/Desert Buildings/Prefabs
  artifactKey: Guid(caa23ebc65899a54785554d93890d7a8) Importer(815301076,1909f56bfc062723c751e8b465ee728b)
Start importing Assets/0. Asset/3. Building/0. Desert Building/Desert Buildings/Prefabs using Guid(caa23ebc65899a54785554d93890d7a8) Importer(815301076,1909f56bfc062723c751e8b465ee728b)  -> (artifact id: 'b1d3869eaf96b3d10fe16f54ec96819b') in 0.003931 seconds 
========================================================================
Received Import Request.
  Time since last request: 0.073891 seconds.
  path: Assets/0. Asset/3. Building/0. Desert Building/Desert Buildings/Prefabs/Desert_Building_V1.prefab
  artifactKey: Guid(36f3c19a7597eb94987d9f341e3010eb) Importer(815301076,1909f56bfc062723c751e8b465ee728b)
Start importing Assets/0. Asset/3. Building/0. Desert Building/Desert Buildings/Prefabs/Desert_Building_V1.prefab using Guid(36f3c19a7597eb94987d9f341e3010eb) Importer(815301076,1909f56bfc062723c751e8b465ee728b)  -> (artifact id: 'bd802ca06ef9740ee4a8389cd4812dd0') in 0.271728 seconds 
========================================================================
Received Import Request.
  Time since last request: 0.000028 seconds.
  path: Assets/0. Asset/3. Building/0. Desert Building/Desert Buildings/Prefabs/Desert_Building_V3.prefab
  artifactKey: Guid(14109c6f26a2be34c8ac4c0eb01f3aec) Importer(815301076,1909f56bfc062723c751e8b465ee728b)
Start importing Assets/0. Asset/3. Building/0. Desert Building/Desert Buildings/Prefabs/Desert_Building_V3.prefab using Guid(14109c6f26a2be34c8ac4c0eb01f3aec) Importer(815301076,1909f56bfc062723c751e8b465ee728b)  -> (artifact id: '0874d7df18989ad191f392232f6ea912') in 0.073091 seconds 
========================================================================
Received Import Request.
  Time since last request: 4.649841 seconds.
  path: Assets/0. Asset/3. Building/0. Desert Building/Scene/Desert_Village.unity
  artifactKey: Guid(31e1d45aed4891440ba758b8b78d0304) Importer(815301076,1909f56bfc062723c751e8b465ee728b)
Start importing Assets/0. Asset/3. Building/0. Desert Building/Scene/Desert_Village.unity using Guid(31e1d45aed4891440ba758b8b78d0304) Importer(815301076,1909f56bfc062723c751e8b465ee728b)  -> (artifact id: '2e2e37a319aeb8b29c4a0d57b47641f4') in 0.004152 seconds 
========================================================================
Received Import Request.
  Time since last request: 16.033542 seconds.
  path: Assets/0. Asset/3. Building/0. Desert Building/Desert Buildings/Materials/Desert_Building_V1.mat
  artifactKey: Guid(30a062116c2cd6749bfbebd78e7c514b) Importer(815301076,1909f56bfc062723c751e8b465ee728b)
Start importing Assets/0. Asset/3. Building/0. Desert Building/Desert Buildings/Materials/Desert_Building_V1.mat using Guid(30a062116c2cd6749bfbebd78e7c514b) Importer(815301076,1909f56bfc062723c751e8b465ee728b)  -> (artifact id: '9cea7670cefe86ed256655a6d6cae838') in 0.045202 seconds 
========================================================================
Received Import Request.
  Time since last request: 0.000028 seconds.
  path: Assets/0. Asset/3. Building/0. Desert Building/Desert Buildings/Materials/Desert_Building_V5.mat
  artifactKey: Guid(44472d1e399a99a41956b4dd04f42d89) Importer(815301076,1909f56bfc062723c751e8b465ee728b)
Start importing Assets/0. Asset/3. Building/0. Desert Building/Desert Buildings/Materials/Desert_Building_V5.mat using Guid(44472d1e399a99a41956b4dd04f42d89) Importer(815301076,1909f56bfc062723c751e8b465ee728b)  -> (artifact id: 'f622db9bbcd071d0af4b072797126437') in 0.043483 seconds 
========================================================================
Received Import Request.
  Time since last request: 0.797925 seconds.
  path: Assets/0. Asset/3. Building/0. Desert Building/Desert Buildings/Models/Desert_Building_V1.fbx
  artifactKey: Guid(580c90969851672439cff9df3cdd337a) Importer(815301076,1909f56bfc062723c751e8b465ee728b)
Start importing Assets/0. Asset/3. Building/0. Desert Building/Desert Buildings/Models/Desert_Building_V1.fbx using Guid(580c90969851672439cff9df3cdd337a) Importer(815301076,1909f56bfc062723c751e8b465ee728b)  -> (artifact id: '703de250c47dabc50b221a41f72b7bd3') in 0.029294 seconds 
========================================================================
Received Import Request.
  Time since last request: 0.000024 seconds.
  path: Assets/0. Asset/3. Building/0. Desert Building/Desert Buildings/Models/Desert_Building_V5.fbx
  artifactKey: Guid(c2de079163f323b4fa8ee3c423f48986) Importer(815301076,1909f56bfc062723c751e8b465ee728b)
Start importing Assets/0. Asset/3. Building/0. Desert Building/Desert Buildings/Models/Desert_Building_V5.fbx using Guid(c2de079163f323b4fa8ee3c423f48986) Importer(815301076,1909f56bfc062723c751e8b465ee728b)  -> (artifact id: '3c2f77890ffd8792087049ea3c21df19') in 0.044139 seconds 
========================================================================
Received Import Request.
  Time since last request: 1.894715 seconds.
  path: Assets/0. Asset/3. Building/0. Desert Building/Desert Buildings/Textures/Desert_Building_V1_AlbedoTransparency.png
  artifactKey: Guid(33a7e5f4696b37d4aae7c5a1f057a90b) Importer(815301076,1909f56bfc062723c751e8b465ee728b)
Start importing Assets/0. Asset/3. Building/0. Desert Building/Desert Buildings/Textures/Desert_Building_V1_AlbedoTransparency.png using Guid(33a7e5f4696b37d4aae7c5a1f057a90b) Importer(815301076,1909f56bfc062723c751e8b465ee728b)  -> (artifact id: '78379229043d0b595270f90547129234') in 0.088535 seconds 
========================================================================
Received Import Request.
  Time since last request: 0.000024 seconds.
  path: Assets/0. Asset/3. Building/0. Desert Building/Desert Buildings/Textures/Desert_Building_V3_Normal.png
  artifactKey: Guid(a79cb7aa9eae89247902725181798fe3) Importer(815301076,1909f56bfc062723c751e8b465ee728b)
Start importing Assets/0. Asset/3. Building/0. Desert Building/Desert Buildings/Textures/Desert_Building_V3_Normal.png using Guid(a79cb7aa9eae89247902725181798fe3) Importer(815301076,1909f56bfc062723c751e8b465ee728b)  -> (artifact id: '776bfcd6e525843d1774f9be46640c48') in 0.035698 seconds 
========================================================================
Received Import Request.
  Time since last request: 0.000024 seconds.
  path: Assets/0. Asset/3. Building/0. Desert Building/Desert Buildings/Textures/Desert_Building_V3_MetallicSmoothness.png
  artifactKey: Guid(2998659bbc18c664db1e6e85d2d1b741) Importer(815301076,1909f56bfc062723c751e8b465ee728b)
Start importing Assets/0. Asset/3. Building/0. Desert Building/Desert Buildings/Textures/Desert_Building_V3_MetallicSmoothness.png using Guid(2998659bbc18c664db1e6e85d2d1b741) Importer(815301076,1909f56bfc062723c751e8b465ee728b)  -> (artifact id: 'afd82d03a2d50bec42f04ec387aec0d0') in 0.025482 seconds 
Editor requested this worker to shutdown with reason: Scaling down because of idle timeout
AssetImportWorker is now disconnected from the server
Process exiting
Exiting without the bug reporter. Application will terminate with return code 0