Using pre-set license
Built from '2021.3/staging' branch; Version is '2021.3.25f1 (68ef2c4f8861) revision 6876972'; Using compiler version '192829333'; Build Type 'Release'
OS: 'Windows 11  (10.0.22621) 64bit Professional' Language: 'ko' Physical Memory: 16055 MB
BatchMode: 1, IsHumanControllingUs: 0, StartBugReporterOnCrash: 0, Is64bit: 1, IsPro: 1

COMMAND LINE ARGUMENTS:
C:\Program Files\Unity\Hub\Editor\2021.3.25f1\Editor\Unity.exe
-adb2
-batchMode
-noUpm
-name
AssetImportWorker22
-projectPath
C:/Users/won12/OneDrive/ë¬¸ì„œ/GitHub/Racing-Game-Project/Racing Game Project
-logFile
Logs/AssetImportWorker22.log
-srvPort
65332
Successfully changed project path to: C:/Users/won12/OneDrive/ë¬¸ì„œ/GitHub/Racing-Game-Project/Racing Game Project
C:/Users/won12/OneDrive/ë¬¸ì„œ/GitHub/Racing-Game-Project/Racing Game Project
[UnityMemory] Configuration Parameters - Can be set up in boot.config
    "memorysetup-bucket-allocator-granularity=16"
    "memorysetup-bucket-allocator-bucket-count=8"
    "memorysetup-bucket-allocator-block-size=33554432"
    "memorysetup-bucket-allocator-block-count=8"
    "memorysetup-main-allocator-block-size=16777216"
    "memorysetup-thread-allocator-block-size=16777216"
    "memorysetup-gfx-main-allocator-block-size=16777216"
    "memorysetup-gfx-thread-allocator-block-size=16777216"
    "memorysetup-cache-allocator-block-size=4194304"
    "memorysetup-typetree-allocator-block-size=2097152"
    "memorysetup-profiler-bucket-allocator-granularity=16"
    "memorysetup-profiler-bucket-allocator-bucket-count=8"
    "memorysetup-profiler-bucket-allocator-block-size=33554432"
    "memorysetup-profiler-bucket-allocator-block-count=8"
    "memorysetup-profiler-allocator-block-size=16777216"
    "memorysetup-profiler-editor-allocator-block-size=1048576"
    "memorysetup-temp-allocator-size-main=16777216"
    "memorysetup-job-temp-allocator-block-size=2097152"
    "memorysetup-job-temp-allocator-block-size-background=1048576"
    "memorysetup-job-temp-allocator-reduction-small-platforms=262144"
    "memorysetup-temp-allocator-size-background-worker=32768"
    "memorysetup-temp-allocator-size-job-worker=262144"
    "memorysetup-temp-allocator-size-preload-manager=33554432"
    "memorysetup-temp-allocator-size-nav-mesh-worker=65536"
    "memorysetup-temp-allocator-size-audio-worker=65536"
    "memorysetup-temp-allocator-size-cloud-worker=32768"
    "memorysetup-temp-allocator-size-gi-baking-worker=262144"
    "memorysetup-temp-allocator-size-gfx=262144"
Player connection [13296] Host "[IP] 192.168.20.18 [Port] 0 [Flags] 2 [Guid] 2608897512 [EditorId] 2608897512 [Version] 1048832 [Id] WindowsEditor(7,À×ÇÊ¿øÀÌ) [Debug] 1 [PackageName] WindowsEditor [ProjectName] Editor" joined multi-casting on [225.0.0.222:54997]...

Player connection [13296] Host "[IP] 192.168.20.18 [Port] 0 [Flags] 2 [Guid] 2608897512 [EditorId] 2608897512 [Version] 1048832 [Id] WindowsEditor(7,À×ÇÊ¿øÀÌ) [Debug] 1 [PackageName] WindowsEditor [ProjectName] Editor" joined alternative multi-casting on [225.0.0.222:34997]...

Refreshing native plugins compatible for Editor in 66.44 ms, found 3 plugins.
Preloading 0 native plugins for Editor in 0.00 ms.
Initialize engine version: 2021.3.25f1 (68ef2c4f8861)
[Subsystems] Discovering subsystems at path C:/Program Files/Unity/Hub/Editor/2021.3.25f1/Editor/Data/Resources/UnitySubsystems
[Subsystems] Discovering subsystems at path C:/Users/won12/OneDrive/ë¬¸ì„œ/GitHub/Racing-Game-Project/Racing Game Project/Assets
GfxDevice: creating device client; threaded=0; jobified=0
Direct3D:
    Version:  Direct3D 11.0 [level 11.1]
    Renderer: NVIDIA GeForce RTX 3050 Ti Laptop GPU (ID=0x25a0)
    Vendor:   NVIDIA
    VRAM:     3978 MB
    Driver:   31.0.15.4609
Initialize mono
Mono path[0] = 'C:/Program Files/Unity/Hub/Editor/2021.3.25f1/Editor/Data/Managed'
Mono path[1] = 'C:/Program Files/Unity/Hub/Editor/2021.3.25f1/Editor/Data/MonoBleedingEdge/lib/mono/unityjit-win32'
Mono config path = 'C:/Program Files/Unity/Hub/Editor/2021.3.25f1/Editor/Data/MonoBleedingEdge/etc'
Using monoOptions --debugger-agent=transport=dt_socket,embedding=1,server=y,suspend=n,address=127.0.0.1:56640
Begin MonoManager ReloadAssembly
Registering precompiled unity dll's ...
Register platform support module: C:/Program Files/Unity/Hub/Editor/2021.3.25f1/Editor/Data/PlaybackEngines/AndroidPlayer/UnityEditor.Android.Extensions.dll
Register platform support module: C:/Program Files/Unity/Hub/Editor/2021.3.25f1/Editor/Data/PlaybackEngines/WindowsStandaloneSupport/UnityEditor.WindowsStandalone.Extensions.dll
Registered in 0.006014 seconds.
Native extension for WindowsStandalone target not found
Native extension for Android target not found
Android Extension - Scanning For ADB Devices 603 ms
Refreshing native plugins compatible for Editor in 63.05 ms, found 3 plugins.
Preloading 0 native plugins for Editor in 0.00 ms.
Mono: successfully reloaded assembly
- Completed reload, in  1.250 seconds
Domain Reload Profiling:
	ReloadAssembly (1250ms)
		BeginReloadAssembly (108ms)
			ExecutionOrderSort (0ms)
			DisableScriptedObjects (0ms)
			BackupInstance (0ms)
			ReleaseScriptingObjects (0ms)
			CreateAndSetChildDomain (1ms)
		EndReloadAssembly (1051ms)
			LoadAssemblies (106ms)
			RebuildTransferFunctionScriptingTraits (0ms)
			SetupTypeCache (93ms)
			ReleaseScriptCaches (0ms)
			RebuildScriptCaches (24ms)
			SetupLoadedEditorAssemblies (886ms)
				LogAssemblyErrors (0ms)
				InitializePlatformSupportModulesInManaged (697ms)
				SetLoadedEditorAssemblies (0ms)
				RefreshPlugins (63ms)
				BeforeProcessingInitializeOnLoad (1ms)
				ProcessInitializeOnLoadAttributes (78ms)
				ProcessInitializeOnLoadMethodAttributes (46ms)
				AfterProcessingInitializeOnLoad (0ms)
				EditorAssembliesLoaded (0ms)
			ExecutionOrderSort2 (0ms)
			AwakeInstancesAfterBackupRestoration (0ms)
Platform modules already initialized, skipping
Registering precompiled user dll's ...
Registered in 0.007271 seconds.
Begin MonoManager ReloadAssembly
Symbol file LoadedFromMemory doesn't match image C:\Users\won12\OneDrive\ë¬¸ì„œ\GitHub\Racing-Game-Project\Racing Game Project\Library\PackageCache\com.unity.visualscripting@1.8.0\Editor\VisualScripting.Core\Dependencies\YamlDotNet\Unity.VisualScripting.YamlDotNet.dll
Symbol file LoadedFromMemory doesn't match image C:\Users\won12\OneDrive\ë¬¸ì„œ\GitHub\Racing-Game-Project\Racing Game Project\Library\PackageCache\com.unity.visualscripting@1.8.0\Editor\VisualScripting.Core\Dependencies\DotNetZip\Unity.VisualScripting.IonicZip.dll
Native extension for WindowsStandalone target not found
Native extension for Android target not found
Refreshing native plugins compatible for Editor in 0.42 ms, found 3 plugins.
Preloading 0 native plugins for Editor in 0.00 ms.
Mono: successfully reloaded assembly
- Completed reload, in  0.916 seconds
Domain Reload Profiling:
	ReloadAssembly (917ms)
		BeginReloadAssembly (122ms)
			ExecutionOrderSort (0ms)
			DisableScriptedObjects (5ms)
			BackupInstance (0ms)
			ReleaseScriptingObjects (0ms)
			CreateAndSetChildDomain (20ms)
		EndReloadAssembly (689ms)
			LoadAssemblies (99ms)
			RebuildTransferFunctionScriptingTraits (0ms)
			SetupTypeCache (229ms)
			ReleaseScriptCaches (0ms)
			RebuildScriptCaches (42ms)
			SetupLoadedEditorAssemblies (299ms)
				LogAssemblyErrors (0ms)
				InitializePlatformSupportModulesInManaged (18ms)
				SetLoadedEditorAssemblies (0ms)
				RefreshPlugins (0ms)
				BeforeProcessingInitializeOnLoad (71ms)
				ProcessInitializeOnLoadAttributes (186ms)
				ProcessInitializeOnLoadMethodAttributes (16ms)
				AfterProcessingInitializeOnLoad (7ms)
				EditorAssembliesLoaded (0ms)
			ExecutionOrderSort2 (0ms)
			AwakeInstancesAfterBackupRestoration (12ms)
Platform modules already initialized, skipping
========================================================================
Worker process is ready to serve import requests
Launched and connected shader compiler UnityShaderCompiler.exe after 0.07 seconds
Refreshing native plugins compatible for Editor in 0.47 ms, found 3 plugins.
Preloading 0 native plugins for Editor in 0.00 ms.
Unloading 3051 Unused Serialized files (Serialized files now loaded: 0)
Unloading 22 unused Assets / (284.3 KB). Loaded Objects now: 3535.
Memory consumption went from 126.0 MB to 125.7 MB.
Total: 2.846600 ms (FindLiveObjects: 0.204100 ms CreateObjectMapping: 0.086200 ms MarkObjects: 2.472600 ms  DeleteObjects: 0.082800 ms)

AssetImportParameters requested are different than current active one (requested -> active):
  custom:video-decoder-ogg-theora: a1e56fd34408186e4bbccfd4996cb3dc -> 
  custom:container-muxer-webm: aa71ff27fc2769a1b78a27578f13a17b -> 
  custom:container-demuxer-webm: 4f35f7cbe854078d1ac9338744f61a02 -> 
  custom:video-encoder-webm-vp8: eb34c28f22e8b96e1ab97ce403110664 -> 
  custom:video-codec-MediaFoundation-h265: 746d11721c4dcdbdad8f713fa42b33f4 -> 
  custom:audio-encoder-webm-vorbis: bf7c407c2cedff20999df2af8eb42d56 -> 
  custom:framework-win-MediaFoundation: 216162199b28c13a410421893ffa2e32 -> 
  custom:container-demuxer-ogg: 62fdf1f143b41e24485cea50d1cbac27 -> 
  custom:video-decoder-webm-vp8: 9c59270c3fd7afecdb556c50c9e8de78 -> 
  custom:audio-decoder-ogg-vorbis: bf7c407c2cedff20999df2af8eb42d56 -> 
========================================================================
Received Import Request.
  Time since last request: 1665584.103043 seconds.
  path: Assets/0. Asset/3. Building/0. Desert Building/Meshes/Desert_Village_Desert.fbx
  artifactKey: Guid(18488c270711a7445bc75721470cf3be) Importer(815301076,1909f56bfc062723c751e8b465ee728b)
Start importing Assets/0. Asset/3. Building/0. Desert Building/Meshes/Desert_Village_Desert.fbx using Guid(18488c270711a7445bc75721470cf3be) Importer(815301076,1909f56bfc062723c751e8b465ee728b)  -> (artifact id: 'c9e0c1881e86b27c3ab09de95a76fb3b') in 0.263963 seconds 
========================================================================
Received Import Request.
  Time since last request: 0.000027 seconds.
  path: Assets/0. Asset/3. Building/0. Desert Building/Meshes/Desert_Village_House_4.fbx
  artifactKey: Guid(eb4463eea96e4a24296a8ff63d7ca6c2) Importer(815301076,1909f56bfc062723c751e8b465ee728b)
Start importing Assets/0. Asset/3. Building/0. Desert Building/Meshes/Desert_Village_House_4.fbx using Guid(eb4463eea96e4a24296a8ff63d7ca6c2) Importer(815301076,1909f56bfc062723c751e8b465ee728b)  -> (artifact id: 'b794347892ec796d5e07c9b3a1ab7e95') in 0.169387 seconds 
========================================================================
Received Import Request.
  Time since last request: 0.011457 seconds.
  path: Assets/0. Asset/3. Building/0. Desert Building/Meshes/Desert_Village_Threshold_Rock.fbx
  artifactKey: Guid(13beb9e7ff1aa8b4aae7f03929a6d8fd) Importer(815301076,1909f56bfc062723c751e8b465ee728b)
Start importing Assets/0. Asset/3. Building/0. Desert Building/Meshes/Desert_Village_Threshold_Rock.fbx using Guid(13beb9e7ff1aa8b4aae7f03929a6d8fd) Importer(815301076,1909f56bfc062723c751e8b465ee728b)  -> (artifact id: '15d6779199a821a657c2c33d2190e872') in 0.037151 seconds 
========================================================================
Received Import Request.
  Time since last request: 4.128259 seconds.
  path: Assets/0. Asset/3. Building/0. Desert Building/Materials/M_House_Wood.mat
  artifactKey: Guid(e2d5dcca8dda83644bdfff8aad886316) Importer(815301076,1909f56bfc062723c751e8b465ee728b)
Start importing Assets/0. Asset/3. Building/0. Desert Building/Materials/M_House_Wood.mat using Guid(e2d5dcca8dda83644bdfff8aad886316) Importer(815301076,1909f56bfc062723c751e8b465ee728b)  -> (artifact id: '7019a4ba0821684a714d2413d855c235') in 0.097821 seconds 
========================================================================
Received Import Request.
  Time since last request: 0.000024 seconds.
  path: Assets/0. Asset/3. Building/0. Desert Building/Materials/M_Vase.mat
  artifactKey: Guid(9586951ff1f08f14190d195079168ddd) Importer(815301076,1909f56bfc062723c751e8b465ee728b)
Start importing Assets/0. Asset/3. Building/0. Desert Building/Materials/M_Vase.mat using Guid(9586951ff1f08f14190d195079168ddd) Importer(815301076,1909f56bfc062723c751e8b465ee728b)  -> (artifact id: '27ef6715892f5dbd829f19e55518d4f2') in 0.025048 seconds 
========================================================================
Received Import Request.
  Time since last request: 13.203173 seconds.
  path: Assets/0. Asset/3. Building/0. Desert Building/Scene/Desert_Village/Lightmap-0_comp_light.exr
  artifactKey: Guid(de23f04c34135d3439cae2a7e95a473a) Importer(815301076,1909f56bfc062723c751e8b465ee728b)
Start importing Assets/0. Asset/3. Building/0. Desert Building/Scene/Desert_Village/Lightmap-0_comp_light.exr using Guid(de23f04c34135d3439cae2a7e95a473a) Importer(815301076,1909f56bfc062723c751e8b465ee728b)  -> (artifact id: '24595fef09e76911ac28dd15bebba7b9') in 0.114767 seconds 
========================================================================
Received Import Request.
  Time since last request: 0.000045 seconds.
  path: Assets/0. Asset/3. Building/0. Desert Building/Scene/Desert_Village/Lightmap-5_comp_light.exr
  artifactKey: Guid(079c51f3a4f4640459b2268e6da1d639) Importer(815301076,1909f56bfc062723c751e8b465ee728b)
Start importing Assets/0. Asset/3. Building/0. Desert Building/Scene/Desert_Village/Lightmap-5_comp_light.exr using Guid(079c51f3a4f4640459b2268e6da1d639) Importer(815301076,1909f56bfc062723c751e8b465ee728b)  -> (artifact id: 'b15b90901fdd08a67a04cedc21502706') in 0.052800 seconds 
========================================================================
Received Import Request.
  Time since last request: 0.000072 seconds.
  path: Assets/0. Asset/3. Building/0. Desert Building/Scene/Desert_Village/Lightmap-4_comp_dir.png
  artifactKey: Guid(c80abc7b3db0e8f44b344f2fa0548c42) Importer(815301076,1909f56bfc062723c751e8b465ee728b)
Start importing Assets/0. Asset/3. Building/0. Desert Building/Scene/Desert_Village/Lightmap-4_comp_dir.png using Guid(c80abc7b3db0e8f44b344f2fa0548c42) Importer(815301076,1909f56bfc062723c751e8b465ee728b)  -> (artifact id: 'eb091205f462e59d8bc92b9613b0203f') in 0.056737 seconds 
========================================================================
Received Import Request.
  Time since last request: 0.626156 seconds.
  path: Assets/0. Asset/3. Building/0. Desert Building/Scene/Desert_Village/ReflectionProbe-0.exr
  artifactKey: Guid(a4531ac8b59ca534aa3df4928ef91f57) Importer(815301076,1909f56bfc062723c751e8b465ee728b)
Start importing Assets/0. Asset/3. Building/0. Desert Building/Scene/Desert_Village/ReflectionProbe-0.exr using Guid(a4531ac8b59ca534aa3df4928ef91f57) Importer(815301076,1909f56bfc062723c751e8b465ee728b)  -> (artifact id: '261a558a541951e61b6863555b50c03b') in 0.056094 seconds 
========================================================================
Received Import Request.
  Time since last request: 201.575671 seconds.
  path: Assets/0. Asset/3. Building/0. Desert Building/Desert Buildings/Prefabs/Desert_Building_V2.prefab
  artifactKey: Guid(9923332096aa0a54587e28f246da49de) Importer(815301076,1909f56bfc062723c751e8b465ee728b)
Start importing Assets/0. Asset/3. Building/0. Desert Building/Desert Buildings/Prefabs/Desert_Building_V2.prefab using Guid(9923332096aa0a54587e28f246da49de) Importer(815301076,1909f56bfc062723c751e8b465ee728b)  -> (artifact id: '667abd3aec99229307a3defaf24edcf3') in 0.277507 seconds 
========================================================================
Received Import Request.
  Time since last request: 0.000030 seconds.
  path: Assets/0. Asset/3. Building/0. Desert Building/Desert Buildings/Prefabs/Desert_Building_V5.prefab
  artifactKey: Guid(3cc32b211ba11174199a64a41ce904c2) Importer(815301076,1909f56bfc062723c751e8b465ee728b)
Start importing Assets/0. Asset/3. Building/0. Desert Building/Desert Buildings/Prefabs/Desert_Building_V5.prefab using Guid(3cc32b211ba11174199a64a41ce904c2) Importer(815301076,1909f56bfc062723c751e8b465ee728b)  -> (artifact id: 'ecde4e5b14575f72c049605439e68444') in 0.054370 seconds 
========================================================================
Received Import Request.
  Time since last request: 0.000058 seconds.
  path: Assets/0. Asset/3. Building/0. Desert Building/Desert Buildings/Prefabs/Desert_Building_V4.prefab
  artifactKey: Guid(e3deda9cbdf55484a80b96efb01909cd) Importer(815301076,1909f56bfc062723c751e8b465ee728b)
Start importing Assets/0. Asset/3. Building/0. Desert Building/Desert Buildings/Prefabs/Desert_Building_V4.prefab using Guid(e3deda9cbdf55484a80b96efb01909cd) Importer(815301076,1909f56bfc062723c751e8b465ee728b)  -> (artifact id: '7f88ca02fc786954e6b070f1a789dcfa') in 0.041645 seconds 
========================================================================
Received Import Request.
  Time since last request: 20.652760 seconds.
  path: Assets/0. Asset/3. Building/0. Desert Building/Desert Buildings/Materials/Desert_Building_V2.mat
  artifactKey: Guid(1ccdb31da12638f469ee978eb5e8ff05) Importer(815301076,1909f56bfc062723c751e8b465ee728b)
Start importing Assets/0. Asset/3. Building/0. Desert Building/Desert Buildings/Materials/Desert_Building_V2.mat using Guid(1ccdb31da12638f469ee978eb5e8ff05) Importer(815301076,1909f56bfc062723c751e8b465ee728b)  -> (artifact id: '06d9b86516a46fe8e4ea8e2dba2ec896') in 0.044528 seconds 
========================================================================
Received Import Request.
  Time since last request: 0.000019 seconds.
  path: Assets/0. Asset/3. Building/0. Desert Building/Desert Buildings/Materials/Desert_Building_V4.mat
  artifactKey: Guid(279eabbfb8210a24892451b6b77abd6e) Importer(815301076,1909f56bfc062723c751e8b465ee728b)
Start importing Assets/0. Asset/3. Building/0. Desert Building/Desert Buildings/Materials/Desert_Building_V4.mat using Guid(279eabbfb8210a24892451b6b77abd6e) Importer(815301076,1909f56bfc062723c751e8b465ee728b)  -> (artifact id: '511875e82b19f31a38d88aacd1380aef') in 0.044721 seconds 
========================================================================
Received Import Request.
  Time since last request: 0.797507 seconds.
  path: Assets/0. Asset/3. Building/0. Desert Building/Desert Buildings/Models/Desert_Building_V2.fbx
  artifactKey: Guid(504da36907c9cff48af2c073b502e26b) Importer(815301076,1909f56bfc062723c751e8b465ee728b)
Start importing Assets/0. Asset/3. Building/0. Desert Building/Desert Buildings/Models/Desert_Building_V2.fbx using Guid(504da36907c9cff48af2c073b502e26b) Importer(815301076,1909f56bfc062723c751e8b465ee728b)  -> (artifact id: '84157a617eae4a8e82fdb7d890e8c57d') in 0.030204 seconds 
========================================================================
Received Import Request.
  Time since last request: 0.000022 seconds.
  path: Assets/0. Asset/3. Building/0. Desert Building/Desert Buildings/Models/Desert_Building_V4.fbx
  artifactKey: Guid(9ec92fc72f132874cb88a8aa45f32a05) Importer(815301076,1909f56bfc062723c751e8b465ee728b)
Start importing Assets/0. Asset/3. Building/0. Desert Building/Desert Buildings/Models/Desert_Building_V4.fbx using Guid(9ec92fc72f132874cb88a8aa45f32a05) Importer(815301076,1909f56bfc062723c751e8b465ee728b)  -> (artifact id: '24b9793bcaab044deb1c790848f9a26e') in 0.055618 seconds 
========================================================================
Received Import Request.
  Time since last request: 1.885122 seconds.
  path: Assets/0. Asset/3. Building/0. Desert Building/Desert Buildings/Textures/Desert_Building_V1_MetallicSmoothness.png
  artifactKey: Guid(fb50cdcd34369f94eabf323b361e7fa2) Importer(815301076,1909f56bfc062723c751e8b465ee728b)
Start importing Assets/0. Asset/3. Building/0. Desert Building/Desert Buildings/Textures/Desert_Building_V1_MetallicSmoothness.png using Guid(fb50cdcd34369f94eabf323b361e7fa2) Importer(815301076,1909f56bfc062723c751e8b465ee728b)  -> (artifact id: 'c665cb877ec3683b926d408e71e95d5a') in 0.035994 seconds 
========================================================================
Received Import Request.
  Time since last request: 0.000027 seconds.
  path: Assets/0. Asset/3. Building/0. Desert Building/Desert Buildings/Textures/Desert_Building_V2_Normal.png
  artifactKey: Guid(6a74d327ed718f34c9804e7c44849c4d) Importer(815301076,1909f56bfc062723c751e8b465ee728b)
Start importing Assets/0. Asset/3. Building/0. Desert Building/Desert Buildings/Textures/Desert_Building_V2_Normal.png using Guid(6a74d327ed718f34c9804e7c44849c4d) Importer(815301076,1909f56bfc062723c751e8b465ee728b)  -> (artifact id: 'ba518b0ce2ea5f9f47f25f8844446dfb') in 0.051695 seconds 
========================================================================
Received Import Request.
  Time since last request: 0.000026 seconds.
  path: Assets/0. Asset/3. Building/0. Desert Building/Desert Buildings/Textures/Desert_Building_V2_MetallicSmoothness.png
  artifactKey: Guid(749cd4ebdc5e32b4d86cf9aba860355a) Importer(815301076,1909f56bfc062723c751e8b465ee728b)
Start importing Assets/0. Asset/3. Building/0. Desert Building/Desert Buildings/Textures/Desert_Building_V2_MetallicSmoothness.png using Guid(749cd4ebdc5e32b4d86cf9aba860355a) Importer(815301076,1909f56bfc062723c751e8b465ee728b)  -> (artifact id: '835f39def17adaa83b44ac236fbb152d') in 0.032361 seconds 
Editor requested this worker to shutdown with reason: Scaling down because of idle timeout
AssetImportWorker is now disconnected from the server
Process exiting
Exiting without the bug reporter. Application will terminate with return code 0