Using pre-set license
Built from '2021.3/staging' branch; Version is '2021.3.25f1 (68ef2c4f8861) revision 6876972'; Using compiler version '192829333'; Build Type 'Release'
OS: 'Windows 11  (10.0.22621) 64bit Professional' Language: 'ko' Physical Memory: 16055 MB
BatchMode: 1, IsHumanControllingUs: 0, StartBugReporterOnCrash: 0, Is64bit: 1, IsPro: 1

COMMAND LINE ARGUMENTS:
C:\Program Files\Unity\Hub\Editor\2021.3.25f1\Editor\Unity.exe
-adb2
-batchMode
-noUpm
-name
AssetImportWorker4
-projectPath
C:/Users/won12/OneDrive/ë¬¸ì„œ/GitHub/Racing-Game-Project/Racing Game Project
-logFile
Logs/AssetImportWorker4.log
-srvPort
65332
Successfully changed project path to: C:/Users/won12/OneDrive/ë¬¸ì„œ/GitHub/Racing-Game-Project/Racing Game Project
C:/Users/won12/OneDrive/ë¬¸ì„œ/GitHub/Racing-Game-Project/Racing Game Project
[UnityMemory] Configuration Parameters - Can be set up in boot.config
    "memorysetup-bucket-allocator-granularity=16"
    "memorysetup-bucket-allocator-bucket-count=8"
    "memorysetup-bucket-allocator-block-size=33554432"
    "memorysetup-bucket-allocator-block-count=8"
    "memorysetup-main-allocator-block-size=16777216"
    "memorysetup-thread-allocator-block-size=16777216"
    "memorysetup-gfx-main-allocator-block-size=16777216"
    "memorysetup-gfx-thread-allocator-block-size=16777216"
    "memorysetup-cache-allocator-block-size=4194304"
    "memorysetup-typetree-allocator-block-size=2097152"
    "memorysetup-profiler-bucket-allocator-granularity=16"
    "memorysetup-profiler-bucket-allocator-bucket-count=8"
    "memorysetup-profiler-bucket-allocator-block-size=33554432"
    "memorysetup-profiler-bucket-allocator-block-count=8"
    "memorysetup-profiler-allocator-block-size=16777216"
    "memorysetup-profiler-editor-allocator-block-size=1048576"
    "memorysetup-temp-allocator-size-main=16777216"
    "memorysetup-job-temp-allocator-block-size=2097152"
    "memorysetup-job-temp-allocator-block-size-background=1048576"
    "memorysetup-job-temp-allocator-reduction-small-platforms=262144"
    "memorysetup-temp-allocator-size-background-worker=32768"
    "memorysetup-temp-allocator-size-job-worker=262144"
    "memorysetup-temp-allocator-size-preload-manager=33554432"
    "memorysetup-temp-allocator-size-nav-mesh-worker=65536"
    "memorysetup-temp-allocator-size-audio-worker=65536"
    "memorysetup-temp-allocator-size-cloud-worker=32768"
    "memorysetup-temp-allocator-size-gi-baking-worker=262144"
    "memorysetup-temp-allocator-size-gfx=262144"
Player connection [35780] Host "[IP] 192.168.20.18 [Port] 0 [Flags] 2 [Guid] 2988209501 [EditorId] 2988209501 [Version] 1048832 [Id] WindowsEditor(7,À×ÇÊ¿øÀÌ) [Debug] 1 [PackageName] WindowsEditor [ProjectName] Editor" joined multi-casting on [225.0.0.222:54997]...

Player connection [35780] Host "[IP] 192.168.20.18 [Port] 0 [Flags] 2 [Guid] 2988209501 [EditorId] 2988209501 [Version] 1048832 [Id] WindowsEditor(7,À×ÇÊ¿øÀÌ) [Debug] 1 [PackageName] WindowsEditor [ProjectName] Editor" joined alternative multi-casting on [225.0.0.222:34997]...

Refreshing native plugins compatible for Editor in 88.28 ms, found 3 plugins.
Preloading 0 native plugins for Editor in 0.00 ms.
Initialize engine version: 2021.3.25f1 (68ef2c4f8861)
[Subsystems] Discovering subsystems at path C:/Program Files/Unity/Hub/Editor/2021.3.25f1/Editor/Data/Resources/UnitySubsystems
[Subsystems] Discovering subsystems at path C:/Users/won12/OneDrive/ë¬¸ì„œ/GitHub/Racing-Game-Project/Racing Game Project/Assets
GfxDevice: creating device client; threaded=0; jobified=0
Direct3D:
    Version:  Direct3D 11.0 [level 11.1]
    Renderer: NVIDIA GeForce RTX 3050 Ti Laptop GPU (ID=0x25a0)
    Vendor:   NVIDIA
    VRAM:     3978 MB
    Driver:   31.0.15.4609
Initialize mono
Mono path[0] = 'C:/Program Files/Unity/Hub/Editor/2021.3.25f1/Editor/Data/Managed'
Mono path[1] = 'C:/Program Files/Unity/Hub/Editor/2021.3.25f1/Editor/Data/MonoBleedingEdge/lib/mono/unityjit-win32'
Mono config path = 'C:/Program Files/Unity/Hub/Editor/2021.3.25f1/Editor/Data/MonoBleedingEdge/etc'
Using monoOptions --debugger-agent=transport=dt_socket,embedding=1,server=y,suspend=n,address=127.0.0.1:56936
Begin MonoManager ReloadAssembly
Registering precompiled unity dll's ...
Register platform support module: C:/Program Files/Unity/Hub/Editor/2021.3.25f1/Editor/Data/PlaybackEngines/AndroidPlayer/UnityEditor.Android.Extensions.dll
Register platform support module: C:/Program Files/Unity/Hub/Editor/2021.3.25f1/Editor/Data/PlaybackEngines/WindowsStandaloneSupport/UnityEditor.WindowsStandalone.Extensions.dll
Registered in 0.012601 seconds.
Native extension for WindowsStandalone target not found
Native extension for Android target not found
Android Extension - Scanning For ADB Devices 572 ms
Refreshing native plugins compatible for Editor in 85.72 ms, found 3 plugins.
Preloading 0 native plugins for Editor in 0.00 ms.
Mono: successfully reloaded assembly
- Completed reload, in  1.456 seconds
Domain Reload Profiling:
	ReloadAssembly (1457ms)
		BeginReloadAssembly (169ms)
			ExecutionOrderSort (0ms)
			DisableScriptedObjects (0ms)
			BackupInstance (0ms)
			ReleaseScriptingObjects (0ms)
			CreateAndSetChildDomain (1ms)
		EndReloadAssembly (1167ms)
			LoadAssemblies (166ms)
			RebuildTransferFunctionScriptingTraits (0ms)
			SetupTypeCache (153ms)
			ReleaseScriptCaches (0ms)
			RebuildScriptCaches (28ms)
			SetupLoadedEditorAssemblies (923ms)
				LogAssemblyErrors (0ms)
				InitializePlatformSupportModulesInManaged (680ms)
				SetLoadedEditorAssemblies (0ms)
				RefreshPlugins (86ms)
				BeforeProcessingInitializeOnLoad (1ms)
				ProcessInitializeOnLoadAttributes (98ms)
				ProcessInitializeOnLoadMethodAttributes (58ms)
				AfterProcessingInitializeOnLoad (0ms)
				EditorAssembliesLoaded (0ms)
			ExecutionOrderSort2 (0ms)
			AwakeInstancesAfterBackupRestoration (0ms)
Platform modules already initialized, skipping
Registering precompiled user dll's ...
Registered in 0.008930 seconds.
Begin MonoManager ReloadAssembly
Symbol file LoadedFromMemory doesn't match image C:\Users\won12\OneDrive\ë¬¸ì„œ\GitHub\Racing-Game-Project\Racing Game Project\Library\PackageCache\com.unity.visualscripting@1.8.0\Editor\VisualScripting.Core\Dependencies\YamlDotNet\Unity.VisualScripting.YamlDotNet.dll
Symbol file LoadedFromMemory doesn't match image C:\Users\won12\OneDrive\ë¬¸ì„œ\GitHub\Racing-Game-Project\Racing Game Project\Library\PackageCache\com.unity.visualscripting@1.8.0\Editor\VisualScripting.Core\Dependencies\DotNetZip\Unity.VisualScripting.IonicZip.dll
Native extension for WindowsStandalone target not found
Native extension for Android target not found
Refreshing native plugins compatible for Editor in 0.81 ms, found 3 plugins.
Preloading 0 native plugins for Editor in 0.00 ms.
Mono: successfully reloaded assembly
- Completed reload, in  1.488 seconds
Domain Reload Profiling:
	ReloadAssembly (1489ms)
		BeginReloadAssembly (154ms)
			ExecutionOrderSort (0ms)
			DisableScriptedObjects (6ms)
			BackupInstance (0ms)
			ReleaseScriptingObjects (0ms)
			CreateAndSetChildDomain (23ms)
		EndReloadAssembly (1186ms)
			LoadAssemblies (169ms)
			RebuildTransferFunctionScriptingTraits (0ms)
			SetupTypeCache (407ms)
			ReleaseScriptCaches (1ms)
			RebuildScriptCaches (68ms)
			SetupLoadedEditorAssemblies (492ms)
				LogAssemblyErrors (0ms)
				InitializePlatformSupportModulesInManaged (29ms)
				SetLoadedEditorAssemblies (1ms)
				RefreshPlugins (1ms)
				BeforeProcessingInitializeOnLoad (127ms)
				ProcessInitializeOnLoadAttributes (300ms)
				ProcessInitializeOnLoadMethodAttributes (23ms)
				AfterProcessingInitializeOnLoad (10ms)
				EditorAssembliesLoaded (0ms)
			ExecutionOrderSort2 (0ms)
			AwakeInstancesAfterBackupRestoration (14ms)
Platform modules already initialized, skipping
========================================================================
Worker process is ready to serve import requests
Launched and connected shader compiler UnityShaderCompiler.exe after 0.11 seconds
Refreshing native plugins compatible for Editor in 0.60 ms, found 3 plugins.
Preloading 0 native plugins for Editor in 0.00 ms.
Unloading 3050 Unused Serialized files (Serialized files now loaded: 0)
Unloading 22 unused Assets / (284.4 KB). Loaded Objects now: 3530.
Memory consumption went from 126.3 MB to 126.0 MB.
Total: 4.884200 ms (FindLiveObjects: 0.375900 ms CreateObjectMapping: 0.224500 ms MarkObjects: 4.118400 ms  DeleteObjects: 0.163600 ms)

AssetImportParameters requested are different than current active one (requested -> active):
  custom:video-decoder-ogg-theora: a1e56fd34408186e4bbccfd4996cb3dc -> 
  custom:container-muxer-webm: aa71ff27fc2769a1b78a27578f13a17b -> 
  custom:container-demuxer-webm: 4f35f7cbe854078d1ac9338744f61a02 -> 
  custom:video-encoder-webm-vp8: eb34c28f22e8b96e1ab97ce403110664 -> 
  custom:video-codec-MediaFoundation-h265: 746d11721c4dcdbdad8f713fa42b33f4 -> 
  custom:audio-encoder-webm-vorbis: bf7c407c2cedff20999df2af8eb42d56 -> 
  custom:framework-win-MediaFoundation: 216162199b28c13a410421893ffa2e32 -> 
  custom:container-demuxer-ogg: 62fdf1f143b41e24485cea50d1cbac27 -> 
  custom:video-decoder-webm-vp8: 9c59270c3fd7afecdb556c50c9e8de78 -> 
  custom:audio-decoder-ogg-vorbis: bf7c407c2cedff20999df2af8eb42d56 -> 
========================================================================
Received Import Request.
  Time since last request: 1663240.482309 seconds.
  path: Assets/0. Asset/1. Track/Track1/Meshes/Track_Meshes/OvalModular/oval_mod_trees.FBX
  artifactKey: Guid(6306af7c7eb1c114eb364ed8a401c609) Importer(815301076,1909f56bfc062723c751e8b465ee728b)
Start importing Assets/0. Asset/1. Track/Track1/Meshes/Track_Meshes/OvalModular/oval_mod_trees.FBX using Guid(6306af7c7eb1c114eb364ed8a401c609) Importer(815301076,1909f56bfc062723c751e8b465ee728b)  -> (artifact id: 'bcfe25ad4eeef8ce69eb555d6b356300') in 0.862939 seconds 
========================================================================
Received Import Request.
  Time since last request: 15.262685 seconds.
  path: Assets/0. Asset/1. Track/Track1/Physics Materials
  artifactKey: Guid(6142118558625084ba2b637990196961) Importer(815301076,1909f56bfc062723c751e8b465ee728b)
Start importing Assets/0. Asset/1. Track/Track1/Physics Materials using Guid(6142118558625084ba2b637990196961) Importer(815301076,1909f56bfc062723c751e8b465ee728b)  -> (artifact id: 'fbae57eca90e13d344d936e2cd7a0fdb') in 0.013758 seconds 
========================================================================
Received Import Request.
  Time since last request: 0.128197 seconds.
  path: Assets/0. Asset/1. Track/Track1/Physics Materials/Cone.physicMaterial
  artifactKey: Guid(7f35231755fa8124096e33e80144306f) Importer(815301076,1909f56bfc062723c751e8b465ee728b)
Start importing Assets/0. Asset/1. Track/Track1/Physics Materials/Cone.physicMaterial using Guid(7f35231755fa8124096e33e80144306f) Importer(815301076,1909f56bfc062723c751e8b465ee728b)  -> (artifact id: 'c4c771901bad84f8d1846be63d07c8e7') in 0.021646 seconds 
========================================================================
Received Import Request.
  Time since last request: 6.733733 seconds.
  path: Assets/0. Asset/1. Track/Track1/Prefabs
  artifactKey: Guid(fe29feda834ce014083db71ff51e59ea) Importer(815301076,1909f56bfc062723c751e8b465ee728b)
Start importing Assets/0. Asset/1. Track/Track1/Prefabs using Guid(fe29feda834ce014083db71ff51e59ea) Importer(815301076,1909f56bfc062723c751e8b465ee728b)  -> (artifact id: 'ef98e3323be8d688c924bdd67c1b367b') in 0.019940 seconds 
========================================================================
Received Import Request.
  Time since last request: 0.972946 seconds.
  path: Assets/0. Asset/1. Track/Track1/Prefabs/Track
  artifactKey: Guid(cfba7cf4a42efef428296f752f88f55f) Importer(815301076,1909f56bfc062723c751e8b465ee728b)
Start importing Assets/0. Asset/1. Track/Track1/Prefabs/Track using Guid(cfba7cf4a42efef428296f752f88f55f) Importer(815301076,1909f56bfc062723c751e8b465ee728b)  -> (artifact id: '76e0c7e7bddb24c803c4a97e71aaa057') in 0.015574 seconds 
========================================================================
Received Import Request.
  Time since last request: 0.029791 seconds.
  path: Assets/0. Asset/1. Track/Track1/Prefabs/Track/oval_complete_colliders.prefab
  artifactKey: Guid(a3ce4271597121f44869d10a0a567d64) Importer(815301076,1909f56bfc062723c751e8b465ee728b)
Start importing Assets/0. Asset/1. Track/Track1/Prefabs/Track/oval_complete_colliders.prefab using Guid(a3ce4271597121f44869d10a0a567d64) Importer(815301076,1909f56bfc062723c751e8b465ee728b)  -> (artifact id: '6142d81630fc9a9768ce0f88b9cba940') in 0.048936 seconds 
========================================================================
Received Import Request.
  Time since last request: 0.000036 seconds.
  path: Assets/0. Asset/1. Track/Track1/Prefabs/Track/oval_mod_pitwall.prefab
  artifactKey: Guid(2953943eb6ab8e24081b12ab3f22a4b3) Importer(815301076,1909f56bfc062723c751e8b465ee728b)
Start importing Assets/0. Asset/1. Track/Track1/Prefabs/Track/oval_mod_pitwall.prefab using Guid(2953943eb6ab8e24081b12ab3f22a4b3) Importer(815301076,1909f56bfc062723c751e8b465ee728b)  -> (artifact id: '1b3e91c3c5bc8dcff5bde8f5d339c9f4') in 0.741931 seconds 
========================================================================
Received Import Request.
  Time since last request: 0.000040 seconds.
  path: Assets/0. Asset/1. Track/Track1/Prefabs/Track/oval_mod_startlights.prefab
  artifactKey: Guid(d7c9b08657eabc54db441e4854d7996e) Importer(815301076,1909f56bfc062723c751e8b465ee728b)
Start importing Assets/0. Asset/1. Track/Track1/Prefabs/Track/oval_mod_startlights.prefab using Guid(d7c9b08657eabc54db441e4854d7996e) Importer(815301076,1909f56bfc062723c751e8b465ee728b)  -> (artifact id: '5e04c24bd7c34ddeb98f9a01c272678f') in 0.345448 seconds 
========================================================================
Received Import Request.
  Time since last request: 0.667254 seconds.
  path: Assets/0. Asset/1. Track/Track1/Prefabs/Track/oval_mod_turnsigns.prefab
  artifactKey: Guid(2b742cea3010f98448c0976eb0724a22) Importer(815301076,1909f56bfc062723c751e8b465ee728b)
Start importing Assets/0. Asset/1. Track/Track1/Prefabs/Track/oval_mod_turnsigns.prefab using Guid(2b742cea3010f98448c0976eb0724a22) Importer(815301076,1909f56bfc062723c751e8b465ee728b)  -> (artifact id: '5fd846d705605cbf73f3b1adcbf3a689') in 0.655677 seconds 
========================================================================
Received Import Request.
  Time since last request: 16.423740 seconds.
  path: Assets/Scenes/SampleScene.unity
  artifactKey: Guid(9fc0d4010bbf28b4594072e72b8655ab) Importer(815301076,1909f56bfc062723c751e8b465ee728b)
Start importing Assets/Scenes/SampleScene.unity using Guid(9fc0d4010bbf28b4594072e72b8655ab) Importer(815301076,1909f56bfc062723c751e8b465ee728b)  -> (artifact id: 'd4cf255ce6e00d81e3f402f7131a9652') in 0.014791 seconds 
========================================================================
Received Import Request.
  Time since last request: 158.334620 seconds.
  path: Assets/0. Asset/1. Track/AddOns
  artifactKey: Guid(1b2199caa5dfb174a83431821bcd5339) Importer(815301076,1909f56bfc062723c751e8b465ee728b)
Start importing Assets/0. Asset/1. Track/AddOns using Guid(1b2199caa5dfb174a83431821bcd5339) Importer(815301076,1909f56bfc062723c751e8b465ee728b)  -> (artifact id: 'ea31fa4bb0b3eadfa7a4b13b828d14af') in 0.019246 seconds 
========================================================================
Received Import Request.
  Time since last request: 2.892329 seconds.
  path: Assets/0. Asset/1. Track/Track
  artifactKey: Guid(1b2199caa5dfb174a83431821bcd5339) Importer(815301076,1909f56bfc062723c751e8b465ee728b)
Start importing Assets/0. Asset/1. Track/Track using Guid(1b2199caa5dfb174a83431821bcd5339) Importer(815301076,1909f56bfc062723c751e8b465ee728b)  -> (artifact id: 'a5df5d05297423efc6bbe03d7d8e9330') in 0.006428 seconds 
========================================================================
Received Import Request.
  Time since last request: 1.048046 seconds.
  path: Assets/0. Asset/1. Track/Track/MgKarting_Racetrack
  artifactKey: Guid(815ff9e553fd55841b4a4546e06d61b0) Importer(815301076,1909f56bfc062723c751e8b465ee728b)
Start importing Assets/0. Asset/1. Track/Track/MgKarting_Racetrack using Guid(815ff9e553fd55841b4a4546e06d61b0) Importer(815301076,1909f56bfc062723c751e8b465ee728b)  -> (artifact id: '5118620bb6a9e53ced0a3e591c4d56f7') in 0.017183 seconds 
========================================================================
Received Import Request.
  Time since last request: 4.170499 seconds.
  path: Assets/0. Asset/1. Track/Track/MgKarting_Racetrack/Materials
  artifactKey: Guid(73d12bd66416f0b419e1cf1bdb933f33) Importer(815301076,1909f56bfc062723c751e8b465ee728b)
Start importing Assets/0. Asset/1. Track/Track/MgKarting_Racetrack/Materials using Guid(73d12bd66416f0b419e1cf1bdb933f33) Importer(815301076,1909f56bfc062723c751e8b465ee728b)  -> (artifact id: 'dbba0e23d63e7e1a1342dfd1b3b7a2e5') in 0.015603 seconds 
========================================================================
Received Import Request.
  Time since last request: 27.352377 seconds.
  path: Assets/0. Asset/1. Track/Materials/Default.mat
  artifactKey: Guid(9c85a8e1f52c520458bc41759e0b4f12) Importer(815301076,1909f56bfc062723c751e8b465ee728b)
Start importing Assets/0. Asset/1. Track/Materials/Default.mat using Guid(9c85a8e1f52c520458bc41759e0b4f12) Importer(815301076,1909f56bfc062723c751e8b465ee728b)  -> (artifact id: '94fd44614e9c8a6efea87de10e27850a') in 0.065863 seconds 
========================================================================
Received Import Request.
  Time since last request: 0.000029 seconds.
  path: Assets/0. Asset/1. Track/Materials/RTC_Track.mat
  artifactKey: Guid(1a4a59638388ff247909634184e9d4ff) Importer(815301076,1909f56bfc062723c751e8b465ee728b)
Start importing Assets/0. Asset/1. Track/Materials/RTC_Track.mat using Guid(1a4a59638388ff247909634184e9d4ff) Importer(815301076,1909f56bfc062723c751e8b465ee728b)  -> (artifact id: 'de6fc0d2a782efeae58ef71c71e5a0ad') in 0.081472 seconds 
========================================================================
Received Import Request.
  Time since last request: 0.000033 seconds.
  path: Assets/0. Asset/1. Track/Materials/RTC_Barrier_A_Color_02.mat
  artifactKey: Guid(2d4507ea4b44cf44e87cdc5d80747904) Importer(815301076,1909f56bfc062723c751e8b465ee728b)
Start importing Assets/0. Asset/1. Track/Materials/RTC_Barrier_A_Color_02.mat using Guid(2d4507ea4b44cf44e87cdc5d80747904) Importer(815301076,1909f56bfc062723c751e8b465ee728b)  -> (artifact id: '77ae0464852068855f3e0264a23eca76') in 0.072812 seconds 
========================================================================
Received Import Request.
  Time since last request: 0.000042 seconds.
  path: Assets/0. Asset/1. Track/Materials/RTC_Barrier_A_Color_01.mat
  artifactKey: Guid(2ebb6dae9d6256d43a5e61c95c8184b6) Importer(815301076,1909f56bfc062723c751e8b465ee728b)
Start importing Assets/0. Asset/1. Track/Materials/RTC_Barrier_A_Color_01.mat using Guid(2ebb6dae9d6256d43a5e61c95c8184b6) Importer(815301076,1909f56bfc062723c751e8b465ee728b)  -> (artifact id: '3bfb65711cc9c01dc872f34faff60cf6') in 0.033015 seconds 
========================================================================
Received Import Request.
  Time since last request: 0.000034 seconds.
  path: Assets/0. Asset/1. Track/Materials/RTC_LaneLines.mat
  artifactKey: Guid(b272ccb73d9e2594ea930e1ce7e17316) Importer(815301076,1909f56bfc062723c751e8b465ee728b)
Start importing Assets/0. Asset/1. Track/Materials/RTC_LaneLines.mat using Guid(b272ccb73d9e2594ea930e1ce7e17316) Importer(815301076,1909f56bfc062723c751e8b465ee728b)  -> (artifact id: '576aaa5514bdc5eee1f2c6b5fe1356e2') in 0.032495 seconds 
========================================================================
Received Import Request.
  Time since last request: 0.000033 seconds.
  path: Assets/0. Asset/1. Track/Materials/RTC_Track_Stripe.mat
  artifactKey: Guid(9481e9afd8ae89c47988f6384e94f036) Importer(815301076,1909f56bfc062723c751e8b465ee728b)
Start importing Assets/0. Asset/1. Track/Materials/RTC_Track_Stripe.mat using Guid(9481e9afd8ae89c47988f6384e94f036) Importer(815301076,1909f56bfc062723c751e8b465ee728b)  -> (artifact id: '5b5122f1463517849e18875f17477655') in 0.026408 seconds 
========================================================================
Received Import Request.
  Time since last request: 24.938041 seconds.
  path: Assets/0. Asset/1. Track/AddOns
  artifactKey: Guid(239df1c1b7947724bbcd10bd26f3f352) Importer(815301076,1909f56bfc062723c751e8b465ee728b)
Start importing Assets/0. Asset/1. Track/AddOns using Guid(239df1c1b7947724bbcd10bd26f3f352) Importer(815301076,1909f56bfc062723c751e8b465ee728b)  -> (artifact id: '4be27130a391a5c9ad300f88c9838f65') in 0.014295 seconds 
========================================================================
Received Import Request.
  Time since last request: 5.973546 seconds.
  path: Assets/0. Asset/1. Track/MgKarting_Racetrack/Racetrack_ReadMe.txt
  artifactKey: Guid(5f89ac968d58ad74381d53d1a2f04bcf) Importer(815301076,1909f56bfc062723c751e8b465ee728b)
Start importing Assets/0. Asset/1. Track/MgKarting_Racetrack/Racetrack_ReadMe.txt using Guid(5f89ac968d58ad74381d53d1a2f04bcf) Importer(815301076,1909f56bfc062723c751e8b465ee728b)  -> (artifact id: '2f4e84e0e86d6ea3788e7b6a4b6c1141') in 0.034220 seconds 
========================================================================
Received Prepare
Registering precompiled user dll's ...
Registered in 0.009811 seconds.
Begin MonoManager ReloadAssembly
Symbol file LoadedFromMemory doesn't match image C:\Users\won12\OneDrive\ë¬¸ì„œ\GitHub\Racing-Game-Project\Racing Game Project\Library\PackageCache\com.unity.visualscripting@1.8.0\Editor\VisualScripting.Core\Dependencies\YamlDotNet\Unity.VisualScripting.YamlDotNet.dll
Symbol file LoadedFromMemory doesn't match image C:\Users\won12\OneDrive\ë¬¸ì„œ\GitHub\Racing-Game-Project\Racing Game Project\Library\PackageCache\com.unity.visualscripting@1.8.0\Editor\VisualScripting.Core\Dependencies\DotNetZip\Unity.VisualScripting.IonicZip.dll
Native extension for WindowsStandalone target not found
Native extension for Android target not found
Refreshing native plugins compatible for Editor in 1.09 ms, found 3 plugins.
Preloading 0 native plugins for Editor in 0.00 ms.
Mono: successfully reloaded assembly
- Completed reload, in  2.422 seconds
Domain Reload Profiling:
	ReloadAssembly (2423ms)
		BeginReloadAssembly (248ms)
			ExecutionOrderSort (0ms)
			DisableScriptedObjects (7ms)
			BackupInstance (0ms)
			ReleaseScriptingObjects (0ms)
			CreateAndSetChildDomain (46ms)
		EndReloadAssembly (2023ms)
			LoadAssemblies (193ms)
			RebuildTransferFunctionScriptingTraits (0ms)
			SetupTypeCache (800ms)
			ReleaseScriptCaches (2ms)
			RebuildScriptCaches (96ms)
			SetupLoadedEditorAssemblies (771ms)
				LogAssemblyErrors (0ms)
				InitializePlatformSupportModulesInManaged (68ms)
				SetLoadedEditorAssemblies (1ms)
				RefreshPlugins (1ms)
				BeforeProcessingInitializeOnLoad (160ms)
				ProcessInitializeOnLoadAttributes (469ms)
				ProcessInitializeOnLoadMethodAttributes (47ms)
				AfterProcessingInitializeOnLoad (23ms)
				EditorAssembliesLoaded (0ms)
			ExecutionOrderSort2 (0ms)
			AwakeInstancesAfterBackupRestoration (31ms)
Platform modules already initialized, skipping
Refreshing native plugins compatible for Editor in 2.64 ms, found 3 plugins.
Preloading 0 native plugins for Editor in 0.00 ms.
Unloading 3043 Unused Serialized files (Serialized files now loaded: 0)
Unloading 15 unused Assets / (24.6 KB). Loaded Objects now: 3577.
Memory consumption went from 125.8 MB to 125.8 MB.
Total: 5.762900 ms (FindLiveObjects: 0.373200 ms CreateObjectMapping: 0.264300 ms MarkObjects: 5.095200 ms  DeleteObjects: 0.027600 ms)

AssetImportParameters requested are different than current active one (requested -> active):
  custom:video-decoder-ogg-theora: a1e56fd34408186e4bbccfd4996cb3dc -> 
  custom:container-muxer-webm: aa71ff27fc2769a1b78a27578f13a17b -> 
  custom:container-demuxer-webm: 4f35f7cbe854078d1ac9338744f61a02 -> 
  custom:video-encoder-webm-vp8: eb34c28f22e8b96e1ab97ce403110664 -> 
  custom:video-codec-MediaFoundation-h265: 746d11721c4dcdbdad8f713fa42b33f4 -> 
  custom:audio-encoder-webm-vorbis: bf7c407c2cedff20999df2af8eb42d56 -> 
  custom:framework-win-MediaFoundation: 216162199b28c13a410421893ffa2e32 -> 
  custom:container-demuxer-ogg: 62fdf1f143b41e24485cea50d1cbac27 -> 
  custom:video-decoder-webm-vp8: 9c59270c3fd7afecdb556c50c9e8de78 -> 
  custom:audio-decoder-ogg-vorbis: bf7c407c2cedff20999df2af8eb42d56 -> 
========================================================================
Received Import Request.
  Time since last request: 177.429463 seconds.
  path: Assets/0. Asset/Game Buffs
  artifactKey: Guid(9241331bcb5ccd04caf1d6a4ac6ad5ac) Importer(815301076,1909f56bfc062723c751e8b465ee728b)
Start importing Assets/0. Asset/Game Buffs using Guid(9241331bcb5ccd04caf1d6a4ac6ad5ac) Importer(815301076,1909f56bfc062723c751e8b465ee728b)  -> (artifact id: 'e6ab81cc2c5899826b5c127e375672d2') in 0.023170 seconds 
========================================================================
Received Prepare
Registering precompiled user dll's ...
Registered in 0.004434 seconds.
Begin MonoManager ReloadAssembly
Symbol file LoadedFromMemory doesn't match image C:\Users\won12\OneDrive\ë¬¸ì„œ\GitHub\Racing-Game-Project\Racing Game Project\Library\PackageCache\com.unity.visualscripting@1.8.0\Editor\VisualScripting.Core\Dependencies\YamlDotNet\Unity.VisualScripting.YamlDotNet.dll
Symbol file LoadedFromMemory doesn't match image C:\Users\won12\OneDrive\ë¬¸ì„œ\GitHub\Racing-Game-Project\Racing Game Project\Library\PackageCache\com.unity.visualscripting@1.8.0\Editor\VisualScripting.Core\Dependencies\DotNetZip\Unity.VisualScripting.IonicZip.dll
Native extension for WindowsStandalone target not found
Native extension for Android target not found
Refreshing native plugins compatible for Editor in 0.45 ms, found 3 plugins.
Preloading 0 native plugins for Editor in 0.00 ms.
Mono: successfully reloaded assembly
- Completed reload, in  0.915 seconds
Domain Reload Profiling:
	ReloadAssembly (915ms)
		BeginReloadAssembly (148ms)
			ExecutionOrderSort (0ms)
			DisableScriptedObjects (5ms)
			BackupInstance (0ms)
			ReleaseScriptingObjects (0ms)
			CreateAndSetChildDomain (29ms)
		EndReloadAssembly (676ms)
			LoadAssemblies (106ms)
			RebuildTransferFunctionScriptingTraits (0ms)
			SetupTypeCache (223ms)
			ReleaseScriptCaches (1ms)
			RebuildScriptCaches (40ms)
			SetupLoadedEditorAssemblies (277ms)
				LogAssemblyErrors (0ms)
				InitializePlatformSupportModulesInManaged (20ms)
				SetLoadedEditorAssemblies (0ms)
				RefreshPlugins (1ms)
				BeforeProcessingInitializeOnLoad (55ms)
				ProcessInitializeOnLoadAttributes (178ms)
				ProcessInitializeOnLoadMethodAttributes (17ms)
				AfterProcessingInitializeOnLoad (7ms)
				EditorAssembliesLoaded (0ms)
			ExecutionOrderSort2 (0ms)
			AwakeInstancesAfterBackupRestoration (11ms)
Platform modules already initialized, skipping
Refreshing native plugins compatible for Editor in 1.48 ms, found 3 plugins.
Preloading 0 native plugins for Editor in 0.00 ms.
Unloading 3043 Unused Serialized files (Serialized files now loaded: 0)
Unloading 15 unused Assets / (24.7 KB). Loaded Objects now: 3580.
Memory consumption went from 125.8 MB to 125.8 MB.
Total: 3.024100 ms (FindLiveObjects: 0.200700 ms CreateObjectMapping: 0.092900 ms MarkObjects: 2.712100 ms  DeleteObjects: 0.017600 ms)

AssetImportParameters requested are different than current active one (requested -> active):
  custom:video-decoder-ogg-theora: a1e56fd34408186e4bbccfd4996cb3dc -> 
  custom:container-muxer-webm: aa71ff27fc2769a1b78a27578f13a17b -> 
  custom:container-demuxer-webm: 4f35f7cbe854078d1ac9338744f61a02 -> 
  custom:video-encoder-webm-vp8: eb34c28f22e8b96e1ab97ce403110664 -> 
  custom:video-codec-MediaFoundation-h265: 746d11721c4dcdbdad8f713fa42b33f4 -> 
  custom:audio-encoder-webm-vorbis: bf7c407c2cedff20999df2af8eb42d56 -> 
  custom:framework-win-MediaFoundation: 216162199b28c13a410421893ffa2e32 -> 
  custom:container-demuxer-ogg: 62fdf1f143b41e24485cea50d1cbac27 -> 
  custom:video-decoder-webm-vp8: 9c59270c3fd7afecdb556c50c9e8de78 -> 
  custom:audio-decoder-ogg-vorbis: bf7c407c2cedff20999df2af8eb42d56 -> 
========================================================================
Received Prepare
Registering precompiled user dll's ...
Registered in 0.006544 seconds.
Begin MonoManager ReloadAssembly
Symbol file LoadedFromMemory doesn't match image C:\Users\won12\OneDrive\ë¬¸ì„œ\GitHub\Racing-Game-Project\Racing Game Project\Library\PackageCache\com.unity.visualscripting@1.8.0\Editor\VisualScripting.Core\Dependencies\YamlDotNet\Unity.VisualScripting.YamlDotNet.dll
Symbol file LoadedFromMemory doesn't match image C:\Users\won12\OneDrive\ë¬¸ì„œ\GitHub\Racing-Game-Project\Racing Game Project\Library\PackageCache\com.unity.visualscripting@1.8.0\Editor\VisualScripting.Core\Dependencies\DotNetZip\Unity.VisualScripting.IonicZip.dll
Native extension for WindowsStandalone target not found
Native extension for Android target not found
Refreshing native plugins compatible for Editor in 0.46 ms, found 3 plugins.
Preloading 0 native plugins for Editor in 0.00 ms.
Mono: successfully reloaded assembly
- Completed reload, in  0.851 seconds
Domain Reload Profiling:
	ReloadAssembly (851ms)
		BeginReloadAssembly (139ms)
			ExecutionOrderSort (0ms)
			DisableScriptedObjects (5ms)
			BackupInstance (0ms)
			ReleaseScriptingObjects (0ms)
			CreateAndSetChildDomain (27ms)
		EndReloadAssembly (626ms)
			LoadAssemblies (99ms)
			RebuildTransferFunctionScriptingTraits (0ms)
			SetupTypeCache (214ms)
			ReleaseScriptCaches (1ms)
			RebuildScriptCaches (31ms)
			SetupLoadedEditorAssemblies (259ms)
				LogAssemblyErrors (0ms)
				InitializePlatformSupportModulesInManaged (19ms)
				SetLoadedEditorAssemblies (0ms)
				RefreshPlugins (1ms)
				BeforeProcessingInitializeOnLoad (53ms)
				ProcessInitializeOnLoadAttributes (163ms)
				ProcessInitializeOnLoadMethodAttributes (15ms)
				AfterProcessingInitializeOnLoad (8ms)
				EditorAssembliesLoaded (0ms)
			ExecutionOrderSort2 (0ms)
			AwakeInstancesAfterBackupRestoration (13ms)
Platform modules already initialized, skipping
Refreshing native plugins compatible for Editor in 1.56 ms, found 3 plugins.
Preloading 0 native plugins for Editor in 0.00 ms.
Unloading 3043 Unused Serialized files (Serialized files now loaded: 0)
Unloading 15 unused Assets / (24.6 KB). Loaded Objects now: 3583.
Memory consumption went from 125.8 MB to 125.8 MB.
Total: 2.604100 ms (FindLiveObjects: 0.193200 ms CreateObjectMapping: 0.084900 ms MarkObjects: 2.309300 ms  DeleteObjects: 0.015400 ms)

AssetImportParameters requested are different than current active one (requested -> active):
  custom:video-decoder-ogg-theora: a1e56fd34408186e4bbccfd4996cb3dc -> 
  custom:container-muxer-webm: aa71ff27fc2769a1b78a27578f13a17b -> 
  custom:container-demuxer-webm: 4f35f7cbe854078d1ac9338744f61a02 -> 
  custom:video-encoder-webm-vp8: eb34c28f22e8b96e1ab97ce403110664 -> 
  custom:video-codec-MediaFoundation-h265: 746d11721c4dcdbdad8f713fa42b33f4 -> 
  custom:audio-encoder-webm-vorbis: bf7c407c2cedff20999df2af8eb42d56 -> 
  custom:framework-win-MediaFoundation: 216162199b28c13a410421893ffa2e32 -> 
  custom:container-demuxer-ogg: 62fdf1f143b41e24485cea50d1cbac27 -> 
  custom:video-decoder-webm-vp8: 9c59270c3fd7afecdb556c50c9e8de78 -> 
  custom:audio-decoder-ogg-vorbis: bf7c407c2cedff20999df2af8eb42d56 -> 
========================================================================
Received Import Request.
  Time since last request: 17.488626 seconds.
  path: Assets/0. Asset/2. Texture
  artifactKey: Guid(6e8eb943463c2784381ecb8ebce38313) Importer(815301076,1909f56bfc062723c751e8b465ee728b)
Start importing Assets/0. Asset/2. Texture using Guid(6e8eb943463c2784381ecb8ebce38313) Importer(815301076,1909f56bfc062723c751e8b465ee728b)  -> (artifact id: 'f20fdc4308391a5df18d8bcb96cfffdb') in 0.024460 seconds 
========================================================================
Received Import Request.
  Time since last request: 3.127184 seconds.
  path: Assets/0. Asset/2. Texture/Free Stylized Textures
  artifactKey: Guid(90d18ef464232c34bbd0adec4bec8bce) Importer(815301076,1909f56bfc062723c751e8b465ee728b)
Start importing Assets/0. Asset/2. Texture/Free Stylized Textures using Guid(90d18ef464232c34bbd0adec4bec8bce) Importer(815301076,1909f56bfc062723c751e8b465ee728b)  -> (artifact id: '7553921969631478e42f7ae4a2321bc5') in 0.012890 seconds 
========================================================================
Received Import Request.
  Time since last request: 0.584648 seconds.
  path: Assets/0. Asset/2. Texture/Free Stylized Textures/Demo
  artifactKey: Guid(77fa297bc3eb6fd48b0674fbc637a80b) Importer(815301076,1909f56bfc062723c751e8b465ee728b)
Start importing Assets/0. Asset/2. Texture/Free Stylized Textures/Demo using Guid(77fa297bc3eb6fd48b0674fbc637a80b) Importer(815301076,1909f56bfc062723c751e8b465ee728b)  -> (artifact id: '6188f497fab94476509ea9fae90e19a6') in 0.013448 seconds 
========================================================================
Received Prepare
Registering precompiled user dll's ...
Registered in 0.004771 seconds.
Begin MonoManager ReloadAssembly
Symbol file LoadedFromMemory doesn't match image C:\Users\won12\OneDrive\ë¬¸ì„œ\GitHub\Racing-Game-Project\Racing Game Project\Library\PackageCache\com.unity.visualscripting@1.8.0\Editor\VisualScripting.Core\Dependencies\YamlDotNet\Unity.VisualScripting.YamlDotNet.dll
Symbol file LoadedFromMemory doesn't match image C:\Users\won12\OneDrive\ë¬¸ì„œ\GitHub\Racing-Game-Project\Racing Game Project\Library\PackageCache\com.unity.visualscripting@1.8.0\Editor\VisualScripting.Core\Dependencies\DotNetZip\Unity.VisualScripting.IonicZip.dll
Native extension for WindowsStandalone target not found
Native extension for Android target not found
Refreshing native plugins compatible for Editor in 0.54 ms, found 3 plugins.
Preloading 0 native plugins for Editor in 0.00 ms.
Mono: successfully reloaded assembly
- Completed reload, in  0.894 seconds
Domain Reload Profiling:
	ReloadAssembly (895ms)
		BeginReloadAssembly (143ms)
			ExecutionOrderSort (0ms)
			DisableScriptedObjects (4ms)
			BackupInstance (0ms)
			ReleaseScriptingObjects (0ms)
			CreateAndSetChildDomain (32ms)
		EndReloadAssembly (661ms)
			LoadAssemblies (94ms)
			RebuildTransferFunctionScriptingTraits (0ms)
			SetupTypeCache (230ms)
			ReleaseScriptCaches (1ms)
			RebuildScriptCaches (34ms)
			SetupLoadedEditorAssemblies (272ms)
				LogAssemblyErrors (0ms)
				InitializePlatformSupportModulesInManaged (21ms)
				SetLoadedEditorAssemblies (1ms)
				RefreshPlugins (1ms)
				BeforeProcessingInitializeOnLoad (60ms)
				ProcessInitializeOnLoadAttributes (167ms)
				ProcessInitializeOnLoadMethodAttributes (15ms)
				AfterProcessingInitializeOnLoad (7ms)
				EditorAssembliesLoaded (0ms)
			ExecutionOrderSort2 (0ms)
			AwakeInstancesAfterBackupRestoration (13ms)
Platform modules already initialized, skipping
Refreshing native plugins compatible for Editor in 1.46 ms, found 3 plugins.
Preloading 0 native plugins for Editor in 0.00 ms.
Unloading 3043 Unused Serialized files (Serialized files now loaded: 0)
Unloading 15 unused Assets / (24.6 KB). Loaded Objects now: 3586.
Memory consumption went from 125.9 MB to 125.8 MB.
Total: 3.117800 ms (FindLiveObjects: 0.198300 ms CreateObjectMapping: 0.078400 ms MarkObjects: 2.821100 ms  DeleteObjects: 0.018800 ms)

AssetImportParameters requested are different than current active one (requested -> active):
  custom:video-decoder-ogg-theora: a1e56fd34408186e4bbccfd4996cb3dc -> 
  custom:container-muxer-webm: aa71ff27fc2769a1b78a27578f13a17b -> 
  custom:container-demuxer-webm: 4f35f7cbe854078d1ac9338744f61a02 -> 
  custom:video-encoder-webm-vp8: eb34c28f22e8b96e1ab97ce403110664 -> 
  custom:video-codec-MediaFoundation-h265: 746d11721c4dcdbdad8f713fa42b33f4 -> 
  custom:audio-encoder-webm-vorbis: bf7c407c2cedff20999df2af8eb42d56 -> 
  custom:framework-win-MediaFoundation: 216162199b28c13a410421893ffa2e32 -> 
  custom:container-demuxer-ogg: 62fdf1f143b41e24485cea50d1cbac27 -> 
  custom:video-decoder-webm-vp8: 9c59270c3fd7afecdb556c50c9e8de78 -> 
  custom:audio-decoder-ogg-vorbis: bf7c407c2cedff20999df2af8eb42d56 -> 
========================================================================
Received Import Request.
  Time since last request: 9.164495 seconds.
  path: Assets/0. Asset/2. Texture/0. Environment
  artifactKey: Guid(90d18ef464232c34bbd0adec4bec8bce) Importer(815301076,1909f56bfc062723c751e8b465ee728b)
Start importing Assets/0. Asset/2. Texture/0. Environment using Guid(90d18ef464232c34bbd0adec4bec8bce) Importer(815301076,1909f56bfc062723c751e8b465ee728b)  -> (artifact id: 'b933b37de3fb118354b6df66816ebbe5') in 0.027970 seconds 
========================================================================
Received Import Request.
  Time since last request: 0.995731 seconds.
  path: Assets/0. Asset/2. Texture/0. Environment/Scripts
  artifactKey: Guid(2f45773941f02f041a04cec4ad9f4512) Importer(815301076,1909f56bfc062723c751e8b465ee728b)
Start importing Assets/0. Asset/2. Texture/0. Environment/Scripts using Guid(2f45773941f02f041a04cec4ad9f4512) Importer(815301076,1909f56bfc062723c751e8b465ee728b)  -> (artifact id: '9798c4aa49d9264d26f89fcfa52a73c0') in 0.016729 seconds 
========================================================================
Received Import Request.
  Time since last request: 0.777328 seconds.
  path: Assets/0. Asset/2. Texture/0. Environment/Scripts/GameBuffsInitializer.cs
  artifactKey: Guid(8ecdf265c25fb2e4a936cca00602f579) Importer(815301076,1909f56bfc062723c751e8b465ee728b)
Start importing Assets/0. Asset/2. Texture/0. Environment/Scripts/GameBuffsInitializer.cs using Guid(8ecdf265c25fb2e4a936cca00602f579) Importer(815301076,1909f56bfc062723c751e8b465ee728b)  -> (artifact id: '510907ce52271e68f526a96c56d6a1ed') in 0.027426 seconds 
========================================================================
Received Prepare
Registering precompiled user dll's ...
Registered in 0.006051 seconds.
Begin MonoManager ReloadAssembly
Symbol file LoadedFromMemory doesn't match image C:\Users\won12\OneDrive\ë¬¸ì„œ\GitHub\Racing-Game-Project\Racing Game Project\Library\PackageCache\com.unity.visualscripting@1.8.0\Editor\VisualScripting.Core\Dependencies\YamlDotNet\Unity.VisualScripting.YamlDotNet.dll
Symbol file LoadedFromMemory doesn't match image C:\Users\won12\OneDrive\ë¬¸ì„œ\GitHub\Racing-Game-Project\Racing Game Project\Library\PackageCache\com.unity.visualscripting@1.8.0\Editor\VisualScripting.Core\Dependencies\DotNetZip\Unity.VisualScripting.IonicZip.dll
Native extension for WindowsStandalone target not found
Native extension for Android target not found
Refreshing native plugins compatible for Editor in 0.44 ms, found 3 plugins.
Preloading 0 native plugins for Editor in 0.00 ms.
Mono: successfully reloaded assembly
- Completed reload, in  1.178 seconds
Domain Reload Profiling:
	ReloadAssembly (1179ms)
		BeginReloadAssembly (143ms)
			ExecutionOrderSort (0ms)
			DisableScriptedObjects (7ms)
			BackupInstance (0ms)
			ReleaseScriptingObjects (0ms)
			CreateAndSetChildDomain (31ms)
		EndReloadAssembly (935ms)
			LoadAssemblies (110ms)
			RebuildTransferFunctionScriptingTraits (0ms)
			SetupTypeCache (288ms)
			ReleaseScriptCaches (1ms)
			RebuildScriptCaches (34ms)
			SetupLoadedEditorAssemblies (474ms)
				LogAssemblyErrors (0ms)
				InitializePlatformSupportModulesInManaged (20ms)
				SetLoadedEditorAssemblies (0ms)
				RefreshPlugins (1ms)
				BeforeProcessingInitializeOnLoad (90ms)
				ProcessInitializeOnLoadAttributes (335ms)
				ProcessInitializeOnLoadMethodAttributes (19ms)
				AfterProcessingInitializeOnLoad (10ms)
				EditorAssembliesLoaded (0ms)
			ExecutionOrderSort2 (0ms)
			AwakeInstancesAfterBackupRestoration (13ms)
Platform modules already initialized, skipping
Refreshing native plugins compatible for Editor in 1.79 ms, found 3 plugins.
Preloading 0 native plugins for Editor in 0.00 ms.
Unloading 3043 Unused Serialized files (Serialized files now loaded: 0)
Unloading 15 unused Assets / (24.6 KB). Loaded Objects now: 3589.
Memory consumption went from 125.9 MB to 125.8 MB.
Total: 2.752100 ms (FindLiveObjects: 0.181400 ms CreateObjectMapping: 0.086400 ms MarkObjects: 2.459000 ms  DeleteObjects: 0.024100 ms)

AssetImportParameters requested are different than current active one (requested -> active):
  custom:video-decoder-ogg-theora: a1e56fd34408186e4bbccfd4996cb3dc -> 
  custom:container-muxer-webm: aa71ff27fc2769a1b78a27578f13a17b -> 
  custom:container-demuxer-webm: 4f35f7cbe854078d1ac9338744f61a02 -> 
  custom:video-encoder-webm-vp8: eb34c28f22e8b96e1ab97ce403110664 -> 
  custom:video-codec-MediaFoundation-h265: 746d11721c4dcdbdad8f713fa42b33f4 -> 
  custom:audio-encoder-webm-vorbis: bf7c407c2cedff20999df2af8eb42d56 -> 
  custom:framework-win-MediaFoundation: 216162199b28c13a410421893ffa2e32 -> 
  custom:container-demuxer-ogg: 62fdf1f143b41e24485cea50d1cbac27 -> 
  custom:video-decoder-webm-vp8: 9c59270c3fd7afecdb556c50c9e8de78 -> 
  custom:audio-decoder-ogg-vorbis: bf7c407c2cedff20999df2af8eb42d56 -> 
========================================================================
Received Import Request.
  Time since last request: 13.753239 seconds.
  path: Assets/0. Asset/2. Texture/0. Environment/Textures
  artifactKey: Guid(5bcebe60b57a33f4c898825cef511cd9) Importer(815301076,1909f56bfc062723c751e8b465ee728b)
Start importing Assets/0. Asset/2. Texture/0. Environment/Textures using Guid(5bcebe60b57a33f4c898825cef511cd9) Importer(815301076,1909f56bfc062723c751e8b465ee728b)  -> (artifact id: 'd7de1047142f850f9c528d85b2f9c596') in 0.028274 seconds 
========================================================================
Received Import Request.
  Time since last request: 0.931853 seconds.
  path: Assets/0. Asset/2. Texture/0. Environment/Textures/Ancient_Cobblestone_5
  artifactKey: Guid(65d09e8d4d470b84d907461d67a30a1b) Importer(815301076,1909f56bfc062723c751e8b465ee728b)
Start importing Assets/0. Asset/2. Texture/0. Environment/Textures/Ancient_Cobblestone_5 using Guid(65d09e8d4d470b84d907461d67a30a1b) Importer(815301076,1909f56bfc062723c751e8b465ee728b)  -> (artifact id: 'd3da6cbc1d86065f787740c8d1aa9a4d') in 0.015492 seconds 
========================================================================
Received Import Request.
  Time since last request: 0.057214 seconds.
  path: Assets/0. Asset/2. Texture/0. Environment/Textures/Ancient_Cobblestone_5/Ancient_Cobblestone_5.mat
  artifactKey: Guid(2cd2a7435494f914f888b66f850aa6a9) Importer(815301076,1909f56bfc062723c751e8b465ee728b)
Start importing Assets/0. Asset/2. Texture/0. Environment/Textures/Ancient_Cobblestone_5/Ancient_Cobblestone_5.mat using Guid(2cd2a7435494f914f888b66f850aa6a9) Importer(815301076,1909f56bfc062723c751e8b465ee728b)  -> (artifact id: '7f25197c071249b1ae942375daa5c308') in 0.918266 seconds 
========================================================================
Received Import Request.
  Time since last request: 2.179990 seconds.
  path: Assets/0. Asset/2. Texture/0. Environment/Textures/Arctic_Forest_Ground_12/Arctic_Forest_Ground_12.mat
  artifactKey: Guid(80cbb1b9b7b6476408f9f3dbcdad2a58) Importer(815301076,1909f56bfc062723c751e8b465ee728b)
Start importing Assets/0. Asset/2. Texture/0. Environment/Textures/Arctic_Forest_Ground_12/Arctic_Forest_Ground_12.mat using Guid(80cbb1b9b7b6476408f9f3dbcdad2a58) Importer(815301076,1909f56bfc062723c751e8b465ee728b)  -> (artifact id: '90c8eb8deded12557e30324c87cd8a7b') in 0.033010 seconds 
========================================================================
Received Import Request.
  Time since last request: 0.000027 seconds.
  path: Assets/0. Asset/2. Texture/0. Environment/Textures/Arctic_Forest_Ground_12/Arctic_Forest_Ground_12_Height.png
  artifactKey: Guid(a08530b0e89974e47b3d208d5a63c273) Importer(815301076,1909f56bfc062723c751e8b465ee728b)
Start importing Assets/0. Asset/2. Texture/0. Environment/Textures/Arctic_Forest_Ground_12/Arctic_Forest_Ground_12_Height.png using Guid(a08530b0e89974e47b3d208d5a63c273) Importer(815301076,1909f56bfc062723c751e8b465ee728b)  -> (artifact id: 'dffe30ee845393db97e399eee3367773') in 0.033192 seconds 
========================================================================
Received Import Request.
  Time since last request: 0.000026 seconds.
  path: Assets/0. Asset/2. Texture/0. Environment/Textures/Arctic_Forest_Ground_12/Arctic_Forest_Ground_12_Mask.png
  artifactKey: Guid(c2db7c57263fb88488c7aace2482fb71) Importer(815301076,1909f56bfc062723c751e8b465ee728b)
Start importing Assets/0. Asset/2. Texture/0. Environment/Textures/Arctic_Forest_Ground_12/Arctic_Forest_Ground_12_Mask.png using Guid(c2db7c57263fb88488c7aace2482fb71) Importer(815301076,1909f56bfc062723c751e8b465ee728b)  -> (artifact id: '02b84d807ffc99ed7510cd059d3f6184') in 0.019319 seconds 
========================================================================
Received Import Request.
  Time since last request: 0.000033 seconds.
  path: Assets/0. Asset/2. Texture/0. Environment/Textures/Arctic_Forest_Ground_12
  artifactKey: Guid(a0e9a6532c833b1478c62a4a9dae8d00) Importer(815301076,1909f56bfc062723c751e8b465ee728b)
Start importing Assets/0. Asset/2. Texture/0. Environment/Textures/Arctic_Forest_Ground_12 using Guid(a0e9a6532c833b1478c62a4a9dae8d00) Importer(815301076,1909f56bfc062723c751e8b465ee728b)  -> (artifact id: '7c93e726c978f746e7d6d0ae5f9fadd6') in 0.003279 seconds 
========================================================================
Received Import Request.
  Time since last request: 0.000026 seconds.
  path: Assets/0. Asset/2. Texture/0. Environment/Textures/Arctic_Forest_Ground_12/Arctic_Forest_Ground_12_Normal.png
  artifactKey: Guid(011c2ab10dfe78641a7fb092bd005be0) Importer(815301076,1909f56bfc062723c751e8b465ee728b)
Start importing Assets/0. Asset/2. Texture/0. Environment/Textures/Arctic_Forest_Ground_12/Arctic_Forest_Ground_12_Normal.png using Guid(011c2ab10dfe78641a7fb092bd005be0) Importer(815301076,1909f56bfc062723c751e8b465ee728b)  -> (artifact id: '59c076b5120298c191f6df8a98cfdacd') in 0.026803 seconds 
========================================================================
Received Import Request.
  Time since last request: 2.946260 seconds.
  path: Assets/0. Asset/2. Texture/0. Environment/Textures/Bones_Debris_1
  artifactKey: Guid(3ec6feff57a5285498e97fb2be0483dd) Importer(815301076,1909f56bfc062723c751e8b465ee728b)
Start importing Assets/0. Asset/2. Texture/0. Environment/Textures/Bones_Debris_1 using Guid(3ec6feff57a5285498e97fb2be0483dd) Importer(815301076,1909f56bfc062723c751e8b465ee728b)  -> (artifact id: '60863a7db259cbdb1a1676c0d80f6df7') in 0.014557 seconds 
========================================================================
Received Import Request.
  Time since last request: 0.624094 seconds.
  path: Assets/0. Asset/2. Texture/0. Environment/Textures/Brick_Wall_18
  artifactKey: Guid(7e21c559dc94f0843a66f1a938e90f03) Importer(815301076,1909f56bfc062723c751e8b465ee728b)
Start importing Assets/0. Asset/2. Texture/0. Environment/Textures/Brick_Wall_18 using Guid(7e21c559dc94f0843a66f1a938e90f03) Importer(815301076,1909f56bfc062723c751e8b465ee728b)  -> (artifact id: 'e80dca00dc8fe5984574758293237dcc') in 0.014933 seconds 
========================================================================
Received Import Request.
  Time since last request: 0.320839 seconds.
  path: Assets/0. Asset/2. Texture/0. Environment/Textures/Brick_Wall_18/Brick_Wall_18.mat
  artifactKey: Guid(5c8bbf3ba70fda14faf9a03946917675) Importer(815301076,1909f56bfc062723c751e8b465ee728b)
Start importing Assets/0. Asset/2. Texture/0. Environment/Textures/Brick_Wall_18/Brick_Wall_18.mat using Guid(5c8bbf3ba70fda14faf9a03946917675) Importer(815301076,1909f56bfc062723c751e8b465ee728b)  -> (artifact id: '3f073d78cbdffbfcc2448acc9e02c37f') in 0.065397 seconds 
========================================================================
Received Import Request.
  Time since last request: 0.000042 seconds.
  path: Assets/0. Asset/2. Texture/0. Environment/Textures/Brick_Wall_18/Brick_Wall_18_Mask.png
  artifactKey: Guid(fc1580178a978984ba59aa4cf13bad68) Importer(815301076,1909f56bfc062723c751e8b465ee728b)
Start importing Assets/0. Asset/2. Texture/0. Environment/Textures/Brick_Wall_18/Brick_Wall_18_Mask.png using Guid(fc1580178a978984ba59aa4cf13bad68) Importer(815301076,1909f56bfc062723c751e8b465ee728b)  -> (artifact id: '394d6d3419eb0eb3dc5b7b1b40422418') in 0.043869 seconds 
========================================================================
Received Import Request.
  Time since last request: 0.000058 seconds.
  path: Assets/0. Asset/2. Texture/0. Environment/Textures/Brick_Wall_18/Brick_Wall_18_Roughness.png
  artifactKey: Guid(d5f98f40af2cafb4e89cb3dce859a82d) Importer(815301076,1909f56bfc062723c751e8b465ee728b)
Start importing Assets/0. Asset/2. Texture/0. Environment/Textures/Brick_Wall_18/Brick_Wall_18_Roughness.png using Guid(d5f98f40af2cafb4e89cb3dce859a82d) Importer(815301076,1909f56bfc062723c751e8b465ee728b)  -> (artifact id: '23106518294de5cab376ad78389ba643') in 0.044578 seconds 
Editor requested this worker to shutdown with reason: Scaling down because of idle timeout
AssetImportWorker is now disconnected from the server
Process exiting
Exiting without the bug reporter. Application will terminate with return code 0