Using pre-set license
Built from '2021.3/staging' branch; Version is '2021.3.25f1 (68ef2c4f8861) revision 6876972'; Using compiler version '192829333'; Build Type 'Release'
OS: 'Windows 11  (10.0.22621) 64bit Professional' Language: 'ko' Physical Memory: 16055 MB
BatchMode: 1, IsHumanControllingUs: 0, StartBugReporterOnCrash: 0, Is64bit: 1, IsPro: 1

COMMAND LINE ARGUMENTS:
C:\Program Files\Unity\Hub\Editor\2021.3.25f1\Editor\Unity.exe
-adb2
-batchMode
-noUpm
-name
AssetImportWorker10
-projectPath
C:/Users/won12/OneDrive/ë¬¸ì„œ/GitHub/Racing-Game-Project/Racing Game Project
-logFile
Logs/AssetImportWorker10.log
-srvPort
65332
Successfully changed project path to: C:/Users/won12/OneDrive/ë¬¸ì„œ/GitHub/Racing-Game-Project/Racing Game Project
C:/Users/won12/OneDrive/ë¬¸ì„œ/GitHub/Racing-Game-Project/Racing Game Project
[UnityMemory] Configuration Parameters - Can be set up in boot.config
    "memorysetup-bucket-allocator-granularity=16"
    "memorysetup-bucket-allocator-bucket-count=8"
    "memorysetup-bucket-allocator-block-size=33554432"
    "memorysetup-bucket-allocator-block-count=8"
    "memorysetup-main-allocator-block-size=16777216"
    "memorysetup-thread-allocator-block-size=16777216"
    "memorysetup-gfx-main-allocator-block-size=16777216"
    "memorysetup-gfx-thread-allocator-block-size=16777216"
    "memorysetup-cache-allocator-block-size=4194304"
    "memorysetup-typetree-allocator-block-size=2097152"
    "memorysetup-profiler-bucket-allocator-granularity=16"
    "memorysetup-profiler-bucket-allocator-bucket-count=8"
    "memorysetup-profiler-bucket-allocator-block-size=33554432"
    "memorysetup-profiler-bucket-allocator-block-count=8"
    "memorysetup-profiler-allocator-block-size=16777216"
    "memorysetup-profiler-editor-allocator-block-size=1048576"
    "memorysetup-temp-allocator-size-main=16777216"
    "memorysetup-job-temp-allocator-block-size=2097152"
    "memorysetup-job-temp-allocator-block-size-background=1048576"
    "memorysetup-job-temp-allocator-reduction-small-platforms=262144"
    "memorysetup-temp-allocator-size-background-worker=32768"
    "memorysetup-temp-allocator-size-job-worker=262144"
    "memorysetup-temp-allocator-size-preload-manager=33554432"
    "memorysetup-temp-allocator-size-nav-mesh-worker=65536"
    "memorysetup-temp-allocator-size-audio-worker=65536"
    "memorysetup-temp-allocator-size-cloud-worker=32768"
    "memorysetup-temp-allocator-size-gi-baking-worker=262144"
    "memorysetup-temp-allocator-size-gfx=262144"
Player connection [106188] Host "[IP] 192.168.20.18 [Port] 0 [Flags] 2 [Guid] 547360753 [EditorId] 547360753 [Version] 1048832 [Id] WindowsEditor(7,À×ÇÊ¿øÀÌ) [Debug] 1 [PackageName] WindowsEditor [ProjectName] Editor" joined multi-casting on [225.0.0.222:54997]...

Player connection [106188] Host "[IP] 192.168.20.18 [Port] 0 [Flags] 2 [Guid] 547360753 [EditorId] 547360753 [Version] 1048832 [Id] WindowsEditor(7,À×ÇÊ¿øÀÌ) [Debug] 1 [PackageName] WindowsEditor [ProjectName] Editor" joined alternative multi-casting on [225.0.0.222:34997]...

Refreshing native plugins compatible for Editor in 157.68 ms, found 3 plugins.
Preloading 0 native plugins for Editor in 0.00 ms.
Initialize engine version: 2021.3.25f1 (68ef2c4f8861)
[Subsystems] Discovering subsystems at path C:/Program Files/Unity/Hub/Editor/2021.3.25f1/Editor/Data/Resources/UnitySubsystems
[Subsystems] Discovering subsystems at path C:/Users/won12/OneDrive/ë¬¸ì„œ/GitHub/Racing-Game-Project/Racing Game Project/Assets
GfxDevice: creating device client; threaded=0; jobified=0
Direct3D:
    Version:  Direct3D 11.0 [level 11.1]
    Renderer: NVIDIA GeForce RTX 3050 Ti Laptop GPU (ID=0x25a0)
    Vendor:   NVIDIA
    VRAM:     3978 MB
    Driver:   31.0.15.4609
Initialize mono
Mono path[0] = 'C:/Program Files/Unity/Hub/Editor/2021.3.25f1/Editor/Data/Managed'
Mono path[1] = 'C:/Program Files/Unity/Hub/Editor/2021.3.25f1/Editor/Data/MonoBleedingEdge/lib/mono/unityjit-win32'
Mono config path = 'C:/Program Files/Unity/Hub/Editor/2021.3.25f1/Editor/Data/MonoBleedingEdge/etc'
Using monoOptions --debugger-agent=transport=dt_socket,embedding=1,server=y,suspend=n,address=127.0.0.1:56608
Begin MonoManager ReloadAssembly
Registering precompiled unity dll's ...
Register platform support module: C:/Program Files/Unity/Hub/Editor/2021.3.25f1/Editor/Data/PlaybackEngines/AndroidPlayer/UnityEditor.Android.Extensions.dll
Register platform support module: C:/Program Files/Unity/Hub/Editor/2021.3.25f1/Editor/Data/PlaybackEngines/WindowsStandaloneSupport/UnityEditor.WindowsStandalone.Extensions.dll
Registered in 0.008507 seconds.
Native extension for WindowsStandalone target not found
Native extension for Android target not found
Android Extension - Scanning For ADB Devices 503 ms
Refreshing native plugins compatible for Editor in 63.40 ms, found 3 plugins.
Preloading 0 native plugins for Editor in 0.00 ms.
Mono: successfully reloaded assembly
- Completed reload, in  1.180 seconds
Domain Reload Profiling:
	ReloadAssembly (1180ms)
		BeginReloadAssembly (107ms)
			ExecutionOrderSort (0ms)
			DisableScriptedObjects (0ms)
			BackupInstance (0ms)
			ReleaseScriptingObjects (0ms)
			CreateAndSetChildDomain (1ms)
		EndReloadAssembly (957ms)
			LoadAssemblies (105ms)
			RebuildTransferFunctionScriptingTraits (0ms)
			SetupTypeCache (105ms)
			ReleaseScriptCaches (0ms)
			RebuildScriptCaches (25ms)
			SetupLoadedEditorAssemblies (779ms)
				LogAssemblyErrors (0ms)
				InitializePlatformSupportModulesInManaged (591ms)
				SetLoadedEditorAssemblies (0ms)
				RefreshPlugins (64ms)
				BeforeProcessingInitializeOnLoad (1ms)
				ProcessInitializeOnLoadAttributes (75ms)
				ProcessInitializeOnLoadMethodAttributes (47ms)
				AfterProcessingInitializeOnLoad (0ms)
				EditorAssembliesLoaded (0ms)
			ExecutionOrderSort2 (0ms)
			AwakeInstancesAfterBackupRestoration (0ms)
Platform modules already initialized, skipping
Registering precompiled user dll's ...
Registered in 0.006936 seconds.
Begin MonoManager ReloadAssembly
Symbol file LoadedFromMemory doesn't match image C:\Users\won12\OneDrive\ë¬¸ì„œ\GitHub\Racing-Game-Project\Racing Game Project\Library\PackageCache\com.unity.visualscripting@1.8.0\Editor\VisualScripting.Core\Dependencies\YamlDotNet\Unity.VisualScripting.YamlDotNet.dll
Symbol file LoadedFromMemory doesn't match image C:\Users\won12\OneDrive\ë¬¸ì„œ\GitHub\Racing-Game-Project\Racing Game Project\Library\PackageCache\com.unity.visualscripting@1.8.0\Editor\VisualScripting.Core\Dependencies\DotNetZip\Unity.VisualScripting.IonicZip.dll
Native extension for WindowsStandalone target not found
Native extension for Android target not found
Refreshing native plugins compatible for Editor in 0.48 ms, found 3 plugins.
Preloading 0 native plugins for Editor in 0.00 ms.
Mono: successfully reloaded assembly
- Completed reload, in  0.954 seconds
Domain Reload Profiling:
	ReloadAssembly (955ms)
		BeginReloadAssembly (121ms)
			ExecutionOrderSort (0ms)
			DisableScriptedObjects (5ms)
			BackupInstance (0ms)
			ReleaseScriptingObjects (0ms)
			CreateAndSetChildDomain (18ms)
		EndReloadAssembly (727ms)
			LoadAssemblies (104ms)
			RebuildTransferFunctionScriptingTraits (0ms)
			SetupTypeCache (246ms)
			ReleaseScriptCaches (0ms)
			RebuildScriptCaches (43ms)
			SetupLoadedEditorAssemblies (313ms)
				LogAssemblyErrors (0ms)
				InitializePlatformSupportModulesInManaged (20ms)
				SetLoadedEditorAssemblies (0ms)
				RefreshPlugins (1ms)
				BeforeProcessingInitializeOnLoad (69ms)
				ProcessInitializeOnLoadAttributes (192ms)
				ProcessInitializeOnLoadMethodAttributes (16ms)
				AfterProcessingInitializeOnLoad (14ms)
				EditorAssembliesLoaded (0ms)
			ExecutionOrderSort2 (0ms)
			AwakeInstancesAfterBackupRestoration (11ms)
Platform modules already initialized, skipping
========================================================================
Worker process is ready to serve import requests
Launched and connected shader compiler UnityShaderCompiler.exe after 0.07 seconds
Refreshing native plugins compatible for Editor in 0.66 ms, found 3 plugins.
Preloading 0 native plugins for Editor in 0.00 ms.
Unloading 3051 Unused Serialized files (Serialized files now loaded: 0)
Unloading 22 unused Assets / (284.3 KB). Loaded Objects now: 3531.
Memory consumption went from 126.3 MB to 126.0 MB.
Total: 3.081100 ms (FindLiveObjects: 0.203900 ms CreateObjectMapping: 0.088100 ms MarkObjects: 2.687400 ms  DeleteObjects: 0.100300 ms)

AssetImportParameters requested are different than current active one (requested -> active):
  custom:video-decoder-ogg-theora: a1e56fd34408186e4bbccfd4996cb3dc -> 
  custom:container-muxer-webm: aa71ff27fc2769a1b78a27578f13a17b -> 
  custom:container-demuxer-webm: 4f35f7cbe854078d1ac9338744f61a02 -> 
  custom:video-encoder-webm-vp8: eb34c28f22e8b96e1ab97ce403110664 -> 
  custom:video-codec-MediaFoundation-h265: 746d11721c4dcdbdad8f713fa42b33f4 -> 
  custom:audio-encoder-webm-vorbis: bf7c407c2cedff20999df2af8eb42d56 -> 
  custom:framework-win-MediaFoundation: 216162199b28c13a410421893ffa2e32 -> 
  custom:container-demuxer-ogg: 62fdf1f143b41e24485cea50d1cbac27 -> 
  custom:video-decoder-webm-vp8: 9c59270c3fd7afecdb556c50c9e8de78 -> 
  custom:audio-decoder-ogg-vorbis: bf7c407c2cedff20999df2af8eb42d56 -> 
========================================================================
Received Import Request.
  Time since last request: 1663740.521932 seconds.
  path: Assets/0. Asset/2. Texture/0. Environment/Textures/Brick_Wall_18/Brick_Wall_18_AO.png
  artifactKey: Guid(92dfd06644590d649a36e64be20ca644) Importer(815301076,1909f56bfc062723c751e8b465ee728b)
Start importing Assets/0. Asset/2. Texture/0. Environment/Textures/Brick_Wall_18/Brick_Wall_18_AO.png using Guid(92dfd06644590d649a36e64be20ca644) Importer(815301076,1909f56bfc062723c751e8b465ee728b)  -> (artifact id: 'b76c5e25e4f70712ca7218e1e3eb0bfb') in 0.200382 seconds 
========================================================================
Received Import Request.
  Time since last request: 145.434214 seconds.
  path: Assets/0. Asset/2. Texture/0. Environment/Textures/Dirty_Snow_2/Dirty_Snow_2.terrainlayer
  artifactKey: Guid(0effe87e1e3a4cb4db3335f1cbda8cb0) Importer(815301076,1909f56bfc062723c751e8b465ee728b)
Start importing Assets/0. Asset/2. Texture/0. Environment/Textures/Dirty_Snow_2/Dirty_Snow_2.terrainlayer using Guid(0effe87e1e3a4cb4db3335f1cbda8cb0) Importer(815301076,1909f56bfc062723c751e8b465ee728b)  -> (artifact id: '333aec3f43237e16cc24c3bcec664cb0') in 0.062864 seconds 
========================================================================
Received Import Request.
  Time since last request: 0.000036 seconds.
  path: Assets/0. Asset/2. Texture/0. Environment/Textures/Dirty_Snow_2/Dirty_Snow_2_Normal.png
  artifactKey: Guid(9d0080d028773bd41af3ed0fd4e5752b) Importer(815301076,1909f56bfc062723c751e8b465ee728b)
Start importing Assets/0. Asset/2. Texture/0. Environment/Textures/Dirty_Snow_2/Dirty_Snow_2_Normal.png using Guid(9d0080d028773bd41af3ed0fd4e5752b) Importer(815301076,1909f56bfc062723c751e8b465ee728b)  -> (artifact id: '600da4056bef4ff2f1753e98aa97a757') in 0.036913 seconds 
========================================================================
Received Import Request.
  Time since last request: 0.000033 seconds.
  path: Assets/0. Asset/2. Texture/0. Environment/Textures/Dirty_Snow_2/Dirty_Snow_2_AO.png
  artifactKey: Guid(0b2edc2780f21e24aa8f8fe5d530a058) Importer(815301076,1909f56bfc062723c751e8b465ee728b)
Start importing Assets/0. Asset/2. Texture/0. Environment/Textures/Dirty_Snow_2/Dirty_Snow_2_AO.png using Guid(0b2edc2780f21e24aa8f8fe5d530a058) Importer(815301076,1909f56bfc062723c751e8b465ee728b)  -> (artifact id: '8167115bd1ecb5b121a301486275b95b') in 0.022535 seconds 
========================================================================
Received Import Request.
  Time since last request: 0.000021 seconds.
  path: Assets/0. Asset/2. Texture/0. Environment/Textures/Dirty_Snow_2/Dirty_Snow_2_Height.png
  artifactKey: Guid(c2beaf1c37dd45249a99a6e119453f32) Importer(815301076,1909f56bfc062723c751e8b465ee728b)
Start importing Assets/0. Asset/2. Texture/0. Environment/Textures/Dirty_Snow_2/Dirty_Snow_2_Height.png using Guid(c2beaf1c37dd45249a99a6e119453f32) Importer(815301076,1909f56bfc062723c751e8b465ee728b)  -> (artifact id: '1b8e13d45e1334115948eae8b088761a') in 0.021543 seconds 
========================================================================
Received Import Request.
  Time since last request: 0.000025 seconds.
  path: Assets/0. Asset/2. Texture/0. Environment/Textures/Dirty_Snow_2/Dirty_Snow_2_Metallic.png
  artifactKey: Guid(499407c85a2566b48ad8cae1b16b8d60) Importer(815301076,1909f56bfc062723c751e8b465ee728b)
Start importing Assets/0. Asset/2. Texture/0. Environment/Textures/Dirty_Snow_2/Dirty_Snow_2_Metallic.png using Guid(499407c85a2566b48ad8cae1b16b8d60) Importer(815301076,1909f56bfc062723c751e8b465ee728b)  -> (artifact id: '561a7397d57361c14a2e21074fbfde6c') in 0.021478 seconds 
========================================================================
Received Import Request.
  Time since last request: 0.000023 seconds.
  path: Assets/0. Asset/2. Texture/0. Environment/Textures/Dirty_Snow_2/Dirty_Snow_2_Albedo.png
  artifactKey: Guid(e30bb4af423b8b147a8e9e7833ac6a5e) Importer(815301076,1909f56bfc062723c751e8b465ee728b)
Start importing Assets/0. Asset/2. Texture/0. Environment/Textures/Dirty_Snow_2/Dirty_Snow_2_Albedo.png using Guid(e30bb4af423b8b147a8e9e7833ac6a5e) Importer(815301076,1909f56bfc062723c751e8b465ee728b)  -> (artifact id: '745e113765b27405d031c9202053a338') in 0.030415 seconds 
========================================================================
Received Import Request.
  Time since last request: 0.000029 seconds.
  path: Assets/0. Asset/2. Texture/0. Environment/Textures/Dirty_Snow_2/Dirty_Snow_2_Roughness.png
  artifactKey: Guid(67d2bb515c21b1041a040e775ebd56d1) Importer(815301076,1909f56bfc062723c751e8b465ee728b)
Start importing Assets/0. Asset/2. Texture/0. Environment/Textures/Dirty_Snow_2/Dirty_Snow_2_Roughness.png using Guid(67d2bb515c21b1041a040e775ebd56d1) Importer(815301076,1909f56bfc062723c751e8b465ee728b)  -> (artifact id: 'f39645fcafcd16f088e6ce8bd9d03bb9') in 0.020704 seconds 
========================================================================
Received Import Request.
  Time since last request: 0.000030 seconds.
  path: Assets/0. Asset/2. Texture/0. Environment/Textures/Dirty_Snow_2/Dirty_Snow_2_Mask.png
  artifactKey: Guid(d8dc4d7266c5cd447a768c8df6e3ced5) Importer(815301076,1909f56bfc062723c751e8b465ee728b)
Start importing Assets/0. Asset/2. Texture/0. Environment/Textures/Dirty_Snow_2/Dirty_Snow_2_Mask.png using Guid(d8dc4d7266c5cd447a768c8df6e3ced5) Importer(815301076,1909f56bfc062723c751e8b465ee728b)  -> (artifact id: 'd57ff4c7fe4ab3aa2f5e8a30c6d0f98a') in 0.025264 seconds 
========================================================================
Received Import Request.
  Time since last request: 0.185184 seconds.
  path: Assets/0. Asset/2. Texture/0. Environment/Textures/Cracked_Asphalt_5/Cracked_Asphalt_5.terrainlayer
  artifactKey: Guid(aa112416e2ec67d40be11e2c95308f7c) Importer(815301076,1909f56bfc062723c751e8b465ee728b)
Start importing Assets/0. Asset/2. Texture/0. Environment/Textures/Cracked_Asphalt_5/Cracked_Asphalt_5.terrainlayer using Guid(aa112416e2ec67d40be11e2c95308f7c) Importer(815301076,1909f56bfc062723c751e8b465ee728b)  -> (artifact id: 'fa64b0d8189f3f95fbc51d480d3543cb') in 0.035353 seconds 
========================================================================
Received Import Request.
  Time since last request: 0.000021 seconds.
  path: Assets/0. Asset/2. Texture/0. Environment/Textures/Cracked_Asphalt_5/Cracked_Asphalt_5_Roughness.png
  artifactKey: Guid(79b12d279b2c5f1468327b046749fd13) Importer(815301076,1909f56bfc062723c751e8b465ee728b)
Start importing Assets/0. Asset/2. Texture/0. Environment/Textures/Cracked_Asphalt_5/Cracked_Asphalt_5_Roughness.png using Guid(79b12d279b2c5f1468327b046749fd13) Importer(815301076,1909f56bfc062723c751e8b465ee728b)  -> (artifact id: '789657bedac18a0da38b049ce8c545ab') in 0.019570 seconds 
========================================================================
Received Import Request.
  Time since last request: 0.000026 seconds.
  path: Assets/0. Asset/2. Texture/0. Environment/Textures/Cracked_Asphalt_5/Cracked_Asphalt_5_Metallic.png
  artifactKey: Guid(9fcff23317db83340b0ff16bfc9544a2) Importer(815301076,1909f56bfc062723c751e8b465ee728b)
Start importing Assets/0. Asset/2. Texture/0. Environment/Textures/Cracked_Asphalt_5/Cracked_Asphalt_5_Metallic.png using Guid(9fcff23317db83340b0ff16bfc9544a2) Importer(815301076,1909f56bfc062723c751e8b465ee728b)  -> (artifact id: '01eb3934e6c22c58c275c3aafa686f7a') in 0.021516 seconds 
========================================================================
Received Import Request.
  Time since last request: 0.000031 seconds.
  path: Assets/0. Asset/2. Texture/0. Environment/Textures/Cracked_Asphalt_5/Cracked_Asphalt_5_Height.png
  artifactKey: Guid(d656cb215e1024a43a19cf36d8e49429) Importer(815301076,1909f56bfc062723c751e8b465ee728b)
Start importing Assets/0. Asset/2. Texture/0. Environment/Textures/Cracked_Asphalt_5/Cracked_Asphalt_5_Height.png using Guid(d656cb215e1024a43a19cf36d8e49429) Importer(815301076,1909f56bfc062723c751e8b465ee728b)  -> (artifact id: '8ff5f6f2baacaee9a0957d5293fe7b44') in 0.016785 seconds 
========================================================================
Received Import Request.
  Time since last request: 0.000038 seconds.
  path: Assets/0. Asset/2. Texture/0. Environment/Textures/Cracked_Asphalt_5/Cracked_Asphalt_5_Normal.png
  artifactKey: Guid(c8338754654fe6f4994b2943d49ea607) Importer(815301076,1909f56bfc062723c751e8b465ee728b)
Start importing Assets/0. Asset/2. Texture/0. Environment/Textures/Cracked_Asphalt_5/Cracked_Asphalt_5_Normal.png using Guid(c8338754654fe6f4994b2943d49ea607) Importer(815301076,1909f56bfc062723c751e8b465ee728b)  -> (artifact id: 'd68ba2a1d47f20d4dd41728442721640') in 0.019196 seconds 
========================================================================
Received Import Request.
  Time since last request: 0.260484 seconds.
  path: Assets/0. Asset/2. Texture/0. Environment/Textures/Coal_Surface_2/Coal_Surface_2.terrainlayer
  artifactKey: Guid(31432dd812e13084a8a44b337772b90e) Importer(815301076,1909f56bfc062723c751e8b465ee728b)
Start importing Assets/0. Asset/2. Texture/0. Environment/Textures/Coal_Surface_2/Coal_Surface_2.terrainlayer using Guid(31432dd812e13084a8a44b337772b90e) Importer(815301076,1909f56bfc062723c751e8b465ee728b)  -> (artifact id: 'bc49e5afa7d288719b3451cb4dc466fa') in 0.025704 seconds 
========================================================================
Received Import Request.
  Time since last request: 0.000020 seconds.
  path: Assets/0. Asset/2. Texture/0. Environment/Textures/Coal_Surface_2/Coal_Surface_2_Mask.png
  artifactKey: Guid(8dbb956553be5c04cb9d4d298299ae58) Importer(815301076,1909f56bfc062723c751e8b465ee728b)
Start importing Assets/0. Asset/2. Texture/0. Environment/Textures/Coal_Surface_2/Coal_Surface_2_Mask.png using Guid(8dbb956553be5c04cb9d4d298299ae58) Importer(815301076,1909f56bfc062723c751e8b465ee728b)  -> (artifact id: '9f521a70b358721ac00273e5eef7bcef') in 0.017118 seconds 
========================================================================
Received Import Request.
  Time since last request: 0.000029 seconds.
  path: Assets/0. Asset/2. Texture/0. Environment/Textures/Coal_Surface_2/Coal_Surface_2_Albedo.png
  artifactKey: Guid(352385915077e3440b4a81260e422fab) Importer(815301076,1909f56bfc062723c751e8b465ee728b)
Start importing Assets/0. Asset/2. Texture/0. Environment/Textures/Coal_Surface_2/Coal_Surface_2_Albedo.png using Guid(352385915077e3440b4a81260e422fab) Importer(815301076,1909f56bfc062723c751e8b465ee728b)  -> (artifact id: '0f241be6d801c03f35a6c04acf89e439') in 0.019248 seconds 
========================================================================
Received Import Request.
  Time since last request: 0.000024 seconds.
  path: Assets/0. Asset/2. Texture/0. Environment/Textures/Coal_Surface_2/Coal_Surface_2_Height.png
  artifactKey: Guid(63f067f7ea954084a94748e07968c7bd) Importer(815301076,1909f56bfc062723c751e8b465ee728b)
Start importing Assets/0. Asset/2. Texture/0. Environment/Textures/Coal_Surface_2/Coal_Surface_2_Height.png using Guid(63f067f7ea954084a94748e07968c7bd) Importer(815301076,1909f56bfc062723c751e8b465ee728b)  -> (artifact id: 'e0836deff24eeaba43188c9995267501') in 0.018220 seconds 
========================================================================
Received Import Request.
  Time since last request: 0.000032 seconds.
  path: Assets/0. Asset/2. Texture/0. Environment/Textures/Coal_Surface_2/Coal_Surface_2_Metallic.png
  artifactKey: Guid(5470ce72ba11d70438111e9a96a07477) Importer(815301076,1909f56bfc062723c751e8b465ee728b)
Start importing Assets/0. Asset/2. Texture/0. Environment/Textures/Coal_Surface_2/Coal_Surface_2_Metallic.png using Guid(5470ce72ba11d70438111e9a96a07477) Importer(815301076,1909f56bfc062723c751e8b465ee728b)  -> (artifact id: '2dcbfae3dd55e5fd88fd5a6209ac3cf0') in 0.021049 seconds 
========================================================================
Received Import Request.
  Time since last request: 0.565883 seconds.
  path: Assets/0. Asset/2. Texture/0. Environment/Textures/Crystal_Surface_1/Crystal_Surface_1.terrainlayer
  artifactKey: Guid(ce0c9750f6c6e67428851045b6945db0) Importer(815301076,1909f56bfc062723c751e8b465ee728b)
Start importing Assets/0. Asset/2. Texture/0. Environment/Textures/Crystal_Surface_1/Crystal_Surface_1.terrainlayer using Guid(ce0c9750f6c6e67428851045b6945db0) Importer(815301076,1909f56bfc062723c751e8b465ee728b)  -> (artifact id: '00fba45eb0ca11c21fa3d462b66ceae4') in 0.024528 seconds 
========================================================================
Received Import Request.
  Time since last request: 0.000030 seconds.
  path: Assets/0. Asset/2. Texture/0. Environment/Textures/Crystal_Surface_1/Crystal_Surface_1_Metallic.png
  artifactKey: Guid(7eee8ddfea1c4bb4e909ce6da6a056e1) Importer(815301076,1909f56bfc062723c751e8b465ee728b)
Start importing Assets/0. Asset/2. Texture/0. Environment/Textures/Crystal_Surface_1/Crystal_Surface_1_Metallic.png using Guid(7eee8ddfea1c4bb4e909ce6da6a056e1) Importer(815301076,1909f56bfc062723c751e8b465ee728b)  -> (artifact id: '72d44b125f3cd5af3cbd4af75dd3f3fd') in 0.019931 seconds 
========================================================================
Received Import Request.
  Time since last request: 0.000025 seconds.
  path: Assets/0. Asset/2. Texture/0. Environment/Textures/Crystal_Surface_1/Crystal_Surface_1_Albedo.png
  artifactKey: Guid(4112b3d89a4e7f947806ad2785aae975) Importer(815301076,1909f56bfc062723c751e8b465ee728b)
Start importing Assets/0. Asset/2. Texture/0. Environment/Textures/Crystal_Surface_1/Crystal_Surface_1_Albedo.png using Guid(4112b3d89a4e7f947806ad2785aae975) Importer(815301076,1909f56bfc062723c751e8b465ee728b)  -> (artifact id: '6a9ab4d3e527890eb8ca2bc54d5fc92d') in 0.019068 seconds 
========================================================================
Received Import Request.
  Time since last request: 0.000039 seconds.
  path: Assets/0. Asset/2. Texture/0. Environment/Textures/Crystal_Surface_1/Crystal_Surface_1_Normal.png
  artifactKey: Guid(19406b217f3fb154ca2dbcea19c5366d) Importer(815301076,1909f56bfc062723c751e8b465ee728b)
Start importing Assets/0. Asset/2. Texture/0. Environment/Textures/Crystal_Surface_1/Crystal_Surface_1_Normal.png using Guid(19406b217f3fb154ca2dbcea19c5366d) Importer(815301076,1909f56bfc062723c751e8b465ee728b)  -> (artifact id: 'db7c068a74075541b809220e1aefe8c9') in 0.020100 seconds 
========================================================================
Received Import Request.
  Time since last request: 0.000026 seconds.
  path: Assets/0. Asset/2. Texture/0. Environment/Textures/Crystal_Surface_1/Crystal_Surface_1_Mask.png
  artifactKey: Guid(c58df233f5fc21640ba5ec7b09a04574) Importer(815301076,1909f56bfc062723c751e8b465ee728b)
Start importing Assets/0. Asset/2. Texture/0. Environment/Textures/Crystal_Surface_1/Crystal_Surface_1_Mask.png using Guid(c58df233f5fc21640ba5ec7b09a04574) Importer(815301076,1909f56bfc062723c751e8b465ee728b)  -> (artifact id: '0c4ebe30adee7b50c6077ebee33b2113') in 0.020045 seconds 
========================================================================
Received Import Request.
  Time since last request: 0.332698 seconds.
  path: Assets/0. Asset/2. Texture/0. Environment/Textures/Fur_3/Fur_3.terrainlayer
  artifactKey: Guid(99dc421592d4bf7448f291d70e4d7eca) Importer(815301076,1909f56bfc062723c751e8b465ee728b)
Start importing Assets/0. Asset/2. Texture/0. Environment/Textures/Fur_3/Fur_3.terrainlayer using Guid(99dc421592d4bf7448f291d70e4d7eca) Importer(815301076,1909f56bfc062723c751e8b465ee728b)  -> (artifact id: '2177023d481c25e1940378fc895db67b') in 0.024935 seconds 
========================================================================
Received Import Request.
  Time since last request: 0.000021 seconds.
  path: Assets/0. Asset/2. Texture/0. Environment/Textures/Fur_3/Fur_3_AO.png
  artifactKey: Guid(9757d96a52bc6ca4ab8aae8b33bf28c0) Importer(815301076,1909f56bfc062723c751e8b465ee728b)
Start importing Assets/0. Asset/2. Texture/0. Environment/Textures/Fur_3/Fur_3_AO.png using Guid(9757d96a52bc6ca4ab8aae8b33bf28c0) Importer(815301076,1909f56bfc062723c751e8b465ee728b)  -> (artifact id: '804c6efafdeb29575c737f10ac80b4a3') in 0.016928 seconds 
========================================================================
Received Import Request.
  Time since last request: 0.000042 seconds.
  path: Assets/0. Asset/2. Texture/0. Environment/Textures/Fur_3/Fur_3_Mask.png
  artifactKey: Guid(5a1a7f15503f1624ca915ea551064e3e) Importer(815301076,1909f56bfc062723c751e8b465ee728b)
Start importing Assets/0. Asset/2. Texture/0. Environment/Textures/Fur_3/Fur_3_Mask.png using Guid(5a1a7f15503f1624ca915ea551064e3e) Importer(815301076,1909f56bfc062723c751e8b465ee728b)  -> (artifact id: 'bc69428cd1b4db89e5492e9910c3c580') in 0.017568 seconds 
========================================================================
Received Import Request.
  Time since last request: 0.000031 seconds.
  path: Assets/0. Asset/2. Texture/0. Environment/Textures/Fur_3/Fur_3_Metallic.png
  artifactKey: Guid(0ddfa5d76b3ac1041baed5dc9cff6417) Importer(815301076,1909f56bfc062723c751e8b465ee728b)
Start importing Assets/0. Asset/2. Texture/0. Environment/Textures/Fur_3/Fur_3_Metallic.png using Guid(0ddfa5d76b3ac1041baed5dc9cff6417) Importer(815301076,1909f56bfc062723c751e8b465ee728b)  -> (artifact id: '3fc1c11608ff7414145d02f1da72038c') in 0.018359 seconds 
========================================================================
Received Import Request.
  Time since last request: 0.000020 seconds.
  path: Assets/0. Asset/2. Texture/0. Environment/Textures/Fur_3/Fur_3_Roughness.png
  artifactKey: Guid(605333c64a99406418d990d491a99807) Importer(815301076,1909f56bfc062723c751e8b465ee728b)
Start importing Assets/0. Asset/2. Texture/0. Environment/Textures/Fur_3/Fur_3_Roughness.png using Guid(605333c64a99406418d990d491a99807) Importer(815301076,1909f56bfc062723c751e8b465ee728b)  -> (artifact id: '38afe0153097b87a3f9ab2b13bbaf334') in 0.019867 seconds 
========================================================================
Received Import Request.
  Time since last request: 0.264658 seconds.
  path: Assets/0. Asset/2. Texture/0. Environment/Textures/Lava_And_Pavement_2/Lava_And_Pavement_2.terrainlayer
  artifactKey: Guid(3f3d1a48d32f968449a5a1a505be35de) Importer(815301076,1909f56bfc062723c751e8b465ee728b)
Start importing Assets/0. Asset/2. Texture/0. Environment/Textures/Lava_And_Pavement_2/Lava_And_Pavement_2.terrainlayer using Guid(3f3d1a48d32f968449a5a1a505be35de) Importer(815301076,1909f56bfc062723c751e8b465ee728b)  -> (artifact id: 'ec4d3cb158f1c1cf0e372635da77eb78') in 0.023547 seconds 
========================================================================
Received Import Request.
  Time since last request: 0.000019 seconds.
  path: Assets/0. Asset/2. Texture/0. Environment/Textures/Lava_And_Pavement_2/Lava_And_Pavement_2_Albedo.png
  artifactKey: Guid(6de5a9bbae327f948882bb47bd8ba940) Importer(815301076,1909f56bfc062723c751e8b465ee728b)
Start importing Assets/0. Asset/2. Texture/0. Environment/Textures/Lava_And_Pavement_2/Lava_And_Pavement_2_Albedo.png using Guid(6de5a9bbae327f948882bb47bd8ba940) Importer(815301076,1909f56bfc062723c751e8b465ee728b)  -> (artifact id: '13c265d368e8fe4eec8d649d41bbbf7c') in 0.019599 seconds 
========================================================================
Received Import Request.
  Time since last request: 0.000020 seconds.
  path: Assets/0. Asset/2. Texture/0. Environment/Textures/Lava_And_Pavement_2/Lava_And_Pavement_2_Normal.png
  artifactKey: Guid(ea3640b0da7d1c44ebb45b7c9dd93e7a) Importer(815301076,1909f56bfc062723c751e8b465ee728b)
Start importing Assets/0. Asset/2. Texture/0. Environment/Textures/Lava_And_Pavement_2/Lava_And_Pavement_2_Normal.png using Guid(ea3640b0da7d1c44ebb45b7c9dd93e7a) Importer(815301076,1909f56bfc062723c751e8b465ee728b)  -> (artifact id: 'e228d5f150603c0e406a0ec3d144ad79') in 0.023055 seconds 
========================================================================
Received Import Request.
  Time since last request: 0.000026 seconds.
  path: Assets/0. Asset/2. Texture/0. Environment/Textures/Lava_And_Pavement_2/Lava_And_Pavement_2_Mask.png
  artifactKey: Guid(63838fe271f49654a8dfae79c490be39) Importer(815301076,1909f56bfc062723c751e8b465ee728b)
Start importing Assets/0. Asset/2. Texture/0. Environment/Textures/Lava_And_Pavement_2/Lava_And_Pavement_2_Mask.png using Guid(63838fe271f49654a8dfae79c490be39) Importer(815301076,1909f56bfc062723c751e8b465ee728b)  -> (artifact id: 'ee7448cf2e2a83a9659449a193b0156e') in 0.021588 seconds 
========================================================================
Received Import Request.
  Time since last request: 0.782026 seconds.
  path: Assets/0. Asset/2. Texture/0. Environment/Textures/Muddy_Cracked_Sand_6/Muddy_Cracked_Sand_6.terrainlayer
  artifactKey: Guid(6b0f5643ff292b642a6b808df41ab8cb) Importer(815301076,1909f56bfc062723c751e8b465ee728b)
Start importing Assets/0. Asset/2. Texture/0. Environment/Textures/Muddy_Cracked_Sand_6/Muddy_Cracked_Sand_6.terrainlayer using Guid(6b0f5643ff292b642a6b808df41ab8cb) Importer(815301076,1909f56bfc062723c751e8b465ee728b)  -> (artifact id: '19e2f542d72e336227f6e086d5c66f65') in 0.024117 seconds 
========================================================================
Received Import Request.
  Time since last request: 0.000027 seconds.
  path: Assets/0. Asset/2. Texture/0. Environment/Textures/Muddy_Cracked_Sand_6/Muddy_Cracked_Sand_6_Height.png
  artifactKey: Guid(ccafef53f98babf40baba0cc200e066d) Importer(815301076,1909f56bfc062723c751e8b465ee728b)
Start importing Assets/0. Asset/2. Texture/0. Environment/Textures/Muddy_Cracked_Sand_6/Muddy_Cracked_Sand_6_Height.png using Guid(ccafef53f98babf40baba0cc200e066d) Importer(815301076,1909f56bfc062723c751e8b465ee728b)  -> (artifact id: 'ba786743d6f295d67dfcab7ef47df7d0') in 0.018975 seconds 
========================================================================
Received Import Request.
  Time since last request: 0.000044 seconds.
  path: Assets/0. Asset/2. Texture/0. Environment/Textures/Muddy_Cracked_Sand_6/Muddy_Cracked_Sand_6_Roughness.png
  artifactKey: Guid(40694f742dc682343b00633fc0afa37f) Importer(815301076,1909f56bfc062723c751e8b465ee728b)
Start importing Assets/0. Asset/2. Texture/0. Environment/Textures/Muddy_Cracked_Sand_6/Muddy_Cracked_Sand_6_Roughness.png using Guid(40694f742dc682343b00633fc0afa37f) Importer(815301076,1909f56bfc062723c751e8b465ee728b)  -> (artifact id: '29d54c21901f151bdb92a06d0d18e1e5') in 0.019709 seconds 
========================================================================
Received Import Request.
  Time since last request: 0.000067 seconds.
  path: Assets/0. Asset/2. Texture/0. Environment/Textures/Muddy_Cracked_Sand_6/Muddy_Cracked_Sand_6_Mask.png
  artifactKey: Guid(a000296a66c131f4da14c0dd185b9b18) Importer(815301076,1909f56bfc062723c751e8b465ee728b)
Start importing Assets/0. Asset/2. Texture/0. Environment/Textures/Muddy_Cracked_Sand_6/Muddy_Cracked_Sand_6_Mask.png using Guid(a000296a66c131f4da14c0dd185b9b18) Importer(815301076,1909f56bfc062723c751e8b465ee728b)  -> (artifact id: 'e4ae9fe5d65e49df2a056dd4f4fe89ba') in 0.022940 seconds 
========================================================================
Received Import Request.
  Time since last request: 0.000024 seconds.
  path: Assets/0. Asset/2. Texture/0. Environment/Textures/Muddy_Cracked_Sand_6/Muddy_Cracked_Sand_6_AO.png
  artifactKey: Guid(5210e49fc7eb7cf4491155f1270c10c1) Importer(815301076,1909f56bfc062723c751e8b465ee728b)
Start importing Assets/0. Asset/2. Texture/0. Environment/Textures/Muddy_Cracked_Sand_6/Muddy_Cracked_Sand_6_AO.png using Guid(5210e49fc7eb7cf4491155f1270c10c1) Importer(815301076,1909f56bfc062723c751e8b465ee728b)  -> (artifact id: 'fbadc5fea4a0cc100f3b97a50553a23f') in 0.020167 seconds 
========================================================================
Received Import Request.
  Time since last request: 17.526889 seconds.
  path: Assets/0. Asset/2. Texture/0. Environment/Textures/Pavement_7/Pavement_7_AO.png
  artifactKey: Guid(29e25a8a54857b64ab091ef868e574d7) Importer(815301076,1909f56bfc062723c751e8b465ee728b)
Start importing Assets/0. Asset/2. Texture/0. Environment/Textures/Pavement_7/Pavement_7_AO.png using Guid(29e25a8a54857b64ab091ef868e574d7) Importer(815301076,1909f56bfc062723c751e8b465ee728b)  -> (artifact id: '316a20b173a6595e35897bf698e7cf0d') in 0.035595 seconds 
========================================================================
Received Import Request.
  Time since last request: 0.000049 seconds.
  path: Assets/0. Asset/2. Texture/0. Environment/Textures/Pavement_7/Pavement_7_Mask.png
  artifactKey: Guid(c667a2a3dde42ef4fa97ed780941d50a) Importer(815301076,1909f56bfc062723c751e8b465ee728b)
Start importing Assets/0. Asset/2. Texture/0. Environment/Textures/Pavement_7/Pavement_7_Mask.png using Guid(c667a2a3dde42ef4fa97ed780941d50a) Importer(815301076,1909f56bfc062723c751e8b465ee728b)  -> (artifact id: 'e4bb30546b94378ab808de23e712db47') in 0.035244 seconds 
========================================================================
Received Import Request.
  Time since last request: 0.000041 seconds.
  path: Assets/0. Asset/2. Texture/0. Environment/Textures/Pavement_7/Pavement_7_Normal.png
  artifactKey: Guid(71c653965fb80ef4d853be8ed5b16040) Importer(815301076,1909f56bfc062723c751e8b465ee728b)
Start importing Assets/0. Asset/2. Texture/0. Environment/Textures/Pavement_7/Pavement_7_Normal.png using Guid(71c653965fb80ef4d853be8ed5b16040) Importer(815301076,1909f56bfc062723c751e8b465ee728b)  -> (artifact id: '3ec98538abd33e0771d5bcb7f15b85c3') in 0.037068 seconds 
========================================================================
Received Import Request.
  Time since last request: 0.222612 seconds.
  path: Assets/0. Asset/2. Texture/0. Environment/Textures/Planks_Wood_16/Planks_Wood_16_AO.png
  artifactKey: Guid(87375f1c4fb1e86409d4650ba1b367ac) Importer(815301076,1909f56bfc062723c751e8b465ee728b)
Start importing Assets/0. Asset/2. Texture/0. Environment/Textures/Planks_Wood_16/Planks_Wood_16_AO.png using Guid(87375f1c4fb1e86409d4650ba1b367ac) Importer(815301076,1909f56bfc062723c751e8b465ee728b)  -> (artifact id: 'c783d637f650803c50f9a32c3f348ca3') in 0.027615 seconds 
========================================================================
Received Import Request.
  Time since last request: 0.000043 seconds.
  path: Assets/0. Asset/2. Texture/0. Environment/Textures/Planks_Wood_16/Planks_Wood_16_Metallic.png
  artifactKey: Guid(98762c2bc4c74434db0f161723d632b5) Importer(815301076,1909f56bfc062723c751e8b465ee728b)
Start importing Assets/0. Asset/2. Texture/0. Environment/Textures/Planks_Wood_16/Planks_Wood_16_Metallic.png using Guid(98762c2bc4c74434db0f161723d632b5) Importer(815301076,1909f56bfc062723c751e8b465ee728b)  -> (artifact id: '8792cd70d93ad0f8b8970b18104ae5f2') in 0.038973 seconds 
========================================================================
Received Import Request.
  Time since last request: 0.314271 seconds.
  path: Assets/0. Asset/2. Texture/0. Environment/Textures/Rippled_Sand_2/Rippled_Sand_2_AO.png
  artifactKey: Guid(ed42eb536aa04544c8e30d56f5fee177) Importer(815301076,1909f56bfc062723c751e8b465ee728b)
Start importing Assets/0. Asset/2. Texture/0. Environment/Textures/Rippled_Sand_2/Rippled_Sand_2_AO.png using Guid(ed42eb536aa04544c8e30d56f5fee177) Importer(815301076,1909f56bfc062723c751e8b465ee728b)  -> (artifact id: 'a00c78a6eaaeb0523f253f4da6c26576') in 0.079156 seconds 
========================================================================
Received Import Request.
  Time since last request: 0.000047 seconds.
  path: Assets/0. Asset/2. Texture/0. Environment/Textures/Rippled_Sand_2/Rippled_Sand_2_Mask.png
  artifactKey: Guid(b8cb36d976948ee4db8964941cf5a204) Importer(815301076,1909f56bfc062723c751e8b465ee728b)
Start importing Assets/0. Asset/2. Texture/0. Environment/Textures/Rippled_Sand_2/Rippled_Sand_2_Mask.png using Guid(b8cb36d976948ee4db8964941cf5a204) Importer(815301076,1909f56bfc062723c751e8b465ee728b)  -> (artifact id: '8195df7fb1f727dfacf9dc0b73afecb9') in 0.035901 seconds 
========================================================================
Received Import Request.
  Time since last request: 0.155526 seconds.
  path: Assets/0. Asset/2. Texture/0. Environment/Textures/Rocky_Dirt_2/Rocky_Dirt_2_AO.png
  artifactKey: Guid(76e26ed63694d264a997e4ebeea30529) Importer(815301076,1909f56bfc062723c751e8b465ee728b)
Start importing Assets/0. Asset/2. Texture/0. Environment/Textures/Rocky_Dirt_2/Rocky_Dirt_2_AO.png using Guid(76e26ed63694d264a997e4ebeea30529) Importer(815301076,1909f56bfc062723c751e8b465ee728b)  -> (artifact id: 'd03909d2388d9b7304a391f2c873a3ad') in 0.023195 seconds 
========================================================================
Received Import Request.
  Time since last request: 0.000031 seconds.
  path: Assets/0. Asset/2. Texture/0. Environment/Textures/Rocky_Dirt_2/Rocky_Dirt_2_Normal.png
  artifactKey: Guid(15bfbda3d1778b8429155790dfbe98de) Importer(815301076,1909f56bfc062723c751e8b465ee728b)
Start importing Assets/0. Asset/2. Texture/0. Environment/Textures/Rocky_Dirt_2/Rocky_Dirt_2_Normal.png using Guid(15bfbda3d1778b8429155790dfbe98de) Importer(815301076,1909f56bfc062723c751e8b465ee728b)  -> (artifact id: '82de6f17e2ca94627e88845cc9774fc9') in 0.048368 seconds 
========================================================================
Received Import Request.
  Time since last request: 35.396548 seconds.
  path: Assets/0. Asset/2. Texture/0. Environment/Textures/Grass_37/Grass_37_Mask.png
  artifactKey: Guid(d313aa772df0ad049a31b49cd0dca36f) Importer(815301076,1909f56bfc062723c751e8b465ee728b)
Start importing Assets/0. Asset/2. Texture/0. Environment/Textures/Grass_37/Grass_37_Mask.png using Guid(d313aa772df0ad049a31b49cd0dca36f) Importer(815301076,1909f56bfc062723c751e8b465ee728b)  -> (artifact id: 'ca9cb587c8ba6c8a5356c21d8e6fe5b5') in 0.085420 seconds 
========================================================================
Received Import Request.
  Time since last request: 0.338560 seconds.
  path: Assets/0. Asset/2. Texture/0. Environment/Textures/Marble_Surface_20/Marble_Surface_20_Mask.png
  artifactKey: Guid(1dfa968e5e242204490c4cd7801d730a) Importer(815301076,1909f56bfc062723c751e8b465ee728b)
Start importing Assets/0. Asset/2. Texture/0. Environment/Textures/Marble_Surface_20/Marble_Surface_20_Mask.png using Guid(1dfa968e5e242204490c4cd7801d730a) Importer(815301076,1909f56bfc062723c751e8b465ee728b)  -> (artifact id: 'a58b16487d6c80e3f0858c2d75624c37') in 0.060895 seconds 
========================================================================
Received Import Request.
  Time since last request: 2.792689 seconds.
  path: Assets/0. Asset/2. Texture/0. Environment/Textures/Underwater_Rock_Surface_3/Underwater_Rock_Surface_3_AO.png
  artifactKey: Guid(fb0c99f1d4a4bb646b35f584d27503a1) Importer(815301076,1909f56bfc062723c751e8b465ee728b)
Start importing Assets/0. Asset/2. Texture/0. Environment/Textures/Underwater_Rock_Surface_3/Underwater_Rock_Surface_3_AO.png using Guid(fb0c99f1d4a4bb646b35f584d27503a1) Importer(815301076,1909f56bfc062723c751e8b465ee728b)  -> (artifact id: 'dbe355793136d562705fe2bcbaa4a478') in 0.044530 seconds 
========================================================================
Received Import Request.
  Time since last request: 0.000049 seconds.
  path: Assets/0. Asset/2. Texture/0. Environment/Textures/Underwater_Rock_Surface_3/Underwater_Rock_Surface_3_Roughness.png
  artifactKey: Guid(5aa4e312c844658488c384d5eedb97cc) Importer(815301076,1909f56bfc062723c751e8b465ee728b)
Start importing Assets/0. Asset/2. Texture/0. Environment/Textures/Underwater_Rock_Surface_3/Underwater_Rock_Surface_3_Roughness.png using Guid(5aa4e312c844658488c384d5eedb97cc) Importer(815301076,1909f56bfc062723c751e8b465ee728b)  -> (artifact id: '4f68e37e9bcfc3ef669945ff313dec31') in 0.043807 seconds 
========================================================================
Received Import Request.
  Time since last request: 0.659323 seconds.
  path: Assets/0. Asset/2. Texture/0. Environment/Textures/Wood_Wall_1/Wood_Wall_1_AO.png
  artifactKey: Guid(db459f1604df2a844ac6eb5c723e7364) Importer(815301076,1909f56bfc062723c751e8b465ee728b)
Start importing Assets/0. Asset/2. Texture/0. Environment/Textures/Wood_Wall_1/Wood_Wall_1_AO.png using Guid(db459f1604df2a844ac6eb5c723e7364) Importer(815301076,1909f56bfc062723c751e8b465ee728b)  -> (artifact id: '4246a072fe35651a7cae7cbfb8676d68') in 0.029145 seconds 
========================================================================
Received Import Request.
  Time since last request: 0.000026 seconds.
  path: Assets/0. Asset/2. Texture/0. Environment/Textures/Wood_Wall_1/Wood_Wall_1_Metallic.png
  artifactKey: Guid(e9f5d22a73b36be4f970dabcf7a5b572) Importer(815301076,1909f56bfc062723c751e8b465ee728b)
Start importing Assets/0. Asset/2. Texture/0. Environment/Textures/Wood_Wall_1/Wood_Wall_1_Metallic.png using Guid(e9f5d22a73b36be4f970dabcf7a5b572) Importer(815301076,1909f56bfc062723c751e8b465ee728b)  -> (artifact id: '82b877ce297b204ebdf492d2ef2dd388') in 0.069172 seconds 
========================================================================
Received Import Request.
  Time since last request: 0.467775 seconds.
  path: Assets/0. Asset/2. Texture/0. Environment/Textures/Water_6/Water_6_AO.png
  artifactKey: Guid(6fadb82ec75b087459b736a5b2b258fd) Importer(815301076,1909f56bfc062723c751e8b465ee728b)
Start importing Assets/0. Asset/2. Texture/0. Environment/Textures/Water_6/Water_6_AO.png using Guid(6fadb82ec75b087459b736a5b2b258fd) Importer(815301076,1909f56bfc062723c751e8b465ee728b)  -> (artifact id: 'dc021ad99da8db9f43f2910f7f2611fe') in 0.030940 seconds 
========================================================================
Received Import Request.
  Time since last request: 0.000053 seconds.
  path: Assets/0. Asset/2. Texture/0. Environment/Textures/Water_6/Water_6_Metallic.png
  artifactKey: Guid(0380f2a7750fe2944b4a7a4205053f0c) Importer(815301076,1909f56bfc062723c751e8b465ee728b)
Start importing Assets/0. Asset/2. Texture/0. Environment/Textures/Water_6/Water_6_Metallic.png using Guid(0380f2a7750fe2944b4a7a4205053f0c) Importer(815301076,1909f56bfc062723c751e8b465ee728b)  -> (artifact id: '0cc7da953275ba100d758e9f21be2948') in 0.040161 seconds 
========================================================================
Received Import Request.
  Time since last request: 0.686238 seconds.
  path: Assets/0. Asset/2. Texture/0. Environment/Textures/Sandy_Rock_Surface_17/Sandy_Rock_Surface_17_AO.png
  artifactKey: Guid(b064be766ba767d4cb50d792f636e626) Importer(815301076,1909f56bfc062723c751e8b465ee728b)
Start importing Assets/0. Asset/2. Texture/0. Environment/Textures/Sandy_Rock_Surface_17/Sandy_Rock_Surface_17_AO.png using Guid(b064be766ba767d4cb50d792f636e626) Importer(815301076,1909f56bfc062723c751e8b465ee728b)  -> (artifact id: '98d26124e27a6c51529627510cb22d8b') in 0.075371 seconds 
Editor requested this worker to shutdown with reason: Scaling down because of idle timeout
AssetImportWorker is now disconnected from the server
Process exiting
Exiting without the bug reporter. Application will terminate with return code 0