Using pre-set license
Built from '2021.3/staging' branch; Version is '2021.3.25f1 (68ef2c4f8861) revision 6876972'; Using compiler version '192829333'; Build Type 'Release'
OS: 'Windows 11  (10.0.22621) 64bit Professional' Language: 'ko' Physical Memory: 16055 MB
BatchMode: 1, IsHumanControllingUs: 0, StartBugReporterOnCrash: 0, Is64bit: 1, IsPro: 1

COMMAND LINE ARGUMENTS:
C:\Program Files\Unity\Hub\Editor\2021.3.25f1\Editor\Unity.exe
-adb2
-batchMode
-noUpm
-name
AssetImportWorker12
-projectPath
C:/Users/won12/OneDrive/ë¬¸ì„œ/GitHub/Racing-Game-Project/Racing Game Project
-logFile
Logs/AssetImportWorker12.log
-srvPort
65332
Successfully changed project path to: C:/Users/won12/OneDrive/ë¬¸ì„œ/GitHub/Racing-Game-Project/Racing Game Project
C:/Users/won12/OneDrive/ë¬¸ì„œ/GitHub/Racing-Game-Project/Racing Game Project
[UnityMemory] Configuration Parameters - Can be set up in boot.config
    "memorysetup-bucket-allocator-granularity=16"
    "memorysetup-bucket-allocator-bucket-count=8"
    "memorysetup-bucket-allocator-block-size=33554432"
    "memorysetup-bucket-allocator-block-count=8"
    "memorysetup-main-allocator-block-size=16777216"
    "memorysetup-thread-allocator-block-size=16777216"
    "memorysetup-gfx-main-allocator-block-size=16777216"
    "memorysetup-gfx-thread-allocator-block-size=16777216"
    "memorysetup-cache-allocator-block-size=4194304"
    "memorysetup-typetree-allocator-block-size=2097152"
    "memorysetup-profiler-bucket-allocator-granularity=16"
    "memorysetup-profiler-bucket-allocator-bucket-count=8"
    "memorysetup-profiler-bucket-allocator-block-size=33554432"
    "memorysetup-profiler-bucket-allocator-block-count=8"
    "memorysetup-profiler-allocator-block-size=16777216"
    "memorysetup-profiler-editor-allocator-block-size=1048576"
    "memorysetup-temp-allocator-size-main=16777216"
    "memorysetup-job-temp-allocator-block-size=2097152"
    "memorysetup-job-temp-allocator-block-size-background=1048576"
    "memorysetup-job-temp-allocator-reduction-small-platforms=262144"
    "memorysetup-temp-allocator-size-background-worker=32768"
    "memorysetup-temp-allocator-size-job-worker=262144"
    "memorysetup-temp-allocator-size-preload-manager=33554432"
    "memorysetup-temp-allocator-size-nav-mesh-worker=65536"
    "memorysetup-temp-allocator-size-audio-worker=65536"
    "memorysetup-temp-allocator-size-cloud-worker=32768"
    "memorysetup-temp-allocator-size-gi-baking-worker=262144"
    "memorysetup-temp-allocator-size-gfx=262144"
Player connection [17712] Host "[IP] 192.168.20.18 [Port] 0 [Flags] 2 [Guid] 747009451 [EditorId] 747009451 [Version] 1048832 [Id] WindowsEditor(7,À×ÇÊ¿øÀÌ) [Debug] 1 [PackageName] WindowsEditor [ProjectName] Editor" joined multi-casting on [225.0.0.222:54997]...

Player connection [17712] Host "[IP] 192.168.20.18 [Port] 0 [Flags] 2 [Guid] 747009451 [EditorId] 747009451 [Version] 1048832 [Id] WindowsEditor(7,À×ÇÊ¿øÀÌ) [Debug] 1 [PackageName] WindowsEditor [ProjectName] Editor" joined alternative multi-casting on [225.0.0.222:34997]...

Refreshing native plugins compatible for Editor in 68.03 ms, found 3 plugins.
Preloading 0 native plugins for Editor in 0.00 ms.
Initialize engine version: 2021.3.25f1 (68ef2c4f8861)
[Subsystems] Discovering subsystems at path C:/Program Files/Unity/Hub/Editor/2021.3.25f1/Editor/Data/Resources/UnitySubsystems
[Subsystems] Discovering subsystems at path C:/Users/won12/OneDrive/ë¬¸ì„œ/GitHub/Racing-Game-Project/Racing Game Project/Assets
GfxDevice: creating device client; threaded=0; jobified=0
Direct3D:
    Version:  Direct3D 11.0 [level 11.1]
    Renderer: NVIDIA GeForce RTX 3050 Ti Laptop GPU (ID=0x25a0)
    Vendor:   NVIDIA
    VRAM:     3978 MB
    Driver:   31.0.15.4609
Initialize mono
Mono path[0] = 'C:/Program Files/Unity/Hub/Editor/2021.3.25f1/Editor/Data/Managed'
Mono path[1] = 'C:/Program Files/Unity/Hub/Editor/2021.3.25f1/Editor/Data/MonoBleedingEdge/lib/mono/unityjit-win32'
Mono config path = 'C:/Program Files/Unity/Hub/Editor/2021.3.25f1/Editor/Data/MonoBleedingEdge/etc'
Using monoOptions --debugger-agent=transport=dt_socket,embedding=1,server=y,suspend=n,address=127.0.0.1:56364
Begin MonoManager ReloadAssembly
Registering precompiled unity dll's ...
Register platform support module: C:/Program Files/Unity/Hub/Editor/2021.3.25f1/Editor/Data/PlaybackEngines/AndroidPlayer/UnityEditor.Android.Extensions.dll
Register platform support module: C:/Program Files/Unity/Hub/Editor/2021.3.25f1/Editor/Data/PlaybackEngines/WindowsStandaloneSupport/UnityEditor.WindowsStandalone.Extensions.dll
Registered in 0.008534 seconds.
Native extension for WindowsStandalone target not found
Native extension for Android target not found
Android Extension - Scanning For ADB Devices 414 ms
Refreshing native plugins compatible for Editor in 69.38 ms, found 3 plugins.
Preloading 0 native plugins for Editor in 0.00 ms.
Mono: successfully reloaded assembly
- Completed reload, in  1.067 seconds
Domain Reload Profiling:
	ReloadAssembly (1067ms)
		BeginReloadAssembly (88ms)
			ExecutionOrderSort (0ms)
			DisableScriptedObjects (0ms)
			BackupInstance (0ms)
			ReleaseScriptingObjects (0ms)
			CreateAndSetChildDomain (1ms)
		EndReloadAssembly (875ms)
			LoadAssemblies (87ms)
			RebuildTransferFunctionScriptingTraits (0ms)
			SetupTypeCache (103ms)
			ReleaseScriptCaches (0ms)
			RebuildScriptCaches (25ms)
			SetupLoadedEditorAssemblies (695ms)
				LogAssemblyErrors (0ms)
				InitializePlatformSupportModulesInManaged (503ms)
				SetLoadedEditorAssemblies (0ms)
				RefreshPlugins (69ms)
				BeforeProcessingInitializeOnLoad (1ms)
				ProcessInitializeOnLoadAttributes (79ms)
				ProcessInitializeOnLoadMethodAttributes (43ms)
				AfterProcessingInitializeOnLoad (0ms)
				EditorAssembliesLoaded (0ms)
			ExecutionOrderSort2 (0ms)
			AwakeInstancesAfterBackupRestoration (0ms)
Platform modules already initialized, skipping
Registering precompiled user dll's ...
Registered in 0.005101 seconds.
Begin MonoManager ReloadAssembly
Symbol file LoadedFromMemory doesn't match image C:\Users\won12\OneDrive\ë¬¸ì„œ\GitHub\Racing-Game-Project\Racing Game Project\Library\PackageCache\com.unity.visualscripting@1.8.0\Editor\VisualScripting.Core\Dependencies\YamlDotNet\Unity.VisualScripting.YamlDotNet.dll
Symbol file LoadedFromMemory doesn't match image C:\Users\won12\OneDrive\ë¬¸ì„œ\GitHub\Racing-Game-Project\Racing Game Project\Library\PackageCache\com.unity.visualscripting@1.8.0\Editor\VisualScripting.Core\Dependencies\DotNetZip\Unity.VisualScripting.IonicZip.dll
Native extension for WindowsStandalone target not found
Native extension for Android target not found
Refreshing native plugins compatible for Editor in 0.38 ms, found 3 plugins.
Preloading 0 native plugins for Editor in 0.00 ms.
Mono: successfully reloaded assembly
- Completed reload, in  0.970 seconds
Domain Reload Profiling:
	ReloadAssembly (971ms)
		BeginReloadAssembly (128ms)
			ExecutionOrderSort (0ms)
			DisableScriptedObjects (5ms)
			BackupInstance (0ms)
			ReleaseScriptingObjects (0ms)
			CreateAndSetChildDomain (22ms)
		EndReloadAssembly (743ms)
			LoadAssemblies (102ms)
			RebuildTransferFunctionScriptingTraits (0ms)
			SetupTypeCache (235ms)
			ReleaseScriptCaches (0ms)
			RebuildScriptCaches (41ms)
			SetupLoadedEditorAssemblies (349ms)
				LogAssemblyErrors (0ms)
				InitializePlatformSupportModulesInManaged (19ms)
				SetLoadedEditorAssemblies (0ms)
				RefreshPlugins (0ms)
				BeforeProcessingInitializeOnLoad (69ms)
				ProcessInitializeOnLoadAttributes (235ms)
				ProcessInitializeOnLoadMethodAttributes (17ms)
				AfterProcessingInitializeOnLoad (7ms)
				EditorAssembliesLoaded (0ms)
			ExecutionOrderSort2 (0ms)
			AwakeInstancesAfterBackupRestoration (11ms)
Platform modules already initialized, skipping
========================================================================
Worker process is ready to serve import requests
Launched and connected shader compiler UnityShaderCompiler.exe after 0.05 seconds
Refreshing native plugins compatible for Editor in 0.51 ms, found 3 plugins.
Preloading 0 native plugins for Editor in 0.00 ms.
Unloading 3051 Unused Serialized files (Serialized files now loaded: 0)
Unloading 22 unused Assets / (284.4 KB). Loaded Objects now: 3534.
Memory consumption went from 126.3 MB to 126.1 MB.
Total: 2.813400 ms (FindLiveObjects: 0.190400 ms CreateObjectMapping: 0.082000 ms MarkObjects: 2.477700 ms  DeleteObjects: 0.062400 ms)

AssetImportParameters requested are different than current active one (requested -> active):
  custom:video-decoder-ogg-theora: a1e56fd34408186e4bbccfd4996cb3dc -> 
  custom:container-muxer-webm: aa71ff27fc2769a1b78a27578f13a17b -> 
  custom:container-demuxer-webm: 4f35f7cbe854078d1ac9338744f61a02 -> 
  custom:video-encoder-webm-vp8: eb34c28f22e8b96e1ab97ce403110664 -> 
  custom:video-codec-MediaFoundation-h265: 746d11721c4dcdbdad8f713fa42b33f4 -> 
  custom:audio-encoder-webm-vorbis: bf7c407c2cedff20999df2af8eb42d56 -> 
  custom:framework-win-MediaFoundation: 216162199b28c13a410421893ffa2e32 -> 
  custom:container-demuxer-ogg: 62fdf1f143b41e24485cea50d1cbac27 -> 
  custom:video-decoder-webm-vp8: 9c59270c3fd7afecdb556c50c9e8de78 -> 
  custom:audio-decoder-ogg-vorbis: bf7c407c2cedff20999df2af8eb42d56 -> 
========================================================================
Received Import Request.
  Time since last request: 1663907.105575 seconds.
  path: Assets/0. Asset/2. Texture/0. Environment/Textures/Pavement_7/Pavement_7.terrainlayer
  artifactKey: Guid(f4ce51f449c490f4981c273695188e4a) Importer(815301076,1909f56bfc062723c751e8b465ee728b)
Start importing Assets/0. Asset/2. Texture/0. Environment/Textures/Pavement_7/Pavement_7.terrainlayer using Guid(f4ce51f449c490f4981c273695188e4a) Importer(815301076,1909f56bfc062723c751e8b465ee728b)  -> (artifact id: '951e80f2edca738229641a6736592d77') in 0.140890 seconds 
========================================================================
Received Import Request.
  Time since last request: 0.209712 seconds.
  path: Assets/0. Asset/2. Texture/0. Environment/Textures/Planks_Wood_16/Planks_Wood_16.terrainlayer
  artifactKey: Guid(850b3200b7bb0ad4e816f624be35c29a) Importer(815301076,1909f56bfc062723c751e8b465ee728b)
Start importing Assets/0. Asset/2. Texture/0. Environment/Textures/Planks_Wood_16/Planks_Wood_16.terrainlayer using Guid(850b3200b7bb0ad4e816f624be35c29a) Importer(815301076,1909f56bfc062723c751e8b465ee728b)  -> (artifact id: '70f5f18ad9cb64991700c279a76e12f7') in 0.049799 seconds 
========================================================================
Received Import Request.
  Time since last request: 0.000040 seconds.
  path: Assets/0. Asset/2. Texture/0. Environment/Textures/Planks_Wood_16/Planks_Wood_16_Mask.png
  artifactKey: Guid(d591783ddd8b44641ae9bb09c2207dfd) Importer(815301076,1909f56bfc062723c751e8b465ee728b)
Start importing Assets/0. Asset/2. Texture/0. Environment/Textures/Planks_Wood_16/Planks_Wood_16_Mask.png using Guid(d591783ddd8b44641ae9bb09c2207dfd) Importer(815301076,1909f56bfc062723c751e8b465ee728b)  -> (artifact id: 'a10918775487257bb11c490afeb39c4e') in 0.064843 seconds 
========================================================================
Received Import Request.
  Time since last request: 0.268076 seconds.
  path: Assets/0. Asset/2. Texture/0. Environment/Textures/Rippled_Sand_2/Rippled_Sand_2.terrainlayer
  artifactKey: Guid(664442485bce04d40a111cbc59054c41) Importer(815301076,1909f56bfc062723c751e8b465ee728b)
Start importing Assets/0. Asset/2. Texture/0. Environment/Textures/Rippled_Sand_2/Rippled_Sand_2.terrainlayer using Guid(664442485bce04d40a111cbc59054c41) Importer(815301076,1909f56bfc062723c751e8b465ee728b)  -> (artifact id: 'c064aa71ad0a56f8f85f262564f2d541') in 0.072559 seconds 
========================================================================
Received Import Request.
  Time since last request: 0.000065 seconds.
  path: Assets/0. Asset/2. Texture/0. Environment/Textures/Rippled_Sand_2/Rippled_Sand_2_Metallic.png
  artifactKey: Guid(928131ae3931fe341a0fddd145d72ada) Importer(815301076,1909f56bfc062723c751e8b465ee728b)
Start importing Assets/0. Asset/2. Texture/0. Environment/Textures/Rippled_Sand_2/Rippled_Sand_2_Metallic.png using Guid(928131ae3931fe341a0fddd145d72ada) Importer(815301076,1909f56bfc062723c751e8b465ee728b)  -> (artifact id: '94376b61fa142020f9b735ceacdd99c4') in 0.037174 seconds 
========================================================================
Received Import Request.
  Time since last request: 0.159569 seconds.
  path: Assets/0. Asset/2. Texture/0. Environment/Textures/Rocky_Dirt_2/Rocky_Dirt_2.terrainlayer
  artifactKey: Guid(377ba99ede21ee54eb055029e8bc614a) Importer(815301076,1909f56bfc062723c751e8b465ee728b)
Start importing Assets/0. Asset/2. Texture/0. Environment/Textures/Rocky_Dirt_2/Rocky_Dirt_2.terrainlayer using Guid(377ba99ede21ee54eb055029e8bc614a) Importer(815301076,1909f56bfc062723c751e8b465ee728b)  -> (artifact id: 'e936bad75f18670678f7c6c8ac9eadc2') in 0.042303 seconds 
========================================================================
Received Import Request.
  Time since last request: 0.000061 seconds.
  path: Assets/0. Asset/2. Texture/0. Environment/Textures/Rocky_Dirt_2/Rocky_Dirt_2_Roughness.png
  artifactKey: Guid(baa0db422578dec46ac15602ee8890d0) Importer(815301076,1909f56bfc062723c751e8b465ee728b)
Start importing Assets/0. Asset/2. Texture/0. Environment/Textures/Rocky_Dirt_2/Rocky_Dirt_2_Roughness.png using Guid(baa0db422578dec46ac15602ee8890d0) Importer(815301076,1909f56bfc062723c751e8b465ee728b)  -> (artifact id: 'b30cb348a75a9e8fc64cded595a9b431') in 0.044315 seconds 
========================================================================
Received Import Request.
  Time since last request: 35.378859 seconds.
  path: Assets/0. Asset/2. Texture/0. Environment/Textures/Grass_37/Grass_37_AO.png
  artifactKey: Guid(ec3206886996c86448bca7610a271bd0) Importer(815301076,1909f56bfc062723c751e8b465ee728b)
Start importing Assets/0. Asset/2. Texture/0. Environment/Textures/Grass_37/Grass_37_AO.png using Guid(ec3206886996c86448bca7610a271bd0) Importer(815301076,1909f56bfc062723c751e8b465ee728b)  -> (artifact id: '05bb0d75b5df3e83cf5063953812e8af') in 0.058723 seconds 
========================================================================
Received Import Request.
  Time since last request: 0.000057 seconds.
  path: Assets/0. Asset/2. Texture/0. Environment/Textures/Grass_37/Grass_37_Roughness.png
  artifactKey: Guid(da4ffcd8848a5cc42abf33a4c9506672) Importer(815301076,1909f56bfc062723c751e8b465ee728b)
Start importing Assets/0. Asset/2. Texture/0. Environment/Textures/Grass_37/Grass_37_Roughness.png using Guid(da4ffcd8848a5cc42abf33a4c9506672) Importer(815301076,1909f56bfc062723c751e8b465ee728b)  -> (artifact id: '4af5c86f911198e2e0628999777fa14e') in 0.047164 seconds 
========================================================================
Received Import Request.
  Time since last request: 0.305954 seconds.
  path: Assets/0. Asset/2. Texture/0. Environment/Textures/Marble_Surface_20/Marble_Surface_20_AO.png
  artifactKey: Guid(65f4d10395a91614a9c1968ae1fcdf64) Importer(815301076,1909f56bfc062723c751e8b465ee728b)
Start importing Assets/0. Asset/2. Texture/0. Environment/Textures/Marble_Surface_20/Marble_Surface_20_AO.png using Guid(65f4d10395a91614a9c1968ae1fcdf64) Importer(815301076,1909f56bfc062723c751e8b465ee728b)  -> (artifact id: 'ed3e6564c4d57e58fb07ef1d677d4310') in 0.064947 seconds 
========================================================================
Received Import Request.
  Time since last request: 2.788533 seconds.
  path: Assets/0. Asset/2. Texture/0. Environment/Textures/Underwater_Rock_Surface_3/Underwater_Rock_Surface_3.terrainlayer
  artifactKey: Guid(b4b7bc94b059c3f4db5c472b10b26117) Importer(815301076,1909f56bfc062723c751e8b465ee728b)
Start importing Assets/0. Asset/2. Texture/0. Environment/Textures/Underwater_Rock_Surface_3/Underwater_Rock_Surface_3.terrainlayer using Guid(b4b7bc94b059c3f4db5c472b10b26117) Importer(815301076,1909f56bfc062723c751e8b465ee728b)  -> (artifact id: '376c8f71b08d8473e0a18f62679b0900') in 0.075231 seconds 
========================================================================
Received Import Request.
  Time since last request: 0.000062 seconds.
  path: Assets/0. Asset/2. Texture/0. Environment/Textures/Underwater_Rock_Surface_3/Underwater_Rock_Surface_3_Normal.png
  artifactKey: Guid(5c1d954e2c165d342b95cbd42d4ee1b4) Importer(815301076,1909f56bfc062723c751e8b465ee728b)
Start importing Assets/0. Asset/2. Texture/0. Environment/Textures/Underwater_Rock_Surface_3/Underwater_Rock_Surface_3_Normal.png using Guid(5c1d954e2c165d342b95cbd42d4ee1b4) Importer(815301076,1909f56bfc062723c751e8b465ee728b)  -> (artifact id: '7a707ddafbc0d604b4cd62610cbf4a18') in 0.046469 seconds 
========================================================================
Received Import Request.
  Time since last request: 0.628818 seconds.
  path: Assets/0. Asset/2. Texture/0. Environment/Textures/Wood_Wall_1/Wood_Wall_1.terrainlayer
  artifactKey: Guid(a874ee79af193674bb1953d3c1496a7f) Importer(815301076,1909f56bfc062723c751e8b465ee728b)
Start importing Assets/0. Asset/2. Texture/0. Environment/Textures/Wood_Wall_1/Wood_Wall_1.terrainlayer using Guid(a874ee79af193674bb1953d3c1496a7f) Importer(815301076,1909f56bfc062723c751e8b465ee728b)  -> (artifact id: '881d4e6d050ceaebcb447d07df0097d5') in 0.044173 seconds 
========================================================================
Received Import Request.
  Time since last request: 0.000048 seconds.
  path: Assets/0. Asset/2. Texture/0. Environment/Textures/Wood_Wall_1/Wood_Wall_1_Mask.png
  artifactKey: Guid(659c4e96702ccb64a8bf9435c8d62933) Importer(815301076,1909f56bfc062723c751e8b465ee728b)
Start importing Assets/0. Asset/2. Texture/0. Environment/Textures/Wood_Wall_1/Wood_Wall_1_Mask.png using Guid(659c4e96702ccb64a8bf9435c8d62933) Importer(815301076,1909f56bfc062723c751e8b465ee728b)  -> (artifact id: '1bcbfc5c648a6e0f0611011af086dd1f') in 0.040579 seconds 
========================================================================
Received Import Request.
  Time since last request: 0.000043 seconds.
  path: Assets/0. Asset/2. Texture/0. Environment/Textures/Wood_Wall_1/Wood_Wall_1_Normal.png
  artifactKey: Guid(46d26e889fa41cf48b284e3bdcbb560d) Importer(815301076,1909f56bfc062723c751e8b465ee728b)
Start importing Assets/0. Asset/2. Texture/0. Environment/Textures/Wood_Wall_1/Wood_Wall_1_Normal.png using Guid(46d26e889fa41cf48b284e3bdcbb560d) Importer(815301076,1909f56bfc062723c751e8b465ee728b)  -> (artifact id: '89bd0bd49e7266758d43cdce32d45aaa') in 0.043411 seconds 
========================================================================
Received Import Request.
  Time since last request: 0.423510 seconds.
  path: Assets/0. Asset/2. Texture/0. Environment/Textures/Water_6/Water_6.terrainlayer
  artifactKey: Guid(9510b5241cf368c40b925f6b4eac08d3) Importer(815301076,1909f56bfc062723c751e8b465ee728b)
Start importing Assets/0. Asset/2. Texture/0. Environment/Textures/Water_6/Water_6.terrainlayer using Guid(9510b5241cf368c40b925f6b4eac08d3) Importer(815301076,1909f56bfc062723c751e8b465ee728b)  -> (artifact id: '001675284495dd782f723976fd22788f') in 0.053860 seconds 
========================================================================
Received Import Request.
  Time since last request: 0.711014 seconds.
  path: Assets/0. Asset/2. Texture/0. Environment/Textures/Sandy_Rock_Surface_17/Sandy_Rock_Surface_17.terrainlayer
  artifactKey: Guid(d25e72b90da77a44c875bcadabdf8397) Importer(815301076,1909f56bfc062723c751e8b465ee728b)
Start importing Assets/0. Asset/2. Texture/0. Environment/Textures/Sandy_Rock_Surface_17/Sandy_Rock_Surface_17.terrainlayer using Guid(d25e72b90da77a44c875bcadabdf8397) Importer(815301076,1909f56bfc062723c751e8b465ee728b)  -> (artifact id: 'ce5e43a7080d87e33900e3d13b33961c') in 0.073436 seconds 
========================================================================
Received Import Request.
  Time since last request: 0.000048 seconds.
  path: Assets/0. Asset/2. Texture/0. Environment/Textures/Sandy_Rock_Surface_17/Sandy_Rock_Surface_17_Mask.png
  artifactKey: Guid(4090728ebcdce974f872492ffb231a7f) Importer(815301076,1909f56bfc062723c751e8b465ee728b)
Start importing Assets/0. Asset/2. Texture/0. Environment/Textures/Sandy_Rock_Surface_17/Sandy_Rock_Surface_17_Mask.png using Guid(4090728ebcdce974f872492ffb231a7f) Importer(815301076,1909f56bfc062723c751e8b465ee728b)  -> (artifact id: 'e69d58f1985b5e816fb590d8afe1ed44') in 0.044757 seconds 
Editor requested this worker to shutdown with reason: Scaling down because of idle timeout
AssetImportWorkerClient::OnTransportError - code=2 error=End of file
AssetImportWorker is now disconnected from the server
Process exiting
Exiting without the bug reporter. Application will terminate with return code 0