Using pre-set license
Built from '2021.3/staging' branch; Version is '2021.3.25f1 (68ef2c4f8861) revision 6876972'; Using compiler version '192829333'; Build Type 'Release'
OS: 'Windows 11  (10.0.22621) 64bit Professional' Language: 'ko' Physical Memory: 16055 MB
BatchMode: 1, IsHumanControllingUs: 0, StartBugReporterOnCrash: 0, Is64bit: 1, IsPro: 1

COMMAND LINE ARGUMENTS:
C:\Program Files\Unity\Hub\Editor\2021.3.25f1\Editor\Unity.exe
-adb2
-batchMode
-noUpm
-name
AssetImportWorker26
-projectPath
C:/Users/won12/OneDrive/ë¬¸ì„œ/GitHub/Racing-Game-Project/Racing Game Project
-logFile
Logs/AssetImportWorker26.log
-srvPort
65332
Successfully changed project path to: C:/Users/won12/OneDrive/ë¬¸ì„œ/GitHub/Racing-Game-Project/Racing Game Project
C:/Users/won12/OneDrive/ë¬¸ì„œ/GitHub/Racing-Game-Project/Racing Game Project
[UnityMemory] Configuration Parameters - Can be set up in boot.config
    "memorysetup-bucket-allocator-granularity=16"
    "memorysetup-bucket-allocator-bucket-count=8"
    "memorysetup-bucket-allocator-block-size=33554432"
    "memorysetup-bucket-allocator-block-count=8"
    "memorysetup-main-allocator-block-size=16777216"
    "memorysetup-thread-allocator-block-size=16777216"
    "memorysetup-gfx-main-allocator-block-size=16777216"
    "memorysetup-gfx-thread-allocator-block-size=16777216"
    "memorysetup-cache-allocator-block-size=4194304"
    "memorysetup-typetree-allocator-block-size=2097152"
    "memorysetup-profiler-bucket-allocator-granularity=16"
    "memorysetup-profiler-bucket-allocator-bucket-count=8"
    "memorysetup-profiler-bucket-allocator-block-size=33554432"
    "memorysetup-profiler-bucket-allocator-block-count=8"
    "memorysetup-profiler-allocator-block-size=16777216"
    "memorysetup-profiler-editor-allocator-block-size=1048576"
    "memorysetup-temp-allocator-size-main=16777216"
    "memorysetup-job-temp-allocator-block-size=2097152"
    "memorysetup-job-temp-allocator-block-size-background=1048576"
    "memorysetup-job-temp-allocator-reduction-small-platforms=262144"
    "memorysetup-temp-allocator-size-background-worker=32768"
    "memorysetup-temp-allocator-size-job-worker=262144"
    "memorysetup-temp-allocator-size-preload-manager=33554432"
    "memorysetup-temp-allocator-size-nav-mesh-worker=65536"
    "memorysetup-temp-allocator-size-audio-worker=65536"
    "memorysetup-temp-allocator-size-cloud-worker=32768"
    "memorysetup-temp-allocator-size-gi-baking-worker=262144"
    "memorysetup-temp-allocator-size-gfx=262144"
Player connection [126360] Host "[IP] 192.168.20.18 [Port] 0 [Flags] 2 [Guid] 1365667333 [EditorId] 1365667333 [Version] 1048832 [Id] WindowsEditor(7,À×ÇÊ¿øÀÌ) [Debug] 1 [PackageName] WindowsEditor [ProjectName] Editor" joined multi-casting on [225.0.0.222:54997]...

Player connection [126360] Host "[IP] 192.168.20.18 [Port] 0 [Flags] 2 [Guid] 1365667333 [EditorId] 1365667333 [Version] 1048832 [Id] WindowsEditor(7,À×ÇÊ¿øÀÌ) [Debug] 1 [PackageName] WindowsEditor [ProjectName] Editor" joined alternative multi-casting on [225.0.0.222:34997]...

Refreshing native plugins compatible for Editor in 86.84 ms, found 3 plugins.
Preloading 0 native plugins for Editor in 0.00 ms.
Initialize engine version: 2021.3.25f1 (68ef2c4f8861)
[Subsystems] Discovering subsystems at path C:/Program Files/Unity/Hub/Editor/2021.3.25f1/Editor/Data/Resources/UnitySubsystems
[Subsystems] Discovering subsystems at path C:/Users/won12/OneDrive/ë¬¸ì„œ/GitHub/Racing-Game-Project/Racing Game Project/Assets
GfxDevice: creating device client; threaded=0; jobified=0
Direct3D:
    Version:  Direct3D 11.0 [level 11.1]
    Renderer: NVIDIA GeForce RTX 3050 Ti Laptop GPU (ID=0x25a0)
    Vendor:   NVIDIA
    VRAM:     3978 MB
    Driver:   31.0.15.4609
Initialize mono
Mono path[0] = 'C:/Program Files/Unity/Hub/Editor/2021.3.25f1/Editor/Data/Managed'
Mono path[1] = 'C:/Program Files/Unity/Hub/Editor/2021.3.25f1/Editor/Data/MonoBleedingEdge/lib/mono/unityjit-win32'
Mono config path = 'C:/Program Files/Unity/Hub/Editor/2021.3.25f1/Editor/Data/MonoBleedingEdge/etc'
Using monoOptions --debugger-agent=transport=dt_socket,embedding=1,server=y,suspend=n,address=127.0.0.1:56028
Begin MonoManager ReloadAssembly
Registering precompiled unity dll's ...
Register platform support module: C:/Program Files/Unity/Hub/Editor/2021.3.25f1/Editor/Data/PlaybackEngines/AndroidPlayer/UnityEditor.Android.Extensions.dll
Register platform support module: C:/Program Files/Unity/Hub/Editor/2021.3.25f1/Editor/Data/PlaybackEngines/WindowsStandaloneSupport/UnityEditor.WindowsStandalone.Extensions.dll
Registered in 0.006769 seconds.
Native extension for WindowsStandalone target not found
Native extension for Android target not found
Android Extension - Scanning For ADB Devices 520 ms
Refreshing native plugins compatible for Editor in 79.31 ms, found 3 plugins.
Preloading 0 native plugins for Editor in 0.00 ms.
Mono: successfully reloaded assembly
- Completed reload, in  1.397 seconds
Domain Reload Profiling:
	ReloadAssembly (1398ms)
		BeginReloadAssembly (132ms)
			ExecutionOrderSort (0ms)
			DisableScriptedObjects (0ms)
			BackupInstance (0ms)
			ReleaseScriptingObjects (0ms)
			CreateAndSetChildDomain (1ms)
		EndReloadAssembly (1139ms)
			LoadAssemblies (132ms)
			RebuildTransferFunctionScriptingTraits (0ms)
			SetupTypeCache (140ms)
			ReleaseScriptCaches (0ms)
			RebuildScriptCaches (32ms)
			SetupLoadedEditorAssemblies (902ms)
				LogAssemblyErrors (0ms)
				InitializePlatformSupportModulesInManaged (637ms)
				SetLoadedEditorAssemblies (0ms)
				RefreshPlugins (79ms)
				BeforeProcessingInitializeOnLoad (2ms)
				ProcessInitializeOnLoadAttributes (116ms)
				ProcessInitializeOnLoadMethodAttributes (68ms)
				AfterProcessingInitializeOnLoad (0ms)
				EditorAssembliesLoaded (0ms)
			ExecutionOrderSort2 (0ms)
			AwakeInstancesAfterBackupRestoration (0ms)
Platform modules already initialized, skipping
Registering precompiled user dll's ...
Registered in 0.007222 seconds.
Begin MonoManager ReloadAssembly
Symbol file LoadedFromMemory doesn't match image C:\Users\won12\OneDrive\ë¬¸ì„œ\GitHub\Racing-Game-Project\Racing Game Project\Library\PackageCache\com.unity.visualscripting@1.8.0\Editor\VisualScripting.Core\Dependencies\YamlDotNet\Unity.VisualScripting.YamlDotNet.dll
Symbol file LoadedFromMemory doesn't match image C:\Users\won12\OneDrive\ë¬¸ì„œ\GitHub\Racing-Game-Project\Racing Game Project\Library\PackageCache\com.unity.visualscripting@1.8.0\Editor\VisualScripting.Core\Dependencies\DotNetZip\Unity.VisualScripting.IonicZip.dll
Native extension for WindowsStandalone target not found
Native extension for Android target not found
Refreshing native plugins compatible for Editor in 0.55 ms, found 3 plugins.
Preloading 0 native plugins for Editor in 0.00 ms.
Mono: successfully reloaded assembly
- Completed reload, in  1.257 seconds
Domain Reload Profiling:
	ReloadAssembly (1258ms)
		BeginReloadAssembly (135ms)
			ExecutionOrderSort (0ms)
			DisableScriptedObjects (6ms)
			BackupInstance (0ms)
			ReleaseScriptingObjects (0ms)
			CreateAndSetChildDomain (20ms)
		EndReloadAssembly (998ms)
			LoadAssemblies (107ms)
			RebuildTransferFunctionScriptingTraits (0ms)
			SetupTypeCache (404ms)
			ReleaseScriptCaches (0ms)
			RebuildScriptCaches (54ms)
			SetupLoadedEditorAssemblies (388ms)
				LogAssemblyErrors (0ms)
				InitializePlatformSupportModulesInManaged (23ms)
				SetLoadedEditorAssemblies (0ms)
				RefreshPlugins (1ms)
				BeforeProcessingInitializeOnLoad (91ms)
				ProcessInitializeOnLoadAttributes (241ms)
				ProcessInitializeOnLoadMethodAttributes (24ms)
				AfterProcessingInitializeOnLoad (8ms)
				EditorAssembliesLoaded (0ms)
			ExecutionOrderSort2 (0ms)
			AwakeInstancesAfterBackupRestoration (14ms)
Platform modules already initialized, skipping
========================================================================
Worker process is ready to serve import requests
Launched and connected shader compiler UnityShaderCompiler.exe after 0.09 seconds
Refreshing native plugins compatible for Editor in 0.60 ms, found 3 plugins.
Preloading 0 native plugins for Editor in 0.00 ms.
Unloading 3051 Unused Serialized files (Serialized files now loaded: 0)
Unloading 22 unused Assets / (284.3 KB). Loaded Objects now: 3535.
Memory consumption went from 126.0 MB to 125.7 MB.
Total: 2.971100 ms (FindLiveObjects: 0.229800 ms CreateObjectMapping: 0.085000 ms MarkObjects: 2.587900 ms  DeleteObjects: 0.067200 ms)

AssetImportParameters requested are different than current active one (requested -> active):
  custom:video-decoder-ogg-theora: a1e56fd34408186e4bbccfd4996cb3dc -> 
  custom:container-muxer-webm: aa71ff27fc2769a1b78a27578f13a17b -> 
  custom:container-demuxer-webm: 4f35f7cbe854078d1ac9338744f61a02 -> 
  custom:video-encoder-webm-vp8: eb34c28f22e8b96e1ab97ce403110664 -> 
  custom:video-codec-MediaFoundation-h265: 746d11721c4dcdbdad8f713fa42b33f4 -> 
  custom:audio-encoder-webm-vorbis: bf7c407c2cedff20999df2af8eb42d56 -> 
  custom:framework-win-MediaFoundation: 216162199b28c13a410421893ffa2e32 -> 
  custom:container-demuxer-ogg: 62fdf1f143b41e24485cea50d1cbac27 -> 
  custom:video-decoder-webm-vp8: 9c59270c3fd7afecdb556c50c9e8de78 -> 
  custom:audio-decoder-ogg-vorbis: bf7c407c2cedff20999df2af8eb42d56 -> 
========================================================================
Received Import Request.
  Time since last request: 1666402.291724 seconds.
  path: Assets/0. Asset/3. Building/0. Desert Building/Desert Buildings/Materials/Desert_Building_V3.mat
  artifactKey: Guid(77caf1b58573ebc4c91a392c11d5984f) Importer(815301076,1909f56bfc062723c751e8b465ee728b)
Start importing Assets/0. Asset/3. Building/0. Desert Building/Desert Buildings/Materials/Desert_Building_V3.mat using Guid(77caf1b58573ebc4c91a392c11d5984f) Importer(815301076,1909f56bfc062723c751e8b465ee728b)  -> (artifact id: 'e058916139aa207aa2a7c3e94d1f403e') in 0.158548 seconds 
========================================================================
Received Import Request.
  Time since last request: 353.905739 seconds.
  path: Assets/0. Asset/3. Building/0. Desert Building/Desert Buildings/Prefabs/Desert_Building_V1.prefab
  artifactKey: Guid(36f3c19a7597eb94987d9f341e3010eb) Importer(815301076,1909f56bfc062723c751e8b465ee728b)
Start importing Assets/0. Asset/3. Building/0. Desert Building/Desert Buildings/Prefabs/Desert_Building_V1.prefab using Guid(36f3c19a7597eb94987d9f341e3010eb) Importer(815301076,1909f56bfc062723c751e8b465ee728b)  -> (artifact id: '895fe5c5deaeff682ad5c30c2db7b082') in 0.090738 seconds 
========================================================================
Received Import Request.
  Time since last request: 0.000030 seconds.
  path: Assets/0. Asset/3. Building/0. Desert Building/Desert Buildings/Prefabs/Desert_Building_V5.prefab
  artifactKey: Guid(3cc32b211ba11174199a64a41ce904c2) Importer(815301076,1909f56bfc062723c751e8b465ee728b)
Start importing Assets/0. Asset/3. Building/0. Desert Building/Desert Buildings/Prefabs/Desert_Building_V5.prefab using Guid(3cc32b211ba11174199a64a41ce904c2) Importer(815301076,1909f56bfc062723c751e8b465ee728b)  -> (artifact id: '66ddfc7c860cc5d6758b76425e11e611') in 0.036044 seconds 
========================================================================
Received Import Request.
  Time since last request: 0.000066 seconds.
  path: Assets/0. Asset/3. Building/0. Desert Building/Desert Buildings/Prefabs/Desert_Building_V4.prefab
  artifactKey: Guid(e3deda9cbdf55484a80b96efb01909cd) Importer(815301076,1909f56bfc062723c751e8b465ee728b)
Start importing Assets/0. Asset/3. Building/0. Desert Building/Desert Buildings/Prefabs/Desert_Building_V4.prefab using Guid(e3deda9cbdf55484a80b96efb01909cd) Importer(815301076,1909f56bfc062723c751e8b465ee728b)  -> (artifact id: '1d6c43d181c0a851c2eecf41ef55aae6') in 0.037442 seconds 
========================================================================
Received Import Request.
  Time since last request: 4.864161 seconds.
  path: Assets/0. Asset/3. Building/0. Desert Building/Desert Buildings/Prefabs/Desert_Building_V2.prefab
  artifactKey: Guid(9923332096aa0a54587e28f246da49de) Importer(815301076,1909f56bfc062723c751e8b465ee728b)
Start importing Assets/0. Asset/3. Building/0. Desert Building/Desert Buildings/Prefabs/Desert_Building_V2.prefab using Guid(9923332096aa0a54587e28f246da49de) Importer(815301076,1909f56bfc062723c751e8b465ee728b)  -> (artifact id: '04ad81c0caf5873b1e05fb53ba63ffe2') in 0.052176 seconds 
========================================================================
Received Import Request.
  Time since last request: 30.865866 seconds.
  path: Assets/DinV_Studio
  artifactKey: Guid(5ffb5f5fc2f8e1b46b28c379c7706235) Importer(815301076,1909f56bfc062723c751e8b465ee728b)
Start importing Assets/DinV_Studio using Guid(5ffb5f5fc2f8e1b46b28c379c7706235) Importer(815301076,1909f56bfc062723c751e8b465ee728b)  -> (artifact id: '8b89188286b3740293767e0ce8c51da7') in 0.015779 seconds 
========================================================================
Received Import Request.
  Time since last request: 5.552470 seconds.
  path: Assets/0. Asset/Poly_Low_Trees_Pack_FREE
  artifactKey: Guid(eb63b37a248635f419fc2365495fdfc7) Importer(815301076,1909f56bfc062723c751e8b465ee728b)
Start importing Assets/0. Asset/Poly_Low_Trees_Pack_FREE using Guid(eb63b37a248635f419fc2365495fdfc7) Importer(815301076,1909f56bfc062723c751e8b465ee728b)  -> (artifact id: '5148b83ce03153e3d0f3ec4eb34c90fb') in 0.016193 seconds 
========================================================================
Received Import Request.
  Time since last request: 3.778959 seconds.
  path: Assets/0. Asset/4. Tree
  artifactKey: Guid(eb63b37a248635f419fc2365495fdfc7) Importer(815301076,1909f56bfc062723c751e8b465ee728b)
Start importing Assets/0. Asset/4. Tree using Guid(eb63b37a248635f419fc2365495fdfc7) Importer(815301076,1909f56bfc062723c751e8b465ee728b)  -> (artifact id: 'd5e6a8320214420047d402ce9e450c95') in 0.020874 seconds 
========================================================================
Received Import Request.
  Time since last request: 2.314855 seconds.
  path: Assets/0. Asset/4. Tree/Prefabs
  artifactKey: Guid(71a6468c9a88e914fa075782b59d2a65) Importer(815301076,1909f56bfc062723c751e8b465ee728b)
Start importing Assets/0. Asset/4. Tree/Prefabs using Guid(71a6468c9a88e914fa075782b59d2a65) Importer(815301076,1909f56bfc062723c751e8b465ee728b)  -> (artifact id: 'e55a1098e30b1dfda867708d3e2da965') in 0.004422 seconds 
========================================================================
Received Import Request.
  Time since last request: 1.109472 seconds.
  path: Assets/0. Asset/4. Tree/Prefabs/Apple_Trees
  artifactKey: Guid(4f7cbdb1e4de1924eab20cad2e73d61b) Importer(815301076,1909f56bfc062723c751e8b465ee728b)
Start importing Assets/0. Asset/4. Tree/Prefabs/Apple_Trees using Guid(4f7cbdb1e4de1924eab20cad2e73d61b) Importer(815301076,1909f56bfc062723c751e8b465ee728b)  -> (artifact id: 'b4e877428cb0772d738881cf01163a66') in 0.018154 seconds 
========================================================================
Received Import Request.
  Time since last request: 0.065670 seconds.
  path: Assets/0. Asset/4. Tree/Prefabs/Apple_Trees/Apple_Tree_08.prefab
  artifactKey: Guid(e7a796742987f0e45a330d734d0d8d22) Importer(815301076,1909f56bfc062723c751e8b465ee728b)
Start importing Assets/0. Asset/4. Tree/Prefabs/Apple_Trees/Apple_Tree_08.prefab using Guid(e7a796742987f0e45a330d734d0d8d22) Importer(815301076,1909f56bfc062723c751e8b465ee728b)  -> (artifact id: '23c40a9608cf742a1bf8db4ceb5a54f3') in 0.272295 seconds 
========================================================================
Received Import Request.
  Time since last request: 1.514402 seconds.
  path: Assets/0. Asset/4. Tree/Prefabs/Dead_Trees/Dead_Tree_04.prefab
  artifactKey: Guid(5359aeae7eb71b74c984d2d6f18cb204) Importer(815301076,1909f56bfc062723c751e8b465ee728b)
Start importing Assets/0. Asset/4. Tree/Prefabs/Dead_Trees/Dead_Tree_04.prefab using Guid(5359aeae7eb71b74c984d2d6f18cb204) Importer(815301076,1909f56bfc062723c751e8b465ee728b)  -> (artifact id: '4b08bbc5ed1019ad9bcd8c6f20608f12') in 0.043913 seconds 
========================================================================
Received Import Request.
  Time since last request: 0.000026 seconds.
  path: Assets/0. Asset/4. Tree/Prefabs/Dead_Trees/Dead_Tree_14.prefab
  artifactKey: Guid(42e61f04f6d0c6349babd6c4d8ac5262) Importer(815301076,1909f56bfc062723c751e8b465ee728b)
Start importing Assets/0. Asset/4. Tree/Prefabs/Dead_Trees/Dead_Tree_14.prefab using Guid(42e61f04f6d0c6349babd6c4d8ac5262) Importer(815301076,1909f56bfc062723c751e8b465ee728b)  -> (artifact id: 'f9fec1259150dfb9e3757e2e757f8de1') in 0.039179 seconds 
========================================================================
Received Import Request.
  Time since last request: 0.311998 seconds.
  path: Assets/0. Asset/4. Tree/Prefabs/Cypress_Trees/Cypress_Tree_02.prefab
  artifactKey: Guid(b8ebbd1d29a39d043ae29a5ff9013f6b) Importer(815301076,1909f56bfc062723c751e8b465ee728b)
Start importing Assets/0. Asset/4. Tree/Prefabs/Cypress_Trees/Cypress_Tree_02.prefab using Guid(b8ebbd1d29a39d043ae29a5ff9013f6b) Importer(815301076,1909f56bfc062723c751e8b465ee728b)  -> (artifact id: '5669dc792361a3f41a97ad8a7572ae81') in 0.032176 seconds 
========================================================================
Received Import Request.
  Time since last request: 179.394481 seconds.
  path: Assets/0. Asset/4. Tree/Prefabs/Fir_Trees/Fir_Tree_03.prefab
  artifactKey: Guid(e9925550f2a9dbc45beeb2380ff00cfe) Importer(815301076,1909f56bfc062723c751e8b465ee728b)
Start importing Assets/0. Asset/4. Tree/Prefabs/Fir_Trees/Fir_Tree_03.prefab using Guid(e9925550f2a9dbc45beeb2380ff00cfe) Importer(815301076,1909f56bfc062723c751e8b465ee728b)  -> (artifact id: 'dbe245f97d09883961a8f1fa10f92ce7') in 0.031563 seconds 
========================================================================
Received Import Request.
  Time since last request: 0.362602 seconds.
  path: Assets/0. Asset/4. Tree/Prefabs/Palm_Trees/Palm_Tree_02.prefab
  artifactKey: Guid(15d2d855ed479c449a972b313ae0b23c) Importer(815301076,1909f56bfc062723c751e8b465ee728b)
Start importing Assets/0. Asset/4. Tree/Prefabs/Palm_Trees/Palm_Tree_02.prefab using Guid(15d2d855ed479c449a972b313ae0b23c) Importer(815301076,1909f56bfc062723c751e8b465ee728b)  -> (artifact id: 'b188ba8f177b2ef0bcd307704e277801') in 0.029513 seconds 
========================================================================
Received Import Request.
  Time since last request: 0.513444 seconds.
  path: Assets/0. Asset/4. Tree/Prefabs/Plants/Grass_02.prefab
  artifactKey: Guid(d778b36a16c31e847acb7d6a51814191) Importer(815301076,1909f56bfc062723c751e8b465ee728b)
Start importing Assets/0. Asset/4. Tree/Prefabs/Plants/Grass_02.prefab using Guid(d778b36a16c31e847acb7d6a51814191) Importer(815301076,1909f56bfc062723c751e8b465ee728b)  -> (artifact id: 'b6a836e13012eb5c45cefa36e2504e9c') in 0.034528 seconds 
========================================================================
Received Import Request.
  Time since last request: 0.000050 seconds.
  path: Assets/0. Asset/4. Tree/Prefabs/Plants/Plant_04.prefab
  artifactKey: Guid(7d225ad6cefe1a64992bbeff8be1340e) Importer(815301076,1909f56bfc062723c751e8b465ee728b)
Start importing Assets/0. Asset/4. Tree/Prefabs/Plants/Plant_04.prefab using Guid(7d225ad6cefe1a64992bbeff8be1340e) Importer(815301076,1909f56bfc062723c751e8b465ee728b)  -> (artifact id: 'ce84d65a6385bd21550a5a1185d45c6d') in 0.053999 seconds 
========================================================================
Received Import Request.
  Time since last request: 0.369357 seconds.
  path: Assets/0. Asset/4. Tree/Prefabs/Simple_Trees/Simple_Tree_01.prefab
  artifactKey: Guid(4f5bebd5807009040a1cd6854a7679e0) Importer(815301076,1909f56bfc062723c751e8b465ee728b)
Start importing Assets/0. Asset/4. Tree/Prefabs/Simple_Trees/Simple_Tree_01.prefab using Guid(4f5bebd5807009040a1cd6854a7679e0) Importer(815301076,1909f56bfc062723c751e8b465ee728b)  -> (artifact id: '9641e4b994a9fb973037eeb6df095de9') in 0.037019 seconds 
========================================================================
Received Import Request.
  Time since last request: 0.000041 seconds.
  path: Assets/0. Asset/4. Tree/Prefabs/Simple_Trees/Simple_Tree_08.prefab
  artifactKey: Guid(142d5c37e58897446a1e3583d3e938d1) Importer(815301076,1909f56bfc062723c751e8b465ee728b)
Start importing Assets/0. Asset/4. Tree/Prefabs/Simple_Trees/Simple_Tree_08.prefab using Guid(142d5c37e58897446a1e3583d3e938d1) Importer(815301076,1909f56bfc062723c751e8b465ee728b)  -> (artifact id: 'fd513e004b3e19960a6b7079e7b6bbd8') in 0.047811 seconds 
========================================================================
Received Import Request.
  Time since last request: 0.996009 seconds.
  path: Assets/0. Asset/4. Tree/Prefabs/Stones/Stone_01.prefab
  artifactKey: Guid(58bcc76d793ec894eb4d8002d736f2fe) Importer(815301076,1909f56bfc062723c751e8b465ee728b)
Start importing Assets/0. Asset/4. Tree/Prefabs/Stones/Stone_01.prefab using Guid(58bcc76d793ec894eb4d8002d736f2fe) Importer(815301076,1909f56bfc062723c751e8b465ee728b)  -> (artifact id: '38549774c0ef83de2f8b2e438d770d91') in 0.039496 seconds 
========================================================================
Received Import Request.
  Time since last request: 0.000029 seconds.
  path: Assets/0. Asset/4. Tree/Prefabs/Stones/Stone_04.prefab
  artifactKey: Guid(1c7c414971185e044841d3a1c41c50ca) Importer(815301076,1909f56bfc062723c751e8b465ee728b)
Start importing Assets/0. Asset/4. Tree/Prefabs/Stones/Stone_04.prefab using Guid(1c7c414971185e044841d3a1c41c50ca) Importer(815301076,1909f56bfc062723c751e8b465ee728b)  -> (artifact id: '9230cb07d84f43b2ddce45ed8b83e21e') in 0.039157 seconds 
========================================================================
Received Import Request.
  Time since last request: 213.730549 seconds.
  path: Assets/0. Asset/ARCADE - FREE Racing Car
  artifactKey: Guid(96dbe89822c4ebb41890befd716eb6d1) Importer(815301076,1909f56bfc062723c751e8b465ee728b)
Start importing Assets/0. Asset/ARCADE - FREE Racing Car using Guid(96dbe89822c4ebb41890befd716eb6d1) Importer(815301076,1909f56bfc062723c751e8b465ee728b)  -> (artifact id: '212c135f071fbb261877b949070d9d1f') in 0.019287 seconds 
========================================================================
Received Import Request.
  Time since last request: 3.528925 seconds.
  path: Assets/0. Asset/5. Car
  artifactKey: Guid(96dbe89822c4ebb41890befd716eb6d1) Importer(815301076,1909f56bfc062723c751e8b465ee728b)
Start importing Assets/0. Asset/5. Car using Guid(96dbe89822c4ebb41890befd716eb6d1) Importer(815301076,1909f56bfc062723c751e8b465ee728b)  -> (artifact id: 'da6891309a9daa446496e50b27cfd308') in 0.017330 seconds 
========================================================================
Received Import Request.
  Time since last request: 6.820112 seconds.
  path: Assets/0. Asset/5. Car/Prefabs (Meshes Only)
  artifactKey: Guid(87eba6af4c0e3ef4592345ff00d6be5f) Importer(815301076,1909f56bfc062723c751e8b465ee728b)
Start importing Assets/0. Asset/5. Car/Prefabs (Meshes Only) using Guid(87eba6af4c0e3ef4592345ff00d6be5f) Importer(815301076,1909f56bfc062723c751e8b465ee728b)  -> (artifact id: 'a4e77538f63bbf5688a770015750ea6b') in 0.016354 seconds 
========================================================================
Received Import Request.
  Time since last request: 0.066682 seconds.
  path: Assets/0. Asset/5. Car/Prefabs (Meshes Only)/Free Racing Car Blue Variant.prefab
  artifactKey: Guid(a9cbfe7195f75844aa7ec0619ca7616f) Importer(815301076,1909f56bfc062723c751e8b465ee728b)
Start importing Assets/0. Asset/5. Car/Prefabs (Meshes Only)/Free Racing Car Blue Variant.prefab using Guid(a9cbfe7195f75844aa7ec0619ca7616f) Importer(815301076,1909f56bfc062723c751e8b465ee728b)  -> (artifact id: '35dafa234962be34c7a183b24016a56c') in 0.259675 seconds 
========================================================================
Received Import Request.
  Time since last request: 0.000030 seconds.
  path: Assets/0. Asset/5. Car/Prefabs (Meshes Only)/Free Racing Car.prefab
  artifactKey: Guid(c4cad50aa03bbca42938fe318344950b) Importer(815301076,1909f56bfc062723c751e8b465ee728b)
Start importing Assets/0. Asset/5. Car/Prefabs (Meshes Only)/Free Racing Car.prefab using Guid(c4cad50aa03bbca42938fe318344950b) Importer(815301076,1909f56bfc062723c751e8b465ee728b)  -> (artifact id: 'bd4ac3428fc51bccd8315f8c0f01164a') in 0.046571 seconds 
========================================================================
Received Import Request.
  Time since last request: 44.423862 seconds.
  path: Assets/0. Asset/4. Tree/Materials/Poly_Low_Trees_PackFree.mat
  artifactKey: Guid(a934bb04d0f511447982e43f5f0515aa) Importer(815301076,1909f56bfc062723c751e8b465ee728b)
Start importing Assets/0. Asset/4. Tree/Materials/Poly_Low_Trees_PackFree.mat using Guid(a934bb04d0f511447982e43f5f0515aa) Importer(815301076,1909f56bfc062723c751e8b465ee728b)  -> (artifact id: 'fcc2c337aea6e21d64b392e4849d6790') in 0.034013 seconds 
Editor requested this worker to shutdown with reason: Scaling down because of idle timeout
AssetImportWorker is now disconnected from the server
Process exiting
Exiting without the bug reporter. Application will terminate with return code 0