Using pre-set license
Built from '2021.3/staging' branch; Version is '2021.3.25f1 (68ef2c4f8861) revision 6876972'; Using compiler version '192829333'; Build Type 'Release'
OS: 'Windows 11  (10.0.22621) 64bit Professional' Language: 'ko' Physical Memory: 16055 MB
BatchMode: 1, IsHumanControllingUs: 0, StartBugReporterOnCrash: 0, Is64bit: 1, IsPro: 1

COMMAND LINE ARGUMENTS:
C:\Program Files\Unity\Hub\Editor\2021.3.25f1\Editor\Unity.exe
-adb2
-batchMode
-noUpm
-name
AssetImportWorker1
-projectPath
C:/Users/won12/OneDrive/ë¬¸ì„œ/GitHub/Racing-Game-Project/Racing Game Project
-logFile
Logs/AssetImportWorker1.log
-srvPort
65332
Successfully changed project path to: C:/Users/won12/OneDrive/ë¬¸ì„œ/GitHub/Racing-Game-Project/Racing Game Project
C:/Users/won12/OneDrive/ë¬¸ì„œ/GitHub/Racing-Game-Project/Racing Game Project
[UnityMemory] Configuration Parameters - Can be set up in boot.config
    "memorysetup-bucket-allocator-granularity=16"
    "memorysetup-bucket-allocator-bucket-count=8"
    "memorysetup-bucket-allocator-block-size=33554432"
    "memorysetup-bucket-allocator-block-count=8"
    "memorysetup-main-allocator-block-size=16777216"
    "memorysetup-thread-allocator-block-size=16777216"
    "memorysetup-gfx-main-allocator-block-size=16777216"
    "memorysetup-gfx-thread-allocator-block-size=16777216"
    "memorysetup-cache-allocator-block-size=4194304"
    "memorysetup-typetree-allocator-block-size=2097152"
    "memorysetup-profiler-bucket-allocator-granularity=16"
    "memorysetup-profiler-bucket-allocator-bucket-count=8"
    "memorysetup-profiler-bucket-allocator-block-size=33554432"
    "memorysetup-profiler-bucket-allocator-block-count=8"
    "memorysetup-profiler-allocator-block-size=16777216"
    "memorysetup-profiler-editor-allocator-block-size=1048576"
    "memorysetup-temp-allocator-size-main=16777216"
    "memorysetup-job-temp-allocator-block-size=2097152"
    "memorysetup-job-temp-allocator-block-size-background=1048576"
    "memorysetup-job-temp-allocator-reduction-small-platforms=262144"
    "memorysetup-temp-allocator-size-background-worker=32768"
    "memorysetup-temp-allocator-size-job-worker=262144"
    "memorysetup-temp-allocator-size-preload-manager=33554432"
    "memorysetup-temp-allocator-size-nav-mesh-worker=65536"
    "memorysetup-temp-allocator-size-audio-worker=65536"
    "memorysetup-temp-allocator-size-cloud-worker=32768"
    "memorysetup-temp-allocator-size-gi-baking-worker=262144"
    "memorysetup-temp-allocator-size-gfx=262144"
Player connection [43908] Host "[IP] 192.168.20.18 [Port] 0 [Flags] 2 [Guid] 616626920 [EditorId] 616626920 [Version] 1048832 [Id] WindowsEditor(7,À×ÇÊ¿øÀÌ) [Debug] 1 [PackageName] WindowsEditor [ProjectName] Editor" joined multi-casting on [225.0.0.222:54997]...

Player connection [43908] Host "[IP] 192.168.20.18 [Port] 0 [Flags] 2 [Guid] 616626920 [EditorId] 616626920 [Version] 1048832 [Id] WindowsEditor(7,À×ÇÊ¿øÀÌ) [Debug] 1 [PackageName] WindowsEditor [ProjectName] Editor" joined alternative multi-casting on [225.0.0.222:34997]...

Refreshing native plugins compatible for Editor in 78.98 ms, found 3 plugins.
Preloading 0 native plugins for Editor in 0.00 ms.
Initialize engine version: 2021.3.25f1 (68ef2c4f8861)
[Subsystems] Discovering subsystems at path C:/Program Files/Unity/Hub/Editor/2021.3.25f1/Editor/Data/Resources/UnitySubsystems
[Subsystems] Discovering subsystems at path C:/Users/won12/OneDrive/ë¬¸ì„œ/GitHub/Racing-Game-Project/Racing Game Project/Assets
GfxDevice: creating device client; threaded=0; jobified=0
Direct3D:
    Version:  Direct3D 11.0 [level 11.1]
    Renderer: NVIDIA GeForce RTX 3050 Ti Laptop GPU (ID=0x25a0)
    Vendor:   NVIDIA
    VRAM:     3978 MB
    Driver:   31.0.15.4609
Initialize mono
Mono path[0] = 'C:/Program Files/Unity/Hub/Editor/2021.3.25f1/Editor/Data/Managed'
Mono path[1] = 'C:/Program Files/Unity/Hub/Editor/2021.3.25f1/Editor/Data/MonoBleedingEdge/lib/mono/unityjit-win32'
Mono config path = 'C:/Program Files/Unity/Hub/Editor/2021.3.25f1/Editor/Data/MonoBleedingEdge/etc'
Using monoOptions --debugger-agent=transport=dt_socket,embedding=1,server=y,suspend=n,address=127.0.0.1:56044
Begin MonoManager ReloadAssembly
Registering precompiled unity dll's ...
Register platform support module: C:/Program Files/Unity/Hub/Editor/2021.3.25f1/Editor/Data/PlaybackEngines/AndroidPlayer/UnityEditor.Android.Extensions.dll
Register platform support module: C:/Program Files/Unity/Hub/Editor/2021.3.25f1/Editor/Data/PlaybackEngines/WindowsStandaloneSupport/UnityEditor.WindowsStandalone.Extensions.dll
Registered in 0.010625 seconds.
Native extension for WindowsStandalone target not found
Native extension for Android target not found
Android Extension - Scanning For ADB Devices 474 ms
Refreshing native plugins compatible for Editor in 80.32 ms, found 3 plugins.
Preloading 0 native plugins for Editor in 0.00 ms.
Mono: successfully reloaded assembly
- Completed reload, in  1.858 seconds
Domain Reload Profiling:
	ReloadAssembly (1859ms)
		BeginReloadAssembly (137ms)
			ExecutionOrderSort (0ms)
			DisableScriptedObjects (0ms)
			BackupInstance (0ms)
			ReleaseScriptingObjects (0ms)
			CreateAndSetChildDomain (1ms)
		EndReloadAssembly (1604ms)
			LoadAssemblies (134ms)
			RebuildTransferFunctionScriptingTraits (0ms)
			SetupTypeCache (147ms)
			ReleaseScriptCaches (0ms)
			RebuildScriptCaches (55ms)
			SetupLoadedEditorAssemblies (1315ms)
				LogAssemblyErrors (0ms)
				InitializePlatformSupportModulesInManaged (1079ms)
				SetLoadedEditorAssemblies (0ms)
				RefreshPlugins (80ms)
				BeforeProcessingInitializeOnLoad (1ms)
				ProcessInitializeOnLoadAttributes (99ms)
				ProcessInitializeOnLoadMethodAttributes (54ms)
				AfterProcessingInitializeOnLoad (0ms)
				EditorAssembliesLoaded (0ms)
			ExecutionOrderSort2 (0ms)
			AwakeInstancesAfterBackupRestoration (0ms)
Platform modules already initialized, skipping
Registering precompiled user dll's ...
Registered in 0.006357 seconds.
Begin MonoManager ReloadAssembly
Symbol file LoadedFromMemory doesn't match image C:\Users\won12\OneDrive\ë¬¸ì„œ\GitHub\Racing-Game-Project\Racing Game Project\Library\PackageCache\com.unity.visualscripting@1.8.0\Editor\VisualScripting.Core\Dependencies\YamlDotNet\Unity.VisualScripting.YamlDotNet.dll
Symbol file LoadedFromMemory doesn't match image C:\Users\won12\OneDrive\ë¬¸ì„œ\GitHub\Racing-Game-Project\Racing Game Project\Library\PackageCache\com.unity.visualscripting@1.8.0\Editor\VisualScripting.Core\Dependencies\DotNetZip\Unity.VisualScripting.IonicZip.dll
Native extension for WindowsStandalone target not found
Native extension for Android target not found
Refreshing native plugins compatible for Editor in 0.50 ms, found 3 plugins.
Preloading 0 native plugins for Editor in 0.00 ms.
Mono: successfully reloaded assembly
- Completed reload, in  1.247 seconds
Domain Reload Profiling:
	ReloadAssembly (1248ms)
		BeginReloadAssembly (139ms)
			ExecutionOrderSort (0ms)
			DisableScriptedObjects (6ms)
			BackupInstance (0ms)
			ReleaseScriptingObjects (0ms)
			CreateAndSetChildDomain (23ms)
		EndReloadAssembly (985ms)
			LoadAssemblies (146ms)
			RebuildTransferFunctionScriptingTraits (0ms)
			SetupTypeCache (283ms)
			ReleaseScriptCaches (0ms)
			RebuildScriptCaches (64ms)
			SetupLoadedEditorAssemblies (441ms)
				LogAssemblyErrors (0ms)
				InitializePlatformSupportModulesInManaged (26ms)
				SetLoadedEditorAssemblies (0ms)
				RefreshPlugins (1ms)
				BeforeProcessingInitializeOnLoad (92ms)
				ProcessInitializeOnLoadAttributes (293ms)
				ProcessInitializeOnLoadMethodAttributes (19ms)
				AfterProcessingInitializeOnLoad (10ms)
				EditorAssembliesLoaded (0ms)
			ExecutionOrderSort2 (0ms)
			AwakeInstancesAfterBackupRestoration (16ms)
Platform modules already initialized, skipping
========================================================================
Worker process is ready to serve import requests
Launched and connected shader compiler UnityShaderCompiler.exe after 0.12 seconds
Refreshing native plugins compatible for Editor in 0.42 ms, found 3 plugins.
Preloading 0 native plugins for Editor in 0.00 ms.
Unloading 3050 Unused Serialized files (Serialized files now loaded: 0)
Unloading 22 unused Assets / (284.1 KB). Loaded Objects now: 3515.
Memory consumption went from 113.8 MB to 113.6 MB.
Total: 3.449300 ms (FindLiveObjects: 0.204400 ms CreateObjectMapping: 0.095800 ms MarkObjects: 3.059300 ms  DeleteObjects: 0.088900 ms)

AssetImportParameters requested are different than current active one (requested -> active):
  custom:video-decoder-ogg-theora: a1e56fd34408186e4bbccfd4996cb3dc -> 
  custom:container-muxer-webm: aa71ff27fc2769a1b78a27578f13a17b -> 
  custom:container-demuxer-webm: 4f35f7cbe854078d1ac9338744f61a02 -> 
  custom:video-encoder-webm-vp8: eb34c28f22e8b96e1ab97ce403110664 -> 
  custom:video-codec-MediaFoundation-h265: 746d11721c4dcdbdad8f713fa42b33f4 -> 
  custom:audio-encoder-webm-vorbis: bf7c407c2cedff20999df2af8eb42d56 -> 
  custom:framework-win-MediaFoundation: 216162199b28c13a410421893ffa2e32 -> 
  custom:container-demuxer-ogg: 62fdf1f143b41e24485cea50d1cbac27 -> 
  custom:video-decoder-webm-vp8: 9c59270c3fd7afecdb556c50c9e8de78 -> 
  custom:audio-decoder-ogg-vorbis: bf7c407c2cedff20999df2af8eb42d56 -> 
========================================================================
Received Import Request.
  Time since last request: 1663232.127239 seconds.
  path: Assets/0. Asset/1. Track/Track1/Meshes/Prefab_Meshes/prop_adbox_B.FBX
  artifactKey: Guid(0baf37a3d31530048a500b025d65ad7f) Importer(815301076,1909f56bfc062723c751e8b465ee728b)
Start importing Assets/0. Asset/1. Track/Track1/Meshes/Prefab_Meshes/prop_adbox_B.FBX using Guid(0baf37a3d31530048a500b025d65ad7f) Importer(815301076,1909f56bfc062723c751e8b465ee728b)  -> (artifact id: '6911b86a7afb0c0c733c6394bc527baa') in 0.658554 seconds 
========================================================================
Received Import Request.
  Time since last request: 0.000041 seconds.
  path: Assets/0. Asset/1. Track/Track1/Meshes/Prefab_Meshes/prop_baloon_D.FBX
  artifactKey: Guid(cab9e07ba6f7eec49afd902cc293b022) Importer(815301076,1909f56bfc062723c751e8b465ee728b)
Start importing Assets/0. Asset/1. Track/Track1/Meshes/Prefab_Meshes/prop_baloon_D.FBX using Guid(cab9e07ba6f7eec49afd902cc293b022) Importer(815301076,1909f56bfc062723c751e8b465ee728b)  -> (artifact id: '1008a8dd92c6c238ffe8bb6feaec00e8') in 0.059010 seconds 
========================================================================
Received Import Request.
  Time since last request: 0.000051 seconds.
  path: Assets/0. Asset/1. Track/Track1/Meshes/Prefab_Meshes/prop_baloon_G.FBX
  artifactKey: Guid(9ab688a3236b2b346ae9cf9153cd02d9) Importer(815301076,1909f56bfc062723c751e8b465ee728b)
Start importing Assets/0. Asset/1. Track/Track1/Meshes/Prefab_Meshes/prop_baloon_G.FBX using Guid(9ab688a3236b2b346ae9cf9153cd02d9) Importer(815301076,1909f56bfc062723c751e8b465ee728b)  -> (artifact id: '2a3c8a4e40aa757263fe83bac587979c') in 0.045024 seconds 
========================================================================
Received Import Request.
  Time since last request: 0.000034 seconds.
  path: Assets/0. Asset/1. Track/Track1/Meshes/Prefab_Meshes/prop_baloon_H.FBX
  artifactKey: Guid(db26bd831937b3d4db8aa6f6794296fc) Importer(815301076,1909f56bfc062723c751e8b465ee728b)
Start importing Assets/0. Asset/1. Track/Track1/Meshes/Prefab_Meshes/prop_baloon_H.FBX using Guid(db26bd831937b3d4db8aa6f6794296fc) Importer(815301076,1909f56bfc062723c751e8b465ee728b)  -> (artifact id: '039f3e1c5229782c6ad03e31f852cb41') in 0.048520 seconds 
========================================================================
Received Import Request.
  Time since last request: 0.000037 seconds.
  path: Assets/0. Asset/1. Track/Track1/Meshes/Prefab_Meshes/prop_baloon_B.FBX
  artifactKey: Guid(f45554c0bae898a45a20c7759a2c66d6) Importer(815301076,1909f56bfc062723c751e8b465ee728b)
Start importing Assets/0. Asset/1. Track/Track1/Meshes/Prefab_Meshes/prop_baloon_B.FBX using Guid(f45554c0bae898a45a20c7759a2c66d6) Importer(815301076,1909f56bfc062723c751e8b465ee728b)  -> (artifact id: '567315c9c12ce861c99a4a11bef707aa') in 0.040195 seconds 
========================================================================
Received Import Request.
  Time since last request: 0.000045 seconds.
  path: Assets/0. Asset/1. Track/Track1/Meshes/Prefab_Meshes/prop_arrow_long.FBX
  artifactKey: Guid(617e37e9cc33e0242a0b6985aa49d8b2) Importer(815301076,1909f56bfc062723c751e8b465ee728b)
Start importing Assets/0. Asset/1. Track/Track1/Meshes/Prefab_Meshes/prop_arrow_long.FBX using Guid(617e37e9cc33e0242a0b6985aa49d8b2) Importer(815301076,1909f56bfc062723c751e8b465ee728b)  -> (artifact id: '09894dbc8a269779a2867b1145067506') in 0.123894 seconds 
========================================================================
Received Import Request.
  Time since last request: 0.000035 seconds.
  path: Assets/0. Asset/1. Track/Track1/Meshes/Prefab_Meshes/prop_adbox_C.FBX
  artifactKey: Guid(584d2c4099982f34b8d019e656401324) Importer(815301076,1909f56bfc062723c751e8b465ee728b)
Start importing Assets/0. Asset/1. Track/Track1/Meshes/Prefab_Meshes/prop_adbox_C.FBX using Guid(584d2c4099982f34b8d019e656401324) Importer(815301076,1909f56bfc062723c751e8b465ee728b)  -> (artifact id: '1ae721fa214f7ff1e1c76e0a023f03dd') in 0.109732 seconds 
========================================================================
Received Import Request.
  Time since last request: 3.331077 seconds.
  path: Assets/0. Asset/1. Track/Track1/Meshes/Track_Meshes/OvalModular/oval_mod_banners.FBX
  artifactKey: Guid(2ca04fcd3c0677545a5acfe269c1f581) Importer(815301076,1909f56bfc062723c751e8b465ee728b)
Start importing Assets/0. Asset/1. Track/Track1/Meshes/Track_Meshes/OvalModular/oval_mod_banners.FBX using Guid(2ca04fcd3c0677545a5acfe269c1f581) Importer(815301076,1909f56bfc062723c751e8b465ee728b)  -> (artifact id: '99a0388b65681e88712a8ad8dcb1dece') in 0.236933 seconds 
========================================================================
Received Import Request.
  Time since last request: 0.000088 seconds.
  path: Assets/0. Asset/1. Track/Track1/Meshes/Track_Meshes/OvalModular/oval_mod_seats.FBX
  artifactKey: Guid(293f92aa499df8046aafc2ff7fe540f5) Importer(815301076,1909f56bfc062723c751e8b465ee728b)
Start importing Assets/0. Asset/1. Track/Track1/Meshes/Track_Meshes/OvalModular/oval_mod_seats.FBX using Guid(293f92aa499df8046aafc2ff7fe540f5) Importer(815301076,1909f56bfc062723c751e8b465ee728b)  -> (artifact id: 'd07ab76fc0a5077a9df6cb7055e52c9b') in 0.311211 seconds 
========================================================================
Received Import Request.
  Time since last request: 0.000046 seconds.
  path: Assets/0. Asset/1. Track/Track1/Meshes/Track_Meshes/OvalModular/oval_mod_barriers.FBX
  artifactKey: Guid(cfc9260e6c73b6e46a4e54bf6dbd9107) Importer(815301076,1909f56bfc062723c751e8b465ee728b)
Start importing Assets/0. Asset/1. Track/Track1/Meshes/Track_Meshes/OvalModular/oval_mod_barriers.FBX using Guid(cfc9260e6c73b6e46a4e54bf6dbd9107) Importer(815301076,1909f56bfc062723c751e8b465ee728b)  -> (artifact id: 'ca8045d92774d5cba7d9f751db26dc5c') in 0.104746 seconds 
========================================================================
Received Import Request.
  Time since last request: 0.000027 seconds.
  path: Assets/0. Asset/1. Track/Track1/Meshes/Track_Meshes/OvalModular/oval_mod_lamps.FBX
  artifactKey: Guid(db7a40bb7dd68c34a810723c4eadedba) Importer(815301076,1909f56bfc062723c751e8b465ee728b)
Start importing Assets/0. Asset/1. Track/Track1/Meshes/Track_Meshes/OvalModular/oval_mod_lamps.FBX using Guid(db7a40bb7dd68c34a810723c4eadedba) Importer(815301076,1909f56bfc062723c751e8b465ee728b)  -> (artifact id: 'dec7e755243ab9af52a26ccea967f301') in 0.217535 seconds 
========================================================================
Received Import Request.
  Time since last request: 0.000039 seconds.
  path: Assets/0. Asset/1. Track/Track1/Meshes/Track_Meshes/OvalModular/oval_mod_blocks.FBX
  artifactKey: Guid(ba1ffe5a639fdb04c93f5dab7a331c9e) Importer(815301076,1909f56bfc062723c751e8b465ee728b)
Start importing Assets/0. Asset/1. Track/Track1/Meshes/Track_Meshes/OvalModular/oval_mod_blocks.FBX using Guid(ba1ffe5a639fdb04c93f5dab7a331c9e) Importer(815301076,1909f56bfc062723c751e8b465ee728b)  -> (artifact id: 'd04116dc2e150c49712b882fe0c4f605') in 0.215732 seconds 
========================================================================
Received Import Request.
  Time since last request: 0.000043 seconds.
  path: Assets/0. Asset/1. Track/Track1/Meshes/Track_Meshes/OvalModular/oval_mod_buildings.FBX
  artifactKey: Guid(0cb597630d4bb8f41a434afb692968df) Importer(815301076,1909f56bfc062723c751e8b465ee728b)
Start importing Assets/0. Asset/1. Track/Track1/Meshes/Track_Meshes/OvalModular/oval_mod_buildings.FBX using Guid(0cb597630d4bb8f41a434afb692968df) Importer(815301076,1909f56bfc062723c751e8b465ee728b)  -> (artifact id: '20e1acf3b1ce53b867764ba087004584') in 0.381620 seconds 
========================================================================
Received Import Request.
  Time since last request: 2.366858 seconds.
  path: Assets/0. Asset/1. Track/Track1/Meshes/Track_Meshes/OvalModular/oval_mod_walls.FBX
  artifactKey: Guid(da5412f428dfcdf438602dca80ddfb29) Importer(815301076,1909f56bfc062723c751e8b465ee728b)
Start importing Assets/0. Asset/1. Track/Track1/Meshes/Track_Meshes/OvalModular/oval_mod_walls.FBX using Guid(da5412f428dfcdf438602dca80ddfb29) Importer(815301076,1909f56bfc062723c751e8b465ee728b)  -> (artifact id: '15f69783bbbfd672ee4dcf7aa4af23e2') in 0.679676 seconds 
========================================================================
Received Import Request.
  Time since last request: 23.400352 seconds.
  path: Assets/0. Asset/1. Track/Track1/Prefabs/Track/oval_mod_bridges.prefab
  artifactKey: Guid(bde06e7a046f3f341a9c307888b8df9a) Importer(815301076,1909f56bfc062723c751e8b465ee728b)
Start importing Assets/0. Asset/1. Track/Track1/Prefabs/Track/oval_mod_bridges.prefab using Guid(bde06e7a046f3f341a9c307888b8df9a) Importer(815301076,1909f56bfc062723c751e8b465ee728b)  -> (artifact id: '49e0fe96cd6c5f8f81a37fde1275713c') in 0.916861 seconds 
========================================================================
Received Import Request.
  Time since last request: 0.000032 seconds.
  path: Assets/0. Asset/1. Track/Track1/Prefabs/Track/oval_mod_lamps.prefab
  artifactKey: Guid(cae49809804330a498981fb4fd11d70e) Importer(815301076,1909f56bfc062723c751e8b465ee728b)
Start importing Assets/0. Asset/1. Track/Track1/Prefabs/Track/oval_mod_lamps.prefab using Guid(cae49809804330a498981fb4fd11d70e) Importer(815301076,1909f56bfc062723c751e8b465ee728b)  -> (artifact id: '387434ccaa893436f668331ec74e865c') in 0.422007 seconds 
Editor requested this worker to shutdown with reason: Scaling down because of idle timeout
AssetImportWorker is now disconnected from the server
Process exiting
Exiting without the bug reporter. Application will terminate with return code 0